#
# A fatal error has been detected by the Java Runtime Environment:
#
#  SIGSEGV (0xb) at pc=0x00007fff958460e9, pid=7830, tid=1299
#
# JRE version: Java(TM) SE Runtime Environment (7.0_67-b01) (build 1.7.0_67-b01)
# Java VM: Java HotSpot(TM) 64-Bit Server VM (24.65-b04 mixed mode bsd-amd64 compressed oops)
# Problematic frame:
# C  [libobjc.A.dylib+0x10e9]  objc_msgSend+0x29
#
# Failed to write core dump. Core dumps have been disabled. To enable core dumping, try "ulimit -c unlimited" before starting Java again
#
# If you would like to submit a bug report, please visit:
#   http://bugreport.sun.com/bugreport/crash.jsp
# The crash happened outside the Java Virtual Machine in native code.
# See problematic frame for where to report the bug.
#

---------------  T H R E A D  ---------------

Current thread (0x00007f8ce38d6800):  JavaThread "AppKit Thread" daemon [_thread_in_native, id=1299, stack(0x00007fff5ba58000,0x00007fff5bad8000)]

siginfo:si_signo=SIGSEGV: si_errno=0, si_code=1 (SEGV_MAPERR), si_addr=0x0000000000000000

Registers:
RAX=0x0000000000000000, RBX=0x00007f8ce3640030, RCX=0x0000000000000000, RDX=0x00007fff7a4d38e0
RSP=0x00007fff5bad1428, RBP=0x00007fff5bad1450, RSI=0x00007fff8e03abb2, RDI=0x00007f8ce3640030
R8 =0x0000000080000000, R9 =0x00000000000001ff, R10=0x0000000000000000, R11=0x00007f8ce4800000
R12=0x00007f8ce3477460, R13=0x00007f8ce3467220, R14=0x00007f8ce3477460, R15=0x00007fff5bad1940
RIP=0x00007fff958460e9, EFLAGS=0x0000000000010246, ERR=0x0000000000000004
  TRAPNO=0x000000000000000e

Top of Stack: (sp=0x00007fff5bad1428)
0x00007fff5bad1428:   0000000115486f4e 00007f8ce3477460
0x00007fff5bad1438:   00000001154bacb8 00007f8ce3467220
0x00007fff5bad1448:   0000000000000094 00007fff5bad1930
0x00007fff5bad1458:   00007fff8d7bf8c5 0000000000000000
0x00007fff5bad1468:   0000000000000000 4089500000000000
0x00007fff5bad1478:   4082c00000000000 0000000000000000
0x00007fff5bad1488:   0000000000000000 4089500000000000
0x00007fff5bad1498:   4082c00000000000 4089500000000000
0x00007fff5bad14a8:   4083700000000000 401c000000000000
0x00007fff5bad14b8:   4082d80000000000 402c000000000000
0x00007fff5bad14c8:   4030000000000000 401c000000000000
0x00007fff5bad14d8:   0000000000000000 0000000000000000
0x00007fff5bad14e8:   4030000000000000 00007fff8dfff33e
0x00007fff5bad14f8:   4018000000000000 00007f8ce347a470
0x00007fff5bad1508:   0000000100000000 0000000000000000
0x00007fff5bad1518:   00007f8ce3610df0 00007fff5bad1670
0x00007fff5bad1528:   00007fff8d885d16 00007fff5bad1670
0x00007fff5bad1538:   00007fff8d886802 402c000000000000
0x00007fff5bad1548:   4030000000000000 401c000000000000
0x00007fff5bad1558:   4082d80000000000 402c000000000000
0x00007fff5bad1568:   4030000000000000 0000000000000000
0x00007fff5bad1578:   0000000000000000 4089500000000000
0x00007fff5bad1588:   4083700000000000 401c000000000000
0x00007fff5bad1598:   4082d80000000000 402c000000000000
0x00007fff5bad15a8:   4030000000000000 0000000000000000
0x00007fff5bad15b8:   0000000000000000 0000000104147800
0x00007fff5bad15c8:   0000000104142000 00007fff5bad1670
0x00007fff5bad15d8:   00007fff961384ff 000000000000040a
0x00007fff5bad15e8:   0000000104142000 00007fff5bad1690
0x00007fff5bad15f8:   00007fff961384ff 00007fff5bad16ff
0x00007fff5bad1608:   0000000000000000 00007f8ce36fc080
0x00007fff5bad1618:   00007f8ce362cb70 000000000000000b 

Instructions: (pc=0x00007fff958460e9)
0x00007fff958460c9:   01 2e 75 7e 49 bb f8 ff ff ff ff 7f 00 00 4c 23
0x00007fff958460d9:   1f 49 89 f2 45 23 53 18 49 c1 e2 04 4d 03 53 10
0x00007fff958460e9:   49 3b 32 75 04 41 ff 62 08 49 83 3a 00 74 6a 4d
0x00007fff958460f9:   3b 53 10 74 0d 49 83 ea 10 49 3b 32 75 eb 41 ff 

Register to memory mapping:

RAX=0x0000000000000000 is an unknown value
RBX=0x00007f8ce3640030 is an unknown value
RCX=0x0000000000000000 is an unknown value
RDX=0x00007fff7a4d38e0: runtimeLock+0x18 in /usr/lib/libobjc.A.dylib at 0x00007fff95845000
RSP=0x00007fff5bad1428 is pointing into the stack for thread: 0x00007f8ce38d6800
RBP=0x00007fff5bad1450 is pointing into the stack for thread: 0x00007f8ce38d6800
RSI=0x00007fff8e03abb2: -[NSTitlebarContainerView shouldRoundCorners]+0x5c5a4 in /System/Library/Frameworks/AppKit.framework/Versions/C/AppKit at 0x00007fff8d671000
RDI=0x00007f8ce3640030 is an unknown value
R8 =0x0000000080000000 is an unknown value
R9 =0x00000000000001ff is an unknown value
R10=0x0000000000000000 is an unknown value
R11=0x00007f8ce4800000 is a thread
R12=0x00007f8ce3477460 is an unknown value
R13=0x00007f8ce3467220 is an unknown value
R14=0x00007f8ce3477460 is an unknown value
R15=0x00007fff5bad1940 is pointing into the stack for thread: 0x00007f8ce38d6800


Stack: [0x00007fff5ba58000,0x00007fff5bad8000],  sp=0x00007fff5bad1428,  free space=485k
Native frames: (J=compiled Java code, j=interpreted, Vv=VM code, C=native code)
C  [libobjc.A.dylib+0x10e9]  objc_msgSend+0x29
C  [AppKit+0x14e8c5]  -[NSView _recursiveDisplayRectIfNeededIgnoringOpacity:isVisibleRect:rectIsVisibleRectForView:topView:]+0x740
C  [AppKit+0x14f920]  -[NSView _recursiveDisplayRectIfNeededIgnoringOpacity:isVisibleRect:rectIsVisibleRectForView:topView:]+0x179b
C  [AppKit+0x14dc73]  -[NSThemeFrame _recursiveDisplayRectIfNeededIgnoringOpacity:isVisibleRect:rectIsVisibleRectForView:topView:]+0x14d
C  [AppKit+0x14a7cb]  -[NSView _displayRectIgnoringOpacity:isVisibleRect:rectIsVisibleRectForView:]+0xac9
C  [AppKit+0x1291ca]  -[NSView displayIfNeeded]+0x754
C  [AppKit+0x1466c5]  -[NSWindow displayIfNeeded]+0xe8
C  [AppKit+0x1838c2]  _handleWindowNeedsDisplayOrLayoutOrUpdateConstraints+0x3a8
C  [Foundation+0x67023]  __NSFireTimer+0x5f
C  [CoreFoundation+0xb5b44]  __CFRUNLOOP_IS_CALLING_OUT_TO_A_TIMER_CALLBACK_FUNCTION__+0x14
C  [CoreFoundation+0xb57d3]  __CFRunLoopDoTimer+0x423
C  [CoreFoundation+0x128d9d]  __CFRunLoopDoTimers+0x12d
C  [CoreFoundation+0x72268]  __CFRunLoopRun+0x7e8
C  [CoreFoundation+0x71838]  CFRunLoopRunSpecific+0x128
C  [HIToolbox+0x2e43f]  RunCurrentEventLoopInMode+0xeb
C  [HIToolbox+0x2e1ba]  ReceiveNextEventCommon+0x1af
C  [HIToolbox+0x2dffb]  _BlockUntilNextEventMatchingListInModeWithFilter+0x47
C  [AppKit+0x24821]  _DPSNextEvent+0x3c4
C  [AppKit+0x23fd0]  -[NSApplication nextEventMatchingMask:untilDate:inMode:dequeue:]+0xc2
C  [libosxapp.dylib+0x24e3]  -[NSApplicationAWT nextEventMatchingMask:untilDate:inMode:dequeue:]+0x7c
C  [AppKit+0x17f73]  -[NSApplication run]+0x252
C  [libosxapp.dylib+0x2346]  +[NSApplicationAWT runAWTLoopWithApp:]+0x9c
C  [liblwawt.dylib+0xd889]  -[AWTStarter starter:]+0x369
C  [Foundation+0x65f4c]  __NSThreadPerformPerform+0x125
C  [CoreFoundation+0x80661]  __CFRUNLOOP_IS_CALLING_OUT_TO_A_SOURCE0_PERFORM_FUNCTION__+0x11
C  [CoreFoundation+0x727ed]  __CFRunLoopDoSources0+0x10d
C  [CoreFoundation+0x71e1f]  __CFRunLoopRun+0x39f
C  [CoreFoundation+0x71838]  CFRunLoopRunSpecific+0x128
C  [java+0x73b0]  CreateExecutionEnvironment+0x367
C  [java+0x1b5c]  JLI_Launch+0x7a0
C  [java+0x770d]  main+0x65
C  [java+0x13b4]  start+0x34


---------------  P R O C E S S  ---------------

Java Threads: ( => current thread )
  0x00007f8ce512a800 JavaThread "Java2D Disposer" daemon [_thread_blocked, id=50771, stack(0x0000000116498000,0x0000000116598000)]
  0x00007f8ce412d000 JavaThread "AWT-Shutdown" [_thread_blocked, id=28179, stack(0x000000011264d000,0x000000011274d000)]
=>0x00007f8ce38d6800 JavaThread "AppKit Thread" daemon [_thread_in_native, id=1299, stack(0x00007fff5ba58000,0x00007fff5bad8000)]
  0x00007f8ce38bf800 JavaThread "Monitor Ctrl-Break" daemon [_thread_in_native, id=18691, stack(0x0000000110e4f000,0x0000000110f4f000)]
  0x00007f8ce3829800 JavaThread "Service Thread" daemon [_thread_blocked, id=17667, stack(0x00000001109ae000,0x0000000110aae000)]
  0x00007f8ce3828800 JavaThread "C2 CompilerThread1" daemon [_thread_blocked, id=17155, stack(0x00000001108ab000,0x00000001109ab000)]
  0x00007f8ce485e000 JavaThread "C2 CompilerThread0" daemon [_thread_blocked, id=16643, stack(0x00000001107a8000,0x00000001108a8000)]
  0x00007f8ce381b000 JavaThread "Signal Dispatcher" daemon [_thread_blocked, id=13335, stack(0x00000001106a5000,0x00000001107a5000)]
  0x00007f8ce3819800 JavaThread "Finalizer" daemon [_thread_blocked, id=11523, stack(0x000000010ed77000,0x000000010ee77000)]
  0x00007f8ce3818800 JavaThread "Reference Handler" daemon [_thread_blocked, id=11011, stack(0x000000010ec74000,0x000000010ed74000)]
  0x00007f8ce4800000 JavaThread "main" [_thread_in_native, id=4867, stack(0x000000010423e000,0x000000010433e000)]

Other Threads:
  0x00007f8ce3816000 VMThread [stack: 0x000000010eb71000,0x000000010ec71000] [id=10499]
  0x00007f8ce4867800 WatcherThread [stack: 0x0000000110ab1000,0x0000000110bb1000] [id=18179]

VM state:not at safepoint (normal execution)

VM Mutex/Monitor currently owned by a thread: None

Heap
 PSYoungGen      total 38912K, used 21163K [0x00000007d5500000, 0x00000007d8000000, 0x0000000800000000)
  eden space 33792K, 62% used [0x00000007d5500000,0x00000007d69aaff0,0x00000007d7600000)
  from space 5120K, 0% used [0x00000007d7b00000,0x00000007d7b00000,0x00000007d8000000)
  to   space 5120K, 0% used [0x00000007d7600000,0x00000007d7600000,0x00000007d7b00000)
 ParOldGen       total 87040K, used 0K [0x0000000780000000, 0x0000000785500000, 0x00000007d5500000)
  object space 87040K, 0% used [0x0000000780000000,0x0000000780000000,0x0000000785500000)
 PSPermGen       total 21504K, used 8780K [0x000000077ae00000, 0x000000077c300000, 0x0000000780000000)
  object space 21504K, 40% used [0x000000077ae00000,0x000000077b693038,0x000000077c300000)

Card table byte_map: [0x000000010871f000,0x0000000108b49000] byte_map_base: 0x0000000104b48000

Polling page: 0x000000010437d000

Code Cache  [0x000000010565f000, 0x00000001058cf000, 0x000000010865f000)
 total_blobs=436 nmethods=82 adapters=308 free_code_cache=48508Kb largest_free_block=49652800

Compilation events (10 events):
Event: 6.143 Thread 0x00007f8ce485e000   77             java.nio.DirectFloatBufferU::put (17 bytes)
Event: 6.143 Thread 0x00007f8ce3828800   76             java.nio.DirectFloatBufferU::ix (10 bytes)
Event: 6.144 Thread 0x00007f8ce3828800 nmethod 76 0x00000001056fdfd0 code [0x00000001056fe100, 0x00000001056fe178]
Event: 6.144 Thread 0x00007f8ce485e000 nmethod 77 0x00000001056fdd50 code [0x00000001056fde80, 0x00000001056fdf38]
Event: 6.993 Thread 0x00007f8ce3828800   79             java.nio.Buffer::remaining (10 bytes)
Event: 6.994 Thread 0x00007f8ce3828800 nmethod 79 0x00000001056fdb50 code [0x00000001056fdc80, 0x00000001056fdcd8]
Event: 8.210 Thread 0x00007f8ce485e000   81             org.lwjgl.opengl.APIUtil::encode (58 bytes)
Event: 8.214 Thread 0x00007f8ce485e000 nmethod 81 0x00000001056ffa50 code [0x00000001056ffba0, 0x00000001056ffe98]
Event: 8.589 Thread 0x00007f8ce3828800   82             java.nio.Buffer::position (43 bytes)
Event: 8.589 Thread 0x00007f8ce3828800 nmethod 82 0x00000001056fd4d0 code [0x00000001056fd600, 0x00000001056fd698]

GC Heap History (0 events):
No events

Deoptimization events (0 events):
No events

Internal exceptions (10 events):
Event: 0.909 Thread 0x00007f8ce4800000 Threw 0x00000007d6883e80 at /HUDSON/workspace/7u-2-build-macosx-x86_64/jdk7u67/1368/hotspot/src/share/vm/prims/jvm.cpp:1244
Event: 0.909 Thread 0x00007f8ce4800000 Threw 0x00000007d6889100 at /HUDSON/workspace/7u-2-build-macosx-x86_64/jdk7u67/1368/hotspot/src/share/vm/prims/jvm.cpp:1244
Event: 0.910 Thread 0x00007f8ce4800000 Threw 0x00000007d688d9c8 at /HUDSON/workspace/7u-2-build-macosx-x86_64/jdk7u67/1368/hotspot/src/share/vm/prims/jvm.cpp:1244
Event: 0.910 Thread 0x00007f8ce4800000 Threw 0x00000007d6892ef0 at /HUDSON/workspace/7u-2-build-macosx-x86_64/jdk7u67/1368/hotspot/src/share/vm/prims/jvm.cpp:1244
Event: 0.928 Thread 0x00007f8ce4800000 Threw 0x00000007d689b780 at /HUDSON/workspace/7u-2-build-macosx-x86_64/jdk7u67/1368/hotspot/src/share/vm/prims/jvm.cpp:1244
Event: 0.928 Thread 0x00007f8ce4800000 Threw 0x00000007d689f7c8 at /HUDSON/workspace/7u-2-build-macosx-x86_64/jdk7u67/1368/hotspot/src/share/vm/prims/jvm.cpp:1244
Event: 0.937 Thread 0x00007f8ce4800000 Threw 0x00000007d68ad8c0 at /HUDSON/workspace/7u-2-build-macosx-x86_64/jdk7u67/1368/hotspot/src/share/vm/prims/jvm.cpp:1244
Event: 0.960 Thread 0x00007f8ce4800000 Threw 0x00000007d68b1488 at /HUDSON/workspace/7u-2-build-macosx-x86_64/jdk7u67/1368/hotspot/src/share/vm/prims/jvm.cpp:1244
Event: 0.960 Thread 0x00007f8ce4800000 Threw 0x00000007d68b6c88 at /HUDSON/workspace/7u-2-build-macosx-x86_64/jdk7u67/1368/hotspot/src/share/vm/prims/jvm.cpp:1244
Event: 8.780 Thread 0x00007f8ce4800000 Threw 0x00000007d68fd048 at /HUDSON/workspace/7u-2-build-macosx-x86_64/jdk7u67/1368/hotspot/src/share/vm/prims/jvm.cpp:1244

Events (10 events):
Event: 0.937 loading class 0x00007f8ce3576880
Event: 0.937 loading class 0x00007f8ce3576880 done
Event: 0.960 loading class 0x00007f8ce343f610
Event: 0.960 loading class 0x00007f8ce343f610 done
Event: 0.960 loading class 0x00007f8ce357cf70
Event: 0.960 loading class 0x00007f8ce357cf70 done
Event: 4.097 Executing VM operation: EnableBiasedLocking
Event: 4.097 Executing VM operation: EnableBiasedLocking done
Event: 8.780 loading class 0x00007f8ce3556b60
Event: 8.780 loading class 0x00007f8ce3556b60 done


Dynamic libraries:
0x00000000081d4000 	/System/Library/Frameworks/Cocoa.framework/Versions/A/Cocoa
0x00000000081d4000 	/System/Library/Frameworks/Security.framework/Versions/A/Security
0x00000000081d4000 	/System/Library/Frameworks/ApplicationServices.framework/Versions/A/ApplicationServices
0x00000000081d4000 	/usr/lib/libz.1.dylib
0x00000000081d4000 	/usr/lib/libSystem.B.dylib
0x00000000081d4000 	/usr/lib/libobjc.A.dylib
0x00000000081d4000 	/System/Library/Frameworks/CoreFoundation.framework/Versions/A/CoreFoundation
0x00000000081d4000 	/System/Library/Frameworks/Foundation.framework/Versions/C/Foundation
0x00000000081d4000 	/System/Library/Frameworks/AppKit.framework/Versions/C/AppKit
0x00000000081d4000 	/System/Library/Frameworks/CoreData.framework/Versions/A/CoreData
0x00000000081d4000 	/System/Library/PrivateFrameworks/RemoteViewServices.framework/Versions/A/RemoteViewServices
0x00000000081d4000 	/System/Library/PrivateFrameworks/UIFoundation.framework/Versions/A/UIFoundation
0x00000000081d4000 	/System/Library/Frameworks/IOSurface.framework/Versions/A/IOSurface
0x00000000081d4000 	/System/Library/Frameworks/AudioToolbox.framework/Versions/A/AudioToolbox
0x00000000081d4000 	/System/Library/Frameworks/AudioUnit.framework/Versions/A/AudioUnit
0x00000000081d4000 	/System/Library/PrivateFrameworks/DataDetectorsCore.framework/Versions/A/DataDetectorsCore
0x00000000081d4000 	/System/Library/PrivateFrameworks/DesktopServicesPriv.framework/Versions/A/DesktopServicesPriv
0x00000000081d4000 	/System/Library/Frameworks/Carbon.framework/Versions/A/Frameworks/HIToolbox.framework/Versions/A/HIToolbox
0x00000000081d4000 	/System/Library/Frameworks/QuartzCore.framework/Versions/A/QuartzCore
0x00000000081d4000 	/System/Library/Frameworks/Carbon.framework/Versions/A/Frameworks/SpeechRecognition.framework/Versions/A/SpeechRecognition
0x00000000081d4000 	/usr/lib/libauto.dylib
0x00000000081d4000 	/usr/lib/libicucore.A.dylib
0x00000000081d4000 	/usr/lib/libxml2.2.dylib
0x00000000081d4000 	/System/Library/PrivateFrameworks/CoreUI.framework/Versions/A/CoreUI
0x00000000081d4000 	/System/Library/Frameworks/CoreAudio.framework/Versions/A/CoreAudio
0x00000000081d4000 	/System/Library/Frameworks/DiskArbitration.framework/Versions/A/DiskArbitration
0x00000000081d4000 	/usr/lib/liblangid.dylib
0x00000000081d4000 	/System/Library/PrivateFrameworks/MultitouchSupport.framework/Versions/A/MultitouchSupport
0x00000000081d4000 	/System/Library/Frameworks/IOKit.framework/Versions/A/IOKit
0x00000000081d4000 	/usr/lib/libDiagnosticMessagesClient.dylib
0x00000000081d4000 	/System/Library/Frameworks/CoreServices.framework/Versions/A/CoreServices
0x00000000081d4000 	/System/Library/PrivateFrameworks/PerformanceAnalysis.framework/Versions/A/PerformanceAnalysis
0x00000000081d4000 	/System/Library/PrivateFrameworks/GenerationalStorage.framework/Versions/A/GenerationalStorage
0x00000000081d4000 	/System/Library/Frameworks/OpenGL.framework/Versions/A/OpenGL
0x00000000081d4000 	/System/Library/PrivateFrameworks/Sharing.framework/Versions/A/Sharing
0x00000000081d4000 	/System/Library/Frameworks/CoreGraphics.framework/Versions/A/CoreGraphics
0x00000000081d4000 	/System/Library/Frameworks/CoreText.framework/Versions/A/CoreText
0x00000000081d4000 	/System/Library/Frameworks/ImageIO.framework/Versions/A/ImageIO
0x00000000081d4000 	/usr/lib/libextension.dylib
0x00000000081d4000 	/System/Library/PrivateFrameworks/Backup.framework/Versions/A/Backup
0x00000000081d4000 	/usr/lib/libarchive.2.dylib
0x00000000081d4000 	/System/Library/Frameworks/CFNetwork.framework/Versions/A/CFNetwork
0x00000000081d4000 	/System/Library/Frameworks/SystemConfiguration.framework/Versions/A/SystemConfiguration
0x00000000081d4000 	/usr/lib/libCRFSuite.dylib
0x00000000081d4000 	/usr/lib/libc++.1.dylib
0x00000000081d4000 	/usr/lib/libc++abi.dylib
0x00000000081d4000 	/usr/lib/system/libcache.dylib
0x00000000081d4000 	/usr/lib/system/libcommonCrypto.dylib
0x00000000081d4000 	/usr/lib/system/libcompiler_rt.dylib
0x00000000081d4000 	/usr/lib/system/libcopyfile.dylib
0x00000000081d4000 	/usr/lib/system/libcorecrypto.dylib
0x00000000081d4000 	/usr/lib/system/libdispatch.dylib
0x00000000081d4000 	/usr/lib/system/libdyld.dylib
0x00000000081d4000 	/usr/lib/system/libkeymgr.dylib
0x00000000081d4000 	/usr/lib/system/liblaunch.dylib
0x00000000081d4000 	/usr/lib/system/libmacho.dylib
0x00000000081d4000 	/usr/lib/system/libquarantine.dylib
0x00000000081d4000 	/usr/lib/system/libremovefile.dylib
0x00000000081d4000 	/usr/lib/system/libsystem_asl.dylib
0x00000000081d4000 	/usr/lib/system/libsystem_blocks.dylib
0x00000000081d4000 	/usr/lib/system/libsystem_c.dylib
0x00000000081d4000 	/usr/lib/system/libsystem_configuration.dylib
0x00000000081d4000 	/usr/lib/system/libsystem_coreservices.dylib
0x00000000081d4000 	/usr/lib/system/libsystem_coretls.dylib
0x00000000081d4000 	/usr/lib/system/libsystem_dnssd.dylib
0x00000000081d4000 	/usr/lib/system/libsystem_info.dylib
0x00000000081d4000 	/usr/lib/system/libsystem_kernel.dylib
0x00000000081d4000 	/usr/lib/system/libsystem_m.dylib
0x00000000081d4000 	/usr/lib/system/libsystem_malloc.dylib
0x00000000081d4000 	/usr/lib/system/libsystem_network.dylib
0x00000000081d4000 	/usr/lib/system/libsystem_networkextension.dylib
0x00000000081d4000 	/usr/lib/system/libsystem_notify.dylib
0x00000000081d4000 	/usr/lib/system/libsystem_platform.dylib
0x00000000081d4000 	/usr/lib/system/libsystem_pthread.dylib
0x00000000081d4000 	/usr/lib/system/libsystem_sandbox.dylib
0x00000000081d4000 	/usr/lib/system/libsystem_secinit.dylib
0x00000000081d4000 	/usr/lib/system/libsystem_stats.dylib
0x00000000081d4000 	/usr/lib/system/libsystem_trace.dylib
0x00000000081d4000 	/usr/lib/system/libunc.dylib
0x00000000081d4000 	/usr/lib/system/libunwind.dylib
0x00000000081d4000 	/usr/lib/system/libxpc.dylib
0x00000000081d4000 	/usr/lib/libbz2.1.0.dylib
0x00000000081d4000 	/usr/lib/liblzma.5.dylib
0x00000000081d4000 	/usr/lib/libbsm.0.dylib
0x00000000081d4000 	/usr/lib/libsqlite3.dylib
0x00000000081d4000 	/usr/lib/system/libkxld.dylib
0x00000000081d4000 	/usr/lib/libxar.1.dylib
0x00000000081d4000 	/usr/lib/libpam.2.dylib
0x00000000081d4000 	/usr/lib/libOpenScriptingUtil.dylib
0x00000000081d4000 	/System/Library/Frameworks/CoreServices.framework/Versions/A/Frameworks/FSEvents.framework/Versions/A/FSEvents
0x00000000081d4000 	/System/Library/Frameworks/CoreServices.framework/Versions/A/Frameworks/CarbonCore.framework/Versions/A/CarbonCore
0x00000000081d4000 	/System/Library/Frameworks/CoreServices.framework/Versions/A/Frameworks/Metadata.framework/Versions/A/Metadata
0x00000000081d4000 	/System/Library/Frameworks/CoreServices.framework/Versions/A/Frameworks/OSServices.framework/Versions/A/OSServices
0x00000000081d4000 	/System/Library/Frameworks/CoreServices.framework/Versions/A/Frameworks/SearchKit.framework/Versions/A/SearchKit
0x00000000081d4000 	/System/Library/Frameworks/CoreServices.framework/Versions/A/Frameworks/AE.framework/Versions/A/AE
0x00000000081d4000 	/System/Library/Frameworks/CoreServices.framework/Versions/A/Frameworks/LaunchServices.framework/Versions/A/LaunchServices
0x00000000081d4000 	/System/Library/Frameworks/CoreServices.framework/Versions/A/Frameworks/DictionaryServices.framework/Versions/A/DictionaryServices
0x00000000081d4000 	/System/Library/Frameworks/NetFS.framework/Versions/A/NetFS
0x00000000081d4000 	/System/Library/PrivateFrameworks/NetAuth.framework/Versions/A/NetAuth
0x00000000081d4000 	/System/Library/PrivateFrameworks/login.framework/Versions/A/Frameworks/loginsupport.framework/Versions/A/loginsupport
0x00000000081d4000 	/System/Library/PrivateFrameworks/TCC.framework/Versions/A/TCC
0x00000000081d4000 	/usr/lib/libmecabra.dylib
0x00000000081d4000 	/System/Library/PrivateFrameworks/LanguageModeling.framework/Versions/A/LanguageModeling
0x00000000081d4000 	/usr/lib/libcmph.dylib
0x00000000081d4000 	/usr/lib/libiconv.2.dylib
0x00000000081d4000 	/System/Library/Frameworks/OpenDirectory.framework/Versions/A/Frameworks/CFOpenDirectory.framework/Versions/A/CFOpenDirectory
0x00000000081d4000 	/System/Library/Frameworks/ServiceManagement.framework/Versions/A/ServiceManagement
0x00000000081d4000 	/usr/lib/libxslt.1.dylib
0x00000000081d4000 	/System/Library/Frameworks/Carbon.framework/Versions/A/Frameworks/Ink.framework/Versions/A/Ink
0x00000000081d4000 	/System/Library/Frameworks/ApplicationServices.framework/Versions/A/Frameworks/ATS.framework/Versions/A/ATS
0x00000000081d4000 	/System/Library/Frameworks/ApplicationServices.framework/Versions/A/Frameworks/ColorSync.framework/Versions/A/ColorSync
0x00000000081d4000 	/System/Library/Frameworks/ApplicationServices.framework/Versions/A/Frameworks/HIServices.framework/Versions/A/HIServices
0x00000000081d4000 	/System/Library/Frameworks/ApplicationServices.framework/Versions/A/Frameworks/LangAnalysis.framework/Versions/A/LangAnalysis
0x00000000081d4000 	/System/Library/Frameworks/ApplicationServices.framework/Versions/A/Frameworks/PrintCore.framework/Versions/A/PrintCore
0x00000000081d4000 	/System/Library/Frameworks/ApplicationServices.framework/Versions/A/Frameworks/QD.framework/Versions/A/QD
0x00000000081d4000 	/System/Library/Frameworks/ApplicationServices.framework/Versions/A/Frameworks/SpeechSynthesis.framework/Versions/A/SpeechSynthesis
0x00000000081d4000 	/System/Library/Frameworks/Accelerate.framework/Versions/A/Accelerate
0x00000000081d4000 	/System/Library/Frameworks/Accelerate.framework/Versions/A/Frameworks/vImage.framework/Versions/A/vImage
0x00000000081d4000 	/System/Library/Frameworks/Accelerate.framework/Versions/A/Frameworks/vecLib.framework/Versions/A/vecLib
0x00000000081d4000 	/System/Library/Frameworks/Accelerate.framework/Versions/A/Frameworks/vecLib.framework/Versions/A/libvDSP.dylib
0x00000000081d4000 	/System/Library/Frameworks/Accelerate.framework/Versions/A/Frameworks/vecLib.framework/Versions/A/libvMisc.dylib
0x00000000081d4000 	/System/Library/Frameworks/Accelerate.framework/Versions/A/Frameworks/vecLib.framework/Versions/A/libLAPACK.dylib
0x00000000081d4000 	/System/Library/Frameworks/Accelerate.framework/Versions/A/Frameworks/vecLib.framework/Versions/A/libBLAS.dylib
0x00000000081d4000 	/System/Library/Frameworks/Accelerate.framework/Versions/A/Frameworks/vecLib.framework/Versions/A/libLinearAlgebra.dylib
0x00000000081d4000 	/System/Library/Frameworks/ApplicationServices.framework/Versions/A/Frameworks/ATS.framework/Versions/A/Resources/libFontParser.dylib
0x00000000081d4000 	/System/Library/Frameworks/ApplicationServices.framework/Versions/A/Frameworks/ATS.framework/Versions/A/Resources/libFontRegistry.dylib
0x00000000081d4000 	/System/Library/PrivateFrameworks/AppleVPA.framework/Versions/A/AppleVPA
0x00000000081d4000 	/System/Library/PrivateFrameworks/AppleJPEG.framework/Versions/A/AppleJPEG
0x00000000081d4000 	/System/Library/Frameworks/ImageIO.framework/Versions/A/Resources/libJPEG.dylib
0x00000000081d4000 	/System/Library/Frameworks/ImageIO.framework/Versions/A/Resources/libTIFF.dylib
0x00000000081d4000 	/System/Library/Frameworks/ImageIO.framework/Versions/A/Resources/libPng.dylib
0x00000000081d4000 	/System/Library/Frameworks/ImageIO.framework/Versions/A/Resources/libGIF.dylib
0x00000000081d4000 	/System/Library/Frameworks/ImageIO.framework/Versions/A/Resources/libJP2.dylib
0x00000000081d4000 	/System/Library/Frameworks/ImageIO.framework/Versions/A/Resources/libRadiance.dylib
0x00000000081d4000 	/System/Library/Frameworks/CoreVideo.framework/Versions/A/CoreVideo
0x00000000081d4000 	/System/Library/Frameworks/OpenGL.framework/Versions/A/Libraries/libGLU.dylib
0x00000000081d4000 	/System/Library/Frameworks/OpenGL.framework/Versions/A/Libraries/libGFXShared.dylib
0x00000000081d4000 	/System/Library/Frameworks/OpenGL.framework/Versions/A/Libraries/libGL.dylib
0x00000000081d4000 	/System/Library/Frameworks/OpenGL.framework/Versions/A/Libraries/libGLImage.dylib
0x00000000081d4000 	/System/Library/Frameworks/OpenGL.framework/Versions/A/Libraries/libCVMSPluginSupport.dylib
0x00000000081d4000 	/System/Library/Frameworks/OpenGL.framework/Versions/A/Libraries/libCoreVMClient.dylib
0x00000000081d4000 	/usr/lib/libcups.2.dylib
0x00000000081d4000 	/System/Library/Frameworks/Kerberos.framework/Versions/A/Kerberos
0x00000000081d4000 	/System/Library/Frameworks/GSS.framework/Versions/A/GSS
0x00000000081d4000 	/usr/lib/libresolv.9.dylib
0x00000000081d4000 	/System/Library/PrivateFrameworks/Heimdal.framework/Versions/A/Heimdal
0x00000000081d4000 	/usr/lib/libheimdal-asn1.dylib
0x00000000081d4000 	/System/Library/Frameworks/OpenDirectory.framework/Versions/A/OpenDirectory
0x00000000081d4000 	/System/Library/PrivateFrameworks/CommonAuth.framework/Versions/A/CommonAuth
0x00000000081d4000 	/System/Library/Frameworks/SecurityFoundation.framework/Versions/A/SecurityFoundation
0x00000000081d4000 	/System/Library/Frameworks/QuartzCore.framework/Versions/A/Frameworks/CoreImage.framework/Versions/A/CoreImage
0x00000000081d4000 	/System/Library/PrivateFrameworks/CrashReporterSupport.framework/Versions/A/CrashReporterSupport
0x00000000081d4000 	/System/Library/Frameworks/OpenCL.framework/Versions/A/OpenCL
0x00000000081d4000 	/System/Library/PrivateFrameworks/FaceCore.framework/Versions/A/FaceCore
0x00000000081d4000 	/System/Library/PrivateFrameworks/Ubiquity.framework/Versions/A/Ubiquity
0x00000000081d4000 	/System/Library/PrivateFrameworks/IconServices.framework/Versions/A/IconServices
0x00000000081d4000 	/System/Library/PrivateFrameworks/ChunkingLibrary.framework/Versions/A/ChunkingLibrary
0x00000000081d4000 	/System/Library/PrivateFrameworks/Apple80211.framework/Versions/A/Apple80211
0x00000000081d4000 	/System/Library/Frameworks/CoreWLAN.framework/Versions/A/CoreWLAN
0x00000000081d4000 	/System/Library/Frameworks/IOBluetooth.framework/Versions/A/IOBluetooth
0x00000000081d4000 	/System/Library/PrivateFrameworks/CoreWiFi.framework/Versions/A/CoreWiFi
0x00000000081d4000 	/System/Library/Frameworks/CoreBluetooth.framework/Versions/A/CoreBluetooth
0x00000000081d4000 	/System/Library/PrivateFrameworks/DebugSymbols.framework/Versions/A/DebugSymbols
0x00000000081d4000 	/System/Library/PrivateFrameworks/CoreSymbolication.framework/Versions/A/CoreSymbolication
0x00000000081d4000 	/System/Library/PrivateFrameworks/Symbolication.framework/Versions/A/Symbolication
0x00000000081d4000 	/System/Library/PrivateFrameworks/SpeechRecognitionCore.framework/Versions/A/SpeechRecognitionCore
0x0000000104c00000 	/Library/Java/JavaVirtualMachines/jdk1.7.0_67.jdk/Contents/Home/jre/lib/server/libjvm.dylib
0x00000000081d4000 	/usr/lib/libstdc++.6.dylib
0x0000000104340000 	/Library/Java/JavaVirtualMachines/jdk1.7.0_67.jdk/Contents/Home/jre/lib/libverify.dylib
0x000000010434d000 	/Library/Java/JavaVirtualMachines/jdk1.7.0_67.jdk/Contents/Home/jre/lib/libjava.dylib
0x0000000104387000 	/Library/Java/JavaVirtualMachines/jdk1.7.0_67.jdk/Contents/Home/jre/lib/libzip.dylib
0x00000001043e4000 	/System/Library/Frameworks/JavaVM.framework/Frameworks/JavaRuntimeSupport.framework/JavaRuntimeSupport
0x000000010ee79000 	/System/Library/Frameworks/JavaVM.framework/Versions/A/Frameworks/JavaNativeFoundation.framework/Versions/A/JavaNativeFoundation
0x000000010ee8e000 	/System/Library/Frameworks/JavaVM.framework/Versions/A/JavaVM
0x00000000081d4000 	/System/Library/Frameworks/Carbon.framework/Versions/A/Carbon
0x000000010ee9b000 	/System/Library/PrivateFrameworks/JavaLaunching.framework/Versions/A/JavaLaunching
0x00000000081d4000 	/System/Library/Frameworks/Carbon.framework/Versions/A/Frameworks/CommonPanels.framework/Versions/A/CommonPanels
0x00000000081d4000 	/System/Library/Frameworks/Carbon.framework/Versions/A/Frameworks/Help.framework/Versions/A/Help
0x00000000081d4000 	/System/Library/Frameworks/Carbon.framework/Versions/A/Frameworks/ImageCapture.framework/Versions/A/ImageCapture
0x00000000081d4000 	/System/Library/Frameworks/Carbon.framework/Versions/A/Frameworks/OpenScripting.framework/Versions/A/OpenScripting
0x00000000081d4000 	/System/Library/Frameworks/Carbon.framework/Versions/A/Frameworks/Print.framework/Versions/A/Print
0x00000000081d4000 	/System/Library/Frameworks/Carbon.framework/Versions/A/Frameworks/SecurityHI.framework/Versions/A/SecurityHI
0x0000000110e4b000 	/Applications/IntelliJ IDEA 14 CE.app/Contents/bin/libbreakgen64.jnilib
0x0000000110f51000 	/Library/Java/JavaVirtualMachines/jdk1.7.0_67.jdk/Contents/Home/jre/lib/libnet.dylib
0x0000000111066000 	/Library/Java/JavaVirtualMachines/jdk1.7.0_67.jdk/Contents/Home/jre/lib/libawt.dylib
0x0000000111115000 	/Library/Java/JavaVirtualMachines/jdk1.7.0_67.jdk/Contents/Home/jre/lib/./libmlib_image.dylib
0x00000001111e1000 	/Library/Java/JavaVirtualMachines/jdk1.7.0_67.jdk/Contents/Home/jre/lib/lwawt/liblwawt.dylib
0x0000000111295000 	/Library/Java/JavaVirtualMachines/jdk1.7.0_67.jdk/Contents/Home/jre/lib/libosxapp.dylib
0x00000000081d4000 	/System/Library/Frameworks/ExceptionHandling.framework/Versions/A/ExceptionHandling
0x00000000081d4000 	/System/Library/PrivateFrameworks/CoreServicesInternal.framework/Versions/A/CoreServicesInternal
0x00000000081d4000 	/System/Library/PrivateFrameworks/CloudDocs.framework/Versions/A/CloudDocs
0x00000000081d4000 	/System/Library/PrivateFrameworks/CoreDuet.framework/Versions/A/CoreDuet
0x00000000081d4000 	/System/Library/Frameworks/CloudKit.framework/Versions/A/CloudKit
0x00000000081d4000 	/System/Library/PrivateFrameworks/ProtocolBuffer.framework/Versions/A/ProtocolBuffer
0x00000000081d4000 	/System/Library/PrivateFrameworks/CoreDuetDaemonProtocol.framework/Versions/A/CoreDuetDaemonProtocol
0x00000000081d4000 	/System/Library/PrivateFrameworks/CoreDuetDebugLogging.framework/Versions/A/CoreDuetDebugLogging
0x00000000081d4000 	/System/Library/Frameworks/CoreLocation.framework/Versions/A/CoreLocation
0x00000000081d4000 	/System/Library/Frameworks/Accounts.framework/Versions/A/Accounts
0x00000000081d4000 	/System/Library/PrivateFrameworks/ApplePushService.framework/Versions/A/ApplePushService
0x00000000081d4000 	/System/Library/PrivateFrameworks/GeoServices.framework/Versions/A/GeoServices
0x00000000081d4000 	/System/Library/PrivateFrameworks/OAuth.framework/Versions/A/OAuth
0x00000000081d4000 	/System/Library/PrivateFrameworks/CoreDaemon.framework/Versions/B/CoreDaemon
0x00000000081d4000 	/usr/lib/libcrypto.0.9.8.dylib
0x00000000081d4000 	/System/Library/PrivateFrameworks/AppleSRP.framework/Versions/A/AppleSRP
0x00000000081d4000 	/System/Library/PrivateFrameworks/TrustEvaluationAgent.framework/Versions/A/TrustEvaluationAgent
0x00000000081d4000 	/System/Library/Frameworks/CoreGraphics.framework/Versions/A/Resources/libCGCMS.A.dylib
0x00000000081d4000 	/System/Library/Frameworks/CoreGraphics.framework/Versions/A/Resources/libRIP.A.dylib
0x00000000081d4000 	/System/Library/Frameworks/CoreGraphics.framework/Versions/A/Resources/libCGXType.A.dylib
0x00000000081d4000 	/System/Library/Frameworks/OpenCL.framework/Versions/A/Libraries/libcldcpuengine.dylib
0x00000000081d4000 	/System/Library/PrivateFrameworks/DiskImages.framework/Versions/A/DiskImages
0x00000000081d4000 	/System/Library/Frameworks/DiscRecording.framework/Versions/A/DiscRecording
0x00000000081d4000 	/usr/lib/libcsfde.dylib
0x00000000081d4000 	/usr/lib/libcurl.4.dylib
0x00000000081d4000 	/System/Library/PrivateFrameworks/MediaKit.framework/Versions/A/MediaKit
0x00000000081d4000 	/System/Library/PrivateFrameworks/ProtectedCloudStorage.framework/Versions/A/ProtectedCloudStorage
0x00000000081d4000 	/usr/lib/libCoreStorage.dylib
0x00000000081d4000 	/System/Library/PrivateFrameworks/EFILogin.framework/Versions/A/EFILogin
0x00000000081d4000 	/usr/lib/libutil.dylib
0x00000000081d4000 	/System/Library/PrivateFrameworks/FindMyDevice.framework/Versions/A/FindMyDevice
0x00000000081d4000 	/System/Library/Frameworks/LDAP.framework/Versions/A/LDAP
0x00000000081d4000 	/usr/lib/libsasl2.2.dylib
0x0000000114190000 	cl_kernels
0x0000000114192000 	/System/Library/Frameworks/OpenCL.framework/Versions/A/Libraries/ImageFormats/unorm8_bgra.dylib
0x0000000114182000 	cl_kernels
0x00000000081d4000 	/System/Library/PrivateFrameworks/FamilyControls.framework/Versions/A/FamilyControls
0x00000000081d4000 	/System/Library/PrivateFrameworks/CommerceKit.framework/Versions/A/Frameworks/CommerceCore.framework/Versions/A/CommerceCore
0x00000000081d4000 	/System/Library/PrivateFrameworks/SystemAdministration.framework/Versions/A/SystemAdministration
0x00000000081d4000 	/System/Library/PrivateFrameworks/AppContainer.framework/Versions/A/AppContainer
0x00000000081d4000 	/System/Library/PrivateFrameworks/SecCodeWrapper.framework/Versions/A/SecCodeWrapper
0x00000000081d4000 	/System/Library/Frameworks/DirectoryService.framework/Versions/A/DirectoryService
0x00000000081d4000 	/System/Library/PrivateFrameworks/LoginUIKit.framework/Versions/A/Frameworks/LoginUICore.framework/Versions/A/LoginUICore
0x00000000081d4000 	/usr/lib/libodfde.dylib
0x0000000115416000 	/Library/Java/JavaVirtualMachines/jdk1.7.0_67.jdk/Contents/Home/jre/lib/libfontmanager.dylib
0x000000011547d000 	/Development/Scala/Idea/tilde/lib/native/macosx/liblwjgl.jnilib
0x00000001135f9000 	/Library/Java/JavaVirtualMachines/jdk1.7.0_67.jdk/Contents/Home/jre/lib/libjawt.dylib
0x00000000081d4000 	/System/Library/Frameworks/OpenGL.framework/Versions/A/Resources/GLEngine.bundle/GLEngine
0x00000000081d4000 	/System/Library/Frameworks/OpenGL.framework/Versions/A/Libraries/libGLProgrammability.dylib
0x0000000000000000 	/System/Library/Extensions/AppleIntelHD5000GraphicsGLDriver.bundle/Contents/MacOS/AppleIntelHD5000GraphicsGLDriver
0x00000000081d4000 	/System/Library/PrivateFrameworks/IOAccelerator.framework/Versions/A/IOAccelerator
0x00000000081d4000 	/System/Library/PrivateFrameworks/GPUSupport.framework/Versions/A/Libraries/libGPUSupportMercury.dylib
0x00000000081d4000 	/System/Library/Frameworks/OpenGL.framework/Versions/A/Resources/GLRendererFloat.bundle/GLRendererFloat

VM Arguments:
jvm_args: -Djava.library.path=lib/native/macosx/ -Didea.launcher.port=7536 -Didea.launcher.bin.path=/Applications/IntelliJ IDEA 14 CE.app/Contents/bin -Dfile.encoding=UTF-8 
java_command: com.intellij.rt.execution.application.AppMain app.main.Main
Launcher Type: SUN_STANDARD

Environment Variables:
PATH=/usr/local/bin:/usr/bin:/bin:/usr/sbin:/sbin:/usr/local/git/bin
SHELL=/bin/bash

Signal Handlers:
SIGSEGV: [libjvm.dylib+0x52b6c9], sa_mask[0]=0xfffefeff, sa_flags=0x00000043
SIGBUS: [libjvm.dylib+0x52b6c9], sa_mask[0]=0xfffefeff, sa_flags=0x00000042
SIGFPE: [libjvm.dylib+0x41deaa], sa_mask[0]=0xfffefeff, sa_flags=0x00000042
SIGPIPE: [libjvm.dylib+0x41deaa], sa_mask[0]=0xfffefeff, sa_flags=0x00000042
SIGXFSZ: [libjvm.dylib+0x41deaa], sa_mask[0]=0xfffefeff, sa_flags=0x00000042
SIGILL: [libjvm.dylib+0x41deaa], sa_mask[0]=0xfffefeff, sa_flags=0x00000042
SIGUSR1: SIG_DFL, sa_mask[0]=0x00000000, sa_flags=0x00000000
SIGUSR2: [libjvm.dylib+0x41d99c], sa_mask[0]=0x00000004, sa_flags=0x00000042
SIGHUP: [libjvm.dylib+0x41bc2d], sa_mask[0]=0xfffefeff, sa_flags=0x00000042
SIGINT: [libjvm.dylib+0x41bc2d], sa_mask[0]=0xfffefeff, sa_flags=0x00000042
SIGTERM: [libjvm.dylib+0x41bc2d], sa_mask[0]=0xfffefeff, sa_flags=0x00000042
SIGQUIT: [libjvm.dylib+0x41bc2d], sa_mask[0]=0xfffefeff, sa_flags=0x00000042


---------------  S Y S T E M  ---------------

OS:Bsduname:Darwin 14.0.0 Darwin Kernel Version 14.0.0: Fri Sep 19 00:26:44 PDT 2014; root:xnu-2782.1.97~2/RELEASE_X86_64 x86_64
rlimit: STACK 8192k, CORE 0k, NPROC 709, NOFILE 10240, AS infinity
load average:2.52 3.01 2.97

CPU:total 4 (2 cores per cpu, 2 threads per core) family 6 model 69 stepping 1, cmov, cx8, fxsr, mmx, sse, sse2, sse3, ssse3, sse4.1, sse4.2, popcnt, avx, avx2, aes, erms, ht, tsc, tscinvbit

Memory: 4k page, physical 8388608k(2097152k free)

/proc/meminfo:


vm_info: Java HotSpot(TM) 64-Bit Server VM (24.65-b04) for bsd-amd64 JRE (1.7.0_67-b01), built on Jul 25 2014 08:51:51 by "java_re" with gcc 4.2.1 (Based on Apple Inc. build 5658) (LLVM build 2336.11.00)

time: Mon Dec 22 01:36:29 2014
elapsed time: 8 seconds

