#
# A fatal error has been detected by the Java Runtime Environment:
#
#  SIGSEGV (0xb) at pc=0x00007fff8cf3c8f2, pid=1433, tid=1299
#
# JRE version: Java(TM) SE Runtime Environment (7.0_67-b01) (build 1.7.0_67-b01)
# Java VM: Java HotSpot(TM) 64-Bit Server VM (24.65-b04 mixed mode bsd-amd64 compressed oops)
# Problematic frame:
# C  [libGPUSupportMercury.dylib+0xb8f2]  gldAttachDrawable+0x60
#
# Failed to write core dump. Core dumps have been disabled. To enable core dumping, try "ulimit -c unlimited" before starting Java again
#
# If you would like to submit a bug report, please visit:
#   http://bugreport.sun.com/bugreport/crash.jsp
# The crash happened outside the Java Virtual Machine in native code.
# See problematic frame for where to report the bug.
#

---------------  T H R E A D  ---------------

Current thread (0x00007fae340a0800):  JavaThread "AppKit Thread" daemon [_thread_in_native, id=1299, stack(0x00007fff5517b000,0x00007fff551fb000)]

siginfo:si_signo=SIGSEGV: si_errno=0, si_code=0 (SEGV0), si_addr=0x0000000000000000

Registers:
RAX=0x1000000000000000, RBX=0x000000000000271e, RCX=0x0000000000000000, RDX=0x00007fae33f56de8
RSP=0x00007fff551f40b0, RBP=0x00007fff551f41b0, RSI=0x0000000000000050, RDI=0x00007fff794dd070
R8 =0x00007fae37009e60, R9 =0x00007fae36800000, R10=0x000000000000003c, R11=0x0000000000000206
R12=0x0000000000002718, R13=0x00007fae35966800, R14=0x0000000000000050, R15=0x0000000000000000
RIP=0x00007fff8cf3c8f2, EFLAGS=0x0000000000010212, ERR=0x0000000000000000
  TRAPNO=0x000000000000000d

Top of Stack: (sp=0x00007fff551f40b0)
0x00007fff551f40b0:   00007fff551f4124 00007fae33d16ef0
0x00007fff551f40c0:   ffffffffffffffff 0000206000000040
0x00007fff551f40d0:   00007fae33d16f08 00007fff8a63b69f
0x00007fff551f40e0:   0000000000000000 1000000000000000
0x00007fff551f40f0:   0000000300000003 00007fff551f4238
0x00007fff551f4100:   00007fff551f41c4 00000000000219cf
0x00007fff551f4110:   00007fff551f41bc 00007fff551f41c0
0x00007fff551f4120:   00007fff551f41a0 00007fff96f6edf0
0x00007fff551f4130:   0000000000000000 00000000000003a1
0x00007fff551f4140:   0000003400001200 0000020b00000000
0x00007fff551f4150:   00007fff551f4180 00007fff96f2113e
0x00007fff551f4160:   00007fff551f41f8 00000000000003a1
0x00007fff551f4170:   00007fff551f41b0 0000000022a4c4d7
0x00007fff551f4180:   5b004896eff8b5b4 00007fae37000000
0x00007fff551f4190:   0000000000002718 0000000000000000
0x00007fff551f41a0:   0000000000000050 0000000000000000
0x00007fff551f41b0:   00007fff551f4200 00007fff9466e7e4
0x00007fff551f41c0:   00007fae37009e60 0000000000000000
0x00007fff551f41d0:   00007fae33f56de8 00007fae33c70390
0x00007fff551f41e0:   0000000000000000 00007fae34103b50
0x00007fff551f41f0:   00007fae34101c00 00007fff794dd070
0x00007fff551f4200:   00007fff551f42f0 00007fff8a99b7ac
0x00007fff551f4210:   4089000000000000 406e000000000000
0x00007fff551f4220:   4053800000000000 4089000000000000
0x00007fff551f4230:   4083700000000000 0000000000000000
0x00007fff551f4240:   4036000000000000 4089000000000000
0x00007fff551f4250:   4082c00000000000 0000000000000000
0x00007fff551f4260:   0000000000000000 0000000000000001
0x00007fff551f4270:   00007fae33f56de8 0000000000000001
0x00007fff551f4280:   00007fff551f42f0 00007fff8a9a064c
0x00007fff551f4290:   0000000100000000 00007fae34103b50
0x00007fff551f42a0:   00007fae34103a88 000000028cf4ffff 

Instructions: (pc=0x00007fff8cf3c8f2)
0x00007fff8cf3c8d2:   48 85 d2 b8 01 00 00 00 bb 15 27 00 00 0f 44 d8
0x00007fff8cf3c8e2:   e9 7f 01 00 00 49 8b 45 08 48 89 85 38 ff ff ff
0x00007fff8cf3c8f2:   48 8b 00 48 89 85 30 ff ff ff 83 fe 4f 0f 8f fd
0x00007fff8cf3c902:   00 00 00 48 89 d0 bb 15 27 00 00 83 fe 35 0f 84 

Register to memory mapping:

RAX=0x1000000000000000 is an unknown value
RBX=0x000000000000271e is an unknown value
RCX=0x0000000000000000 is an unknown value
RDX=0x00007fae33f56de8 is an unknown value
RSP=0x00007fff551f40b0 is pointing into the stack for thread: 0x00007fae340a0800
RBP=0x00007fff551f41b0 is pointing into the stack for thread: 0x00007fae340a0800
RSI=0x0000000000000050 is an unknown value
RDI=0x00007fff794dd070: __stack_chk_guard+0 in /usr/lib/system/libsystem_c.dylib at 0x00007fff8eabf000
R8 =0x00007fae37009e60 is an unknown value
R9 =0x00007fae36800000 is an unknown value
R10=0x000000000000003c is an unknown value
R11=0x0000000000000206 is an unknown value
R12=0x0000000000002718 is an unknown value
R13=0x00007fae35966800 is an unknown value
R14=0x0000000000000050 is an unknown value
R15=0x0000000000000000 is an unknown value


Stack: [0x00007fff5517b000,0x00007fff551fb000],  sp=0x00007fff551f40b0,  free space=484k
Native frames: (J=compiled Java code, j=interpreted, Vv=VM code, C=native code)
C  [libGPUSupportMercury.dylib+0xb8f2]  gldAttachDrawable+0x60
C  [GLEngine+0x167e4]  gliAttachDrawableWithOptions+0x101
C  [OpenGL+0x37ac]  glcGetIOAccelService+0xe03
C  [OpenGL+0x73f3]  CGLSetPBuffer+0xb90
C  [OpenGL+0x7716]  CGLSetSurface+0x124
C  [AppKit+0x57bfe7]  NSOpenGLContextAttachOnScreenViewSurface+0x109
C  [AppKit+0x2c67fb]  -[NSOpenGLContext setView:]+0x83
C  [liblwjgl.jnilib+0x9f3e]  -[MacOSXOpenGLView lockFocus]+0x6e
C  [AppKit+0x14e8c5]  -[NSView _recursiveDisplayRectIfNeededIgnoringOpacity:isVisibleRect:rectIsVisibleRectForView:topView:]+0x740
C  [AppKit+0x14f920]  -[NSView _recursiveDisplayRectIfNeededIgnoringOpacity:isVisibleRect:rectIsVisibleRectForView:topView:]+0x179b
C  [AppKit+0x14dc73]  -[NSThemeFrame _recursiveDisplayRectIfNeededIgnoringOpacity:isVisibleRect:rectIsVisibleRectForView:topView:]+0x14d
C  [AppKit+0x14a7cb]  -[NSView _displayRectIgnoringOpacity:isVisibleRect:rectIsVisibleRectForView:]+0xac9
C  [AppKit+0x1291ca]  -[NSView displayIfNeeded]+0x754
C  [AppKit+0x1466c5]  -[NSWindow displayIfNeeded]+0xe8
C  [AppKit+0x1838c2]  _handleWindowNeedsDisplayOrLayoutOrUpdateConstraints+0x3a8
C  [Foundation+0x67023]  __NSFireTimer+0x5f
C  [CoreFoundation+0xb5b44]  __CFRUNLOOP_IS_CALLING_OUT_TO_A_TIMER_CALLBACK_FUNCTION__+0x14
C  [CoreFoundation+0xb57d3]  __CFRunLoopDoTimer+0x423
C  [CoreFoundation+0x128d9d]  __CFRunLoopDoTimers+0x12d
C  [CoreFoundation+0x72268]  __CFRunLoopRun+0x7e8
C  [CoreFoundation+0x71838]  CFRunLoopRunSpecific+0x128
C  [HIToolbox+0x2e43f]  RunCurrentEventLoopInMode+0xeb
C  [HIToolbox+0x2e1ba]  ReceiveNextEventCommon+0x1af
C  [HIToolbox+0x2dffb]  _BlockUntilNextEventMatchingListInModeWithFilter+0x47
C  [AppKit+0x24821]  _DPSNextEvent+0x3c4
C  [AppKit+0x23fd0]  -[NSApplication nextEventMatchingMask:untilDate:inMode:dequeue:]+0xc2
C  [libosxapp.dylib+0x24e3]  -[NSApplicationAWT nextEventMatchingMask:untilDate:inMode:dequeue:]+0x7c
C  [AppKit+0x17f73]  -[NSApplication run]+0x252
C  [libosxapp.dylib+0x2346]  +[NSApplicationAWT runAWTLoopWithApp:]+0x9c
C  [liblwawt.dylib+0xd889]  -[AWTStarter starter:]+0x369
C  [Foundation+0x65f4c]  __NSThreadPerformPerform+0x125
C  [CoreFoundation+0x80661]  __CFRUNLOOP_IS_CALLING_OUT_TO_A_SOURCE0_PERFORM_FUNCTION__+0x11
C  [CoreFoundation+0x727ed]  __CFRunLoopDoSources0+0x10d
C  [CoreFoundation+0x71e1f]  __CFRunLoopRun+0x39f
C  [CoreFoundation+0x71838]  CFRunLoopRunSpecific+0x128
C  [java+0x73b0]  CreateExecutionEnvironment+0x367
C  [java+0x1b5c]  JLI_Launch+0x7a0
C  [java+0x770d]  main+0x65
C  [java+0x13b4]  start+0x34


---------------  P R O C E S S  ---------------

Java Threads: ( => current thread )
  0x00007fae3593a800 JavaThread "Java2D Disposer" daemon [_thread_blocked, id=49683, stack(0x000000011cd4d000,0x000000011ce4d000)]
  0x00007fae340a4000 JavaThread "AWT-Shutdown" [_thread_blocked, id=28435, stack(0x0000000118f2a000,0x000000011902a000)]
=>0x00007fae340a0800 JavaThread "AppKit Thread" daemon [_thread_in_native, id=1299, stack(0x00007fff5517b000,0x00007fff551fb000)]
  0x00007fae358b1000 JavaThread "Monitor Ctrl-Break" daemon [_thread_in_native, id=18691, stack(0x000000011772c000,0x000000011782c000)]
  0x00007fae34033800 JavaThread "Service Thread" daemon [_thread_blocked, id=17667, stack(0x000000011728b000,0x000000011738b000)]
  0x00007fae34032800 JavaThread "C2 CompilerThread1" daemon [_thread_blocked, id=17155, stack(0x0000000117188000,0x0000000117288000)]
  0x00007fae3503b800 JavaThread "C2 CompilerThread0" daemon [_thread_blocked, id=16643, stack(0x0000000117085000,0x0000000117185000)]
  0x00007fae35000800 JavaThread "Signal Dispatcher" daemon [_thread_blocked, id=13335, stack(0x0000000116f82000,0x0000000117082000)]
  0x00007fae3503a000 JavaThread "Finalizer" daemon [_thread_blocked, id=11523, stack(0x0000000115652000,0x0000000115752000)]
  0x00007fae35039000 JavaThread "Reference Handler" daemon [_thread_blocked, id=11011, stack(0x000000011554f000,0x000000011564f000)]
  0x00007fae34802800 JavaThread "main" [_thread_in_native, id=4867, stack(0x000000010be60000,0x000000010bf60000)]

Other Threads:
  0x00007fae35806800 VMThread [stack: 0x000000011544c000,0x000000011554c000] [id=10499]
  0x00007fae3402e000 WatcherThread [stack: 0x000000011738e000,0x000000011748e000] [id=18179]

VM state:not at safepoint (normal execution)

VM Mutex/Monitor currently owned by a thread: None

Heap
 PSYoungGen      total 38912K, used 19807K [0x00000007d5500000, 0x00000007d8000000, 0x0000000800000000)
  eden space 33792K, 58% used [0x00000007d5500000,0x00000007d6857e10,0x00000007d7600000)
  from space 5120K, 0% used [0x00000007d7b00000,0x00000007d7b00000,0x00000007d8000000)
  to   space 5120K, 0% used [0x00000007d7600000,0x00000007d7600000,0x00000007d7b00000)
 ParOldGen       total 87040K, used 0K [0x0000000780000000, 0x0000000785500000, 0x00000007d5500000)
  object space 87040K, 0% used [0x0000000780000000,0x0000000780000000,0x0000000785500000)
 PSPermGen       total 21504K, used 8531K [0x000000077ae00000, 0x000000077c300000, 0x0000000780000000)
  object space 21504K, 39% used [0x000000077ae00000,0x000000077b654fb0,0x000000077c300000)

Card table byte_map: [0x000000010f022000,0x000000010f44c000] byte_map_base: 0x000000010b44b000

Polling page: 0x000000010ab57000

Code Cache  [0x000000010bf62000, 0x000000010c1d2000, 0x000000010ef62000)
 total_blobs=388 nmethods=42 adapters=300 free_code_cache=48571Kb largest_free_block=49713280

Compilation events (10 events):
Event: 0.781 Thread 0x00007fae34032800   38             java.lang.Math::abs (11 bytes)
Event: 0.781 Thread 0x00007fae34032800 nmethod 38 0x000000010bff1c50 code [0x000000010bff1d80, 0x000000010bff1dd8]
Event: 0.781 Thread 0x00007fae34032800   39             com.sun.imageio.plugins.png.PNGImageReader::decodeUpFilter (53 bytes)
Event: 0.783 Thread 0x00007fae3503b800   40             sun.awt.image.ByteInterleavedRaster::putByteData (834 bytes)
Event: 0.785 Thread 0x00007fae34032800 nmethod 39 0x000000010bff0390 code [0x000000010bff04c0, 0x000000010bff06b8]
Event: 0.833 Thread 0x00007fae3503b800 nmethod 40 0x000000010bff6850 code [0x000000010bff6a40, 0x000000010bff83c8]
Event: 0.909 Thread 0x00007fae34032800   41             org.lwjgl.opengl.Sync$RunningAvg::avg (37 bytes)
Event: 0.911 Thread 0x00007fae34032800 nmethod 41 0x000000010bff16d0 code [0x000000010bff1820, 0x000000010bff1978]
Event: 2.033 Thread 0x00007fae3503b800   42             java.nio.Buffer::checkIndex (22 bytes)
Event: 2.034 Thread 0x00007fae3503b800 nmethod 42 0x000000010bff1490 code [0x000000010bff15c0, 0x000000010bff1638]

GC Heap History (0 events):
No events

Deoptimization events (4 events):
Event: 0.760 Thread 0x00007fae34802800 Uncommon trap: reason=bimorphic action=maybe_recompile pc=0x000000010bfdf160 method=java.util.HashMap.getEntry(Ljava/lang/Object;)Ljava/util/HashMap$Entry; @ 68
Event: 0.760 Thread 0x00007fae34802800 Uncommon trap: reason=bimorphic action=maybe_recompile pc=0x000000010bfdf160 method=java.util.HashMap.getEntry(Ljava/lang/Object;)Ljava/util/HashMap$Entry; @ 68
Event: 0.760 Thread 0x00007fae34802800 Uncommon trap: reason=bimorphic action=maybe_recompile pc=0x000000010bfdf160 method=java.util.HashMap.getEntry(Ljava/lang/Object;)Ljava/util/HashMap$Entry; @ 68
Event: 0.760 Thread 0x00007fae34802800 Uncommon trap: reason=bimorphic action=maybe_recompile pc=0x000000010bfdf160 method=java.util.HashMap.getEntry(Ljava/lang/Object;)Ljava/util/HashMap$Entry; @ 68

Internal exceptions (10 events):
Event: 0.801 Thread 0x00007fae34802800 Threw 0x00000007d679a960 at /HUDSON/workspace/7u-2-build-macosx-x86_64/jdk7u67/1368/hotspot/src/share/vm/prims/jvm.cpp:1244
Event: 0.825 Thread 0x00007fae34802800 Threw 0x00000007d679f610 at /HUDSON/workspace/7u-2-build-macosx-x86_64/jdk7u67/1368/hotspot/src/share/vm/prims/jvm.cpp:1244
Event: 0.834 Thread 0x00007fae34802800 Threw 0x00000007d67a73b8 at /HUDSON/workspace/7u-2-build-macosx-x86_64/jdk7u67/1368/hotspot/src/share/vm/prims/jvm.cpp:1244
Event: 0.835 Thread 0x00007fae34802800 Threw 0x00000007d67ac648 at /HUDSON/workspace/7u-2-build-macosx-x86_64/jdk7u67/1368/hotspot/src/share/vm/prims/jvm.cpp:1244
Event: 0.838 Thread 0x00007fae34802800 Threw 0x00000007d67b2820 at /HUDSON/workspace/7u-2-build-macosx-x86_64/jdk7u67/1368/hotspot/src/share/vm/prims/jvm.cpp:1244
Event: 0.838 Thread 0x00007fae34802800 Threw 0x00000007d67b7920 at /HUDSON/workspace/7u-2-build-macosx-x86_64/jdk7u67/1368/hotspot/src/share/vm/prims/jvm.cpp:1244
Event: 0.850 Thread 0x00007fae34802800 Threw 0x00000007d67c4ab8 at /HUDSON/workspace/7u-2-build-macosx-x86_64/jdk7u67/1368/hotspot/src/share/vm/prims/jvm.cpp:1244
Event: 0.853 Thread 0x00007fae34802800 Threw 0x00000007d67cf810 at /HUDSON/workspace/7u-2-build-macosx-x86_64/jdk7u67/1368/hotspot/src/share/vm/prims/jvm.cpp:1244
Event: 0.873 Thread 0x00007fae34802800 Threw 0x00000007d67d33d8 at /HUDSON/workspace/7u-2-build-macosx-x86_64/jdk7u67/1368/hotspot/src/share/vm/prims/jvm.cpp:1244
Event: 0.874 Thread 0x00007fae34802800 Threw 0x00000007d67d8bd8 at /HUDSON/workspace/7u-2-build-macosx-x86_64/jdk7u67/1368/hotspot/src/share/vm/prims/jvm.cpp:1244

Events (10 events):
Event: 0.850 loading class 0x00007fae33cb02e0
Event: 0.850 loading class 0x00007fae33cb02e0 done
Event: 0.853 loading class 0x00007fae33e58c40
Event: 0.853 loading class 0x00007fae33e58c40 done
Event: 0.871 loading class 0x00007fae33c33b40
Event: 0.871 loading class 0x00007fae33c33b40 done
Event: 0.874 loading class 0x00007fae33e5b4a0
Event: 0.874 loading class 0x00007fae33e5b4a0 done
Event: 2.870 loading class 0x00007fae33d48060
Event: 2.870 loading class 0x00007fae33d48060 done


Dynamic libraries:
0x00000000081d4000 	/System/Library/Frameworks/Cocoa.framework/Versions/A/Cocoa
0x00000000081d4000 	/System/Library/Frameworks/Security.framework/Versions/A/Security
0x00000000081d4000 	/System/Library/Frameworks/ApplicationServices.framework/Versions/A/ApplicationServices
0x00000000081d4000 	/usr/lib/libz.1.dylib
0x00000000081d4000 	/usr/lib/libSystem.B.dylib
0x00000000081d4000 	/usr/lib/libobjc.A.dylib
0x00000000081d4000 	/System/Library/Frameworks/CoreFoundation.framework/Versions/A/CoreFoundation
0x00000000081d4000 	/System/Library/Frameworks/Foundation.framework/Versions/C/Foundation
0x00000000081d4000 	/System/Library/Frameworks/AppKit.framework/Versions/C/AppKit
0x00000000081d4000 	/System/Library/Frameworks/CoreData.framework/Versions/A/CoreData
0x00000000081d4000 	/System/Library/PrivateFrameworks/RemoteViewServices.framework/Versions/A/RemoteViewServices
0x00000000081d4000 	/System/Library/PrivateFrameworks/UIFoundation.framework/Versions/A/UIFoundation
0x00000000081d4000 	/System/Library/Frameworks/IOSurface.framework/Versions/A/IOSurface
0x00000000081d4000 	/System/Library/Frameworks/AudioToolbox.framework/Versions/A/AudioToolbox
0x00000000081d4000 	/System/Library/Frameworks/AudioUnit.framework/Versions/A/AudioUnit
0x00000000081d4000 	/System/Library/PrivateFrameworks/DataDetectorsCore.framework/Versions/A/DataDetectorsCore
0x00000000081d4000 	/System/Library/PrivateFrameworks/DesktopServicesPriv.framework/Versions/A/DesktopServicesPriv
0x00000000081d4000 	/System/Library/Frameworks/Carbon.framework/Versions/A/Frameworks/HIToolbox.framework/Versions/A/HIToolbox
0x00000000081d4000 	/System/Library/Frameworks/QuartzCore.framework/Versions/A/QuartzCore
0x00000000081d4000 	/System/Library/Frameworks/Carbon.framework/Versions/A/Frameworks/SpeechRecognition.framework/Versions/A/SpeechRecognition
0x00000000081d4000 	/usr/lib/libauto.dylib
0x00000000081d4000 	/usr/lib/libicucore.A.dylib
0x00000000081d4000 	/usr/lib/libxml2.2.dylib
0x00000000081d4000 	/System/Library/PrivateFrameworks/CoreUI.framework/Versions/A/CoreUI
0x00000000081d4000 	/System/Library/Frameworks/CoreAudio.framework/Versions/A/CoreAudio
0x00000000081d4000 	/System/Library/Frameworks/DiskArbitration.framework/Versions/A/DiskArbitration
0x00000000081d4000 	/usr/lib/liblangid.dylib
0x00000000081d4000 	/System/Library/PrivateFrameworks/MultitouchSupport.framework/Versions/A/MultitouchSupport
0x00000000081d4000 	/System/Library/Frameworks/IOKit.framework/Versions/A/IOKit
0x00000000081d4000 	/usr/lib/libDiagnosticMessagesClient.dylib
0x00000000081d4000 	/System/Library/Frameworks/CoreServices.framework/Versions/A/CoreServices
0x00000000081d4000 	/System/Library/PrivateFrameworks/PerformanceAnalysis.framework/Versions/A/PerformanceAnalysis
0x00000000081d4000 	/System/Library/PrivateFrameworks/GenerationalStorage.framework/Versions/A/GenerationalStorage
0x00000000081d4000 	/System/Library/Frameworks/OpenGL.framework/Versions/A/OpenGL
0x00000000081d4000 	/System/Library/PrivateFrameworks/Sharing.framework/Versions/A/Sharing
0x00000000081d4000 	/System/Library/Frameworks/CoreGraphics.framework/Versions/A/CoreGraphics
0x00000000081d4000 	/System/Library/Frameworks/CoreText.framework/Versions/A/CoreText
0x00000000081d4000 	/System/Library/Frameworks/ImageIO.framework/Versions/A/ImageIO
0x00000000081d4000 	/usr/lib/libextension.dylib
0x00000000081d4000 	/System/Library/PrivateFrameworks/Backup.framework/Versions/A/Backup
0x00000000081d4000 	/usr/lib/libarchive.2.dylib
0x00000000081d4000 	/System/Library/Frameworks/CFNetwork.framework/Versions/A/CFNetwork
0x00000000081d4000 	/System/Library/Frameworks/SystemConfiguration.framework/Versions/A/SystemConfiguration
0x00000000081d4000 	/usr/lib/libCRFSuite.dylib
0x00000000081d4000 	/usr/lib/libc++.1.dylib
0x00000000081d4000 	/usr/lib/libc++abi.dylib
0x00000000081d4000 	/usr/lib/system/libcache.dylib
0x00000000081d4000 	/usr/lib/system/libcommonCrypto.dylib
0x00000000081d4000 	/usr/lib/system/libcompiler_rt.dylib
0x00000000081d4000 	/usr/lib/system/libcopyfile.dylib
0x00000000081d4000 	/usr/lib/system/libcorecrypto.dylib
0x00000000081d4000 	/usr/lib/system/libdispatch.dylib
0x00000000081d4000 	/usr/lib/system/libdyld.dylib
0x00000000081d4000 	/usr/lib/system/libkeymgr.dylib
0x00000000081d4000 	/usr/lib/system/liblaunch.dylib
0x00000000081d4000 	/usr/lib/system/libmacho.dylib
0x00000000081d4000 	/usr/lib/system/libquarantine.dylib
0x00000000081d4000 	/usr/lib/system/libremovefile.dylib
0x00000000081d4000 	/usr/lib/system/libsystem_asl.dylib
0x00000000081d4000 	/usr/lib/system/libsystem_blocks.dylib
0x00000000081d4000 	/usr/lib/system/libsystem_c.dylib
0x00000000081d4000 	/usr/lib/system/libsystem_configuration.dylib
0x00000000081d4000 	/usr/lib/system/libsystem_coreservices.dylib
0x00000000081d4000 	/usr/lib/system/libsystem_coretls.dylib
0x00000000081d4000 	/usr/lib/system/libsystem_dnssd.dylib
0x00000000081d4000 	/usr/lib/system/libsystem_info.dylib
0x00000000081d4000 	/usr/lib/system/libsystem_kernel.dylib
0x00000000081d4000 	/usr/lib/system/libsystem_m.dylib
0x00000000081d4000 	/usr/lib/system/libsystem_malloc.dylib
0x00000000081d4000 	/usr/lib/system/libsystem_network.dylib
0x00000000081d4000 	/usr/lib/system/libsystem_networkextension.dylib
0x00000000081d4000 	/usr/lib/system/libsystem_notify.dylib
0x00000000081d4000 	/usr/lib/system/libsystem_platform.dylib
0x00000000081d4000 	/usr/lib/system/libsystem_pthread.dylib
0x00000000081d4000 	/usr/lib/system/libsystem_sandbox.dylib
0x00000000081d4000 	/usr/lib/system/libsystem_secinit.dylib
0x00000000081d4000 	/usr/lib/system/libsystem_stats.dylib
0x00000000081d4000 	/usr/lib/system/libsystem_trace.dylib
0x00000000081d4000 	/usr/lib/system/libunc.dylib
0x00000000081d4000 	/usr/lib/system/libunwind.dylib
0x00000000081d4000 	/usr/lib/system/libxpc.dylib
0x00000000081d4000 	/usr/lib/libbz2.1.0.dylib
0x00000000081d4000 	/usr/lib/liblzma.5.dylib
0x00000000081d4000 	/usr/lib/libbsm.0.dylib
0x00000000081d4000 	/usr/lib/libsqlite3.dylib
0x00000000081d4000 	/usr/lib/system/libkxld.dylib
0x00000000081d4000 	/usr/lib/libxar.1.dylib
0x00000000081d4000 	/usr/lib/libpam.2.dylib
0x00000000081d4000 	/usr/lib/libOpenScriptingUtil.dylib
0x00000000081d4000 	/System/Library/Frameworks/CoreServices.framework/Versions/A/Frameworks/FSEvents.framework/Versions/A/FSEvents
0x00000000081d4000 	/System/Library/Frameworks/CoreServices.framework/Versions/A/Frameworks/CarbonCore.framework/Versions/A/CarbonCore
0x00000000081d4000 	/System/Library/Frameworks/CoreServices.framework/Versions/A/Frameworks/Metadata.framework/Versions/A/Metadata
0x00000000081d4000 	/System/Library/Frameworks/CoreServices.framework/Versions/A/Frameworks/OSServices.framework/Versions/A/OSServices
0x00000000081d4000 	/System/Library/Frameworks/CoreServices.framework/Versions/A/Frameworks/SearchKit.framework/Versions/A/SearchKit
0x00000000081d4000 	/System/Library/Frameworks/CoreServices.framework/Versions/A/Frameworks/AE.framework/Versions/A/AE
0x00000000081d4000 	/System/Library/Frameworks/CoreServices.framework/Versions/A/Frameworks/LaunchServices.framework/Versions/A/LaunchServices
0x00000000081d4000 	/System/Library/Frameworks/CoreServices.framework/Versions/A/Frameworks/DictionaryServices.framework/Versions/A/DictionaryServices
0x00000000081d4000 	/System/Library/Frameworks/NetFS.framework/Versions/A/NetFS
0x00000000081d4000 	/System/Library/PrivateFrameworks/NetAuth.framework/Versions/A/NetAuth
0x00000000081d4000 	/System/Library/PrivateFrameworks/login.framework/Versions/A/Frameworks/loginsupport.framework/Versions/A/loginsupport
0x00000000081d4000 	/System/Library/PrivateFrameworks/TCC.framework/Versions/A/TCC
0x00000000081d4000 	/usr/lib/libmecabra.dylib
0x00000000081d4000 	/System/Library/PrivateFrameworks/LanguageModeling.framework/Versions/A/LanguageModeling
0x00000000081d4000 	/usr/lib/libcmph.dylib
0x00000000081d4000 	/usr/lib/libiconv.2.dylib
0x00000000081d4000 	/System/Library/Frameworks/OpenDirectory.framework/Versions/A/Frameworks/CFOpenDirectory.framework/Versions/A/CFOpenDirectory
0x00000000081d4000 	/System/Library/Frameworks/ServiceManagement.framework/Versions/A/ServiceManagement
0x00000000081d4000 	/usr/lib/libxslt.1.dylib
0x00000000081d4000 	/System/Library/Frameworks/Carbon.framework/Versions/A/Frameworks/Ink.framework/Versions/A/Ink
0x00000000081d4000 	/System/Library/Frameworks/ApplicationServices.framework/Versions/A/Frameworks/ATS.framework/Versions/A/ATS
0x00000000081d4000 	/System/Library/Frameworks/ApplicationServices.framework/Versions/A/Frameworks/ColorSync.framework/Versions/A/ColorSync
0x00000000081d4000 	/System/Library/Frameworks/ApplicationServices.framework/Versions/A/Frameworks/HIServices.framework/Versions/A/HIServices
0x00000000081d4000 	/System/Library/Frameworks/ApplicationServices.framework/Versions/A/Frameworks/LangAnalysis.framework/Versions/A/LangAnalysis
0x00000000081d4000 	/System/Library/Frameworks/ApplicationServices.framework/Versions/A/Frameworks/PrintCore.framework/Versions/A/PrintCore
0x00000000081d4000 	/System/Library/Frameworks/ApplicationServices.framework/Versions/A/Frameworks/QD.framework/Versions/A/QD
0x00000000081d4000 	/System/Library/Frameworks/ApplicationServices.framework/Versions/A/Frameworks/SpeechSynthesis.framework/Versions/A/SpeechSynthesis
0x00000000081d4000 	/System/Library/Frameworks/Accelerate.framework/Versions/A/Accelerate
0x00000000081d4000 	/System/Library/Frameworks/Accelerate.framework/Versions/A/Frameworks/vImage.framework/Versions/A/vImage
0x00000000081d4000 	/System/Library/Frameworks/Accelerate.framework/Versions/A/Frameworks/vecLib.framework/Versions/A/vecLib
0x00000000081d4000 	/System/Library/Frameworks/Accelerate.framework/Versions/A/Frameworks/vecLib.framework/Versions/A/libvDSP.dylib
0x00000000081d4000 	/System/Library/Frameworks/Accelerate.framework/Versions/A/Frameworks/vecLib.framework/Versions/A/libvMisc.dylib
0x00000000081d4000 	/System/Library/Frameworks/Accelerate.framework/Versions/A/Frameworks/vecLib.framework/Versions/A/libLAPACK.dylib
0x00000000081d4000 	/System/Library/Frameworks/Accelerate.framework/Versions/A/Frameworks/vecLib.framework/Versions/A/libBLAS.dylib
0x00000000081d4000 	/System/Library/Frameworks/Accelerate.framework/Versions/A/Frameworks/vecLib.framework/Versions/A/libLinearAlgebra.dylib
0x00000000081d4000 	/System/Library/Frameworks/ApplicationServices.framework/Versions/A/Frameworks/ATS.framework/Versions/A/Resources/libFontParser.dylib
0x00000000081d4000 	/System/Library/Frameworks/ApplicationServices.framework/Versions/A/Frameworks/ATS.framework/Versions/A/Resources/libFontRegistry.dylib
0x00000000081d4000 	/System/Library/PrivateFrameworks/AppleVPA.framework/Versions/A/AppleVPA
0x00000000081d4000 	/System/Library/PrivateFrameworks/AppleJPEG.framework/Versions/A/AppleJPEG
0x00000000081d4000 	/System/Library/Frameworks/ImageIO.framework/Versions/A/Resources/libJPEG.dylib
0x00000000081d4000 	/System/Library/Frameworks/ImageIO.framework/Versions/A/Resources/libTIFF.dylib
0x00000000081d4000 	/System/Library/Frameworks/ImageIO.framework/Versions/A/Resources/libPng.dylib
0x00000000081d4000 	/System/Library/Frameworks/ImageIO.framework/Versions/A/Resources/libGIF.dylib
0x00000000081d4000 	/System/Library/Frameworks/ImageIO.framework/Versions/A/Resources/libJP2.dylib
0x00000000081d4000 	/System/Library/Frameworks/ImageIO.framework/Versions/A/Resources/libRadiance.dylib
0x00000000081d4000 	/System/Library/Frameworks/CoreVideo.framework/Versions/A/CoreVideo
0x00000000081d4000 	/System/Library/Frameworks/OpenGL.framework/Versions/A/Libraries/libGLU.dylib
0x00000000081d4000 	/System/Library/Frameworks/OpenGL.framework/Versions/A/Libraries/libGFXShared.dylib
0x00000000081d4000 	/System/Library/Frameworks/OpenGL.framework/Versions/A/Libraries/libGL.dylib
0x00000000081d4000 	/System/Library/Frameworks/OpenGL.framework/Versions/A/Libraries/libGLImage.dylib
0x00000000081d4000 	/System/Library/Frameworks/OpenGL.framework/Versions/A/Libraries/libCVMSPluginSupport.dylib
0x00000000081d4000 	/System/Library/Frameworks/OpenGL.framework/Versions/A/Libraries/libCoreVMClient.dylib
0x00000000081d4000 	/usr/lib/libcups.2.dylib
0x00000000081d4000 	/System/Library/Frameworks/Kerberos.framework/Versions/A/Kerberos
0x00000000081d4000 	/System/Library/Frameworks/GSS.framework/Versions/A/GSS
0x00000000081d4000 	/usr/lib/libresolv.9.dylib
0x00000000081d4000 	/System/Library/PrivateFrameworks/Heimdal.framework/Versions/A/Heimdal
0x00000000081d4000 	/usr/lib/libheimdal-asn1.dylib
0x00000000081d4000 	/System/Library/Frameworks/OpenDirectory.framework/Versions/A/OpenDirectory
0x00000000081d4000 	/System/Library/PrivateFrameworks/CommonAuth.framework/Versions/A/CommonAuth
0x00000000081d4000 	/System/Library/Frameworks/SecurityFoundation.framework/Versions/A/SecurityFoundation
0x00000000081d4000 	/System/Library/Frameworks/QuartzCore.framework/Versions/A/Frameworks/CoreImage.framework/Versions/A/CoreImage
0x00000000081d4000 	/System/Library/PrivateFrameworks/CrashReporterSupport.framework/Versions/A/CrashReporterSupport
0x00000000081d4000 	/System/Library/Frameworks/OpenCL.framework/Versions/A/OpenCL
0x00000000081d4000 	/System/Library/PrivateFrameworks/FaceCore.framework/Versions/A/FaceCore
0x00000000081d4000 	/System/Library/PrivateFrameworks/Ubiquity.framework/Versions/A/Ubiquity
0x00000000081d4000 	/System/Library/PrivateFrameworks/IconServices.framework/Versions/A/IconServices
0x00000000081d4000 	/System/Library/PrivateFrameworks/ChunkingLibrary.framework/Versions/A/ChunkingLibrary
0x00000000081d4000 	/System/Library/PrivateFrameworks/Apple80211.framework/Versions/A/Apple80211
0x00000000081d4000 	/System/Library/Frameworks/CoreWLAN.framework/Versions/A/CoreWLAN
0x00000000081d4000 	/System/Library/Frameworks/IOBluetooth.framework/Versions/A/IOBluetooth
0x00000000081d4000 	/System/Library/PrivateFrameworks/CoreWiFi.framework/Versions/A/CoreWiFi
0x00000000081d4000 	/System/Library/Frameworks/CoreBluetooth.framework/Versions/A/CoreBluetooth
0x00000000081d4000 	/System/Library/PrivateFrameworks/DebugSymbols.framework/Versions/A/DebugSymbols
0x00000000081d4000 	/System/Library/PrivateFrameworks/CoreSymbolication.framework/Versions/A/CoreSymbolication
0x00000000081d4000 	/System/Library/PrivateFrameworks/Symbolication.framework/Versions/A/Symbolication
0x00000000081d4000 	/System/Library/PrivateFrameworks/SpeechRecognitionCore.framework/Versions/A/SpeechRecognitionCore
0x000000010b400000 	/Library/Java/JavaVirtualMachines/jdk1.7.0_67.jdk/Contents/Home/jre/lib/server/libjvm.dylib
0x00000000081d4000 	/usr/lib/libstdc++.6.dylib
0x000000010ab1a000 	/Library/Java/JavaVirtualMachines/jdk1.7.0_67.jdk/Contents/Home/jre/lib/libverify.dylib
0x000000010ab27000 	/Library/Java/JavaVirtualMachines/jdk1.7.0_67.jdk/Contents/Home/jre/lib/libjava.dylib
0x000000010ab61000 	/Library/Java/JavaVirtualMachines/jdk1.7.0_67.jdk/Contents/Home/jre/lib/libzip.dylib
0x000000010abe6000 	/System/Library/Frameworks/JavaVM.framework/Frameworks/JavaRuntimeSupport.framework/JavaRuntimeSupport
0x0000000115754000 	/System/Library/Frameworks/JavaVM.framework/Versions/A/Frameworks/JavaNativeFoundation.framework/Versions/A/JavaNativeFoundation
0x0000000115769000 	/System/Library/Frameworks/JavaVM.framework/Versions/A/JavaVM
0x00000000081d4000 	/System/Library/Frameworks/Carbon.framework/Versions/A/Carbon
0x0000000115776000 	/System/Library/PrivateFrameworks/JavaLaunching.framework/Versions/A/JavaLaunching
0x00000000081d4000 	/System/Library/Frameworks/Carbon.framework/Versions/A/Frameworks/CommonPanels.framework/Versions/A/CommonPanels
0x00000000081d4000 	/System/Library/Frameworks/Carbon.framework/Versions/A/Frameworks/Help.framework/Versions/A/Help
0x00000000081d4000 	/System/Library/Frameworks/Carbon.framework/Versions/A/Frameworks/ImageCapture.framework/Versions/A/ImageCapture
0x00000000081d4000 	/System/Library/Frameworks/Carbon.framework/Versions/A/Frameworks/OpenScripting.framework/Versions/A/OpenScripting
0x00000000081d4000 	/System/Library/Frameworks/Carbon.framework/Versions/A/Frameworks/Print.framework/Versions/A/Print
0x00000000081d4000 	/System/Library/Frameworks/Carbon.framework/Versions/A/Frameworks/SecurityHI.framework/Versions/A/SecurityHI
0x0000000117728000 	/Applications/IntelliJ IDEA 14 CE.app/Contents/bin/libbreakgen64.jnilib
0x000000011782e000 	/Library/Java/JavaVirtualMachines/jdk1.7.0_67.jdk/Contents/Home/jre/lib/libnet.dylib
0x0000000117943000 	/Library/Java/JavaVirtualMachines/jdk1.7.0_67.jdk/Contents/Home/jre/lib/libawt.dylib
0x00000001179f2000 	/Library/Java/JavaVirtualMachines/jdk1.7.0_67.jdk/Contents/Home/jre/lib/./libmlib_image.dylib
0x0000000117abe000 	/Library/Java/JavaVirtualMachines/jdk1.7.0_67.jdk/Contents/Home/jre/lib/lwawt/liblwawt.dylib
0x0000000117b72000 	/Library/Java/JavaVirtualMachines/jdk1.7.0_67.jdk/Contents/Home/jre/lib/libosxapp.dylib
0x00000000081d4000 	/System/Library/Frameworks/ExceptionHandling.framework/Versions/A/ExceptionHandling
0x00000000081d4000 	/System/Library/PrivateFrameworks/CoreServicesInternal.framework/Versions/A/CoreServicesInternal
0x00000000081d4000 	/System/Library/PrivateFrameworks/CloudDocs.framework/Versions/A/CloudDocs
0x00000000081d4000 	/System/Library/PrivateFrameworks/CoreDuet.framework/Versions/A/CoreDuet
0x00000000081d4000 	/System/Library/Frameworks/CloudKit.framework/Versions/A/CloudKit
0x00000000081d4000 	/System/Library/PrivateFrameworks/ProtocolBuffer.framework/Versions/A/ProtocolBuffer
0x00000000081d4000 	/System/Library/PrivateFrameworks/CoreDuetDaemonProtocol.framework/Versions/A/CoreDuetDaemonProtocol
0x00000000081d4000 	/System/Library/PrivateFrameworks/CoreDuetDebugLogging.framework/Versions/A/CoreDuetDebugLogging
0x00000000081d4000 	/System/Library/Frameworks/CoreLocation.framework/Versions/A/CoreLocation
0x00000000081d4000 	/System/Library/Frameworks/Accounts.framework/Versions/A/Accounts
0x00000000081d4000 	/System/Library/PrivateFrameworks/ApplePushService.framework/Versions/A/ApplePushService
0x00000000081d4000 	/System/Library/PrivateFrameworks/GeoServices.framework/Versions/A/GeoServices
0x00000000081d4000 	/System/Library/PrivateFrameworks/OAuth.framework/Versions/A/OAuth
0x00000000081d4000 	/System/Library/PrivateFrameworks/CoreDaemon.framework/Versions/B/CoreDaemon
0x00000000081d4000 	/usr/lib/libcrypto.0.9.8.dylib
0x00000000081d4000 	/System/Library/PrivateFrameworks/AppleSRP.framework/Versions/A/AppleSRP
0x00000000081d4000 	/System/Library/PrivateFrameworks/TrustEvaluationAgent.framework/Versions/A/TrustEvaluationAgent
0x00000000081d4000 	/System/Library/Frameworks/CoreGraphics.framework/Versions/A/Resources/libCGCMS.A.dylib
0x00000000081d4000 	/System/Library/Frameworks/CoreGraphics.framework/Versions/A/Resources/libRIP.A.dylib
0x00000000081d4000 	/System/Library/Frameworks/CoreGraphics.framework/Versions/A/Resources/libCGXType.A.dylib
0x00000000081d4000 	/System/Library/Frameworks/OpenCL.framework/Versions/A/Libraries/libcldcpuengine.dylib
0x00000000081d4000 	/System/Library/PrivateFrameworks/DiskImages.framework/Versions/A/DiskImages
0x00000000081d4000 	/System/Library/Frameworks/DiscRecording.framework/Versions/A/DiscRecording
0x00000000081d4000 	/usr/lib/libcsfde.dylib
0x00000000081d4000 	/usr/lib/libcurl.4.dylib
0x00000000081d4000 	/System/Library/PrivateFrameworks/MediaKit.framework/Versions/A/MediaKit
0x00000000081d4000 	/System/Library/PrivateFrameworks/ProtectedCloudStorage.framework/Versions/A/ProtectedCloudStorage
0x00000000081d4000 	/usr/lib/libCoreStorage.dylib
0x00000000081d4000 	/System/Library/PrivateFrameworks/EFILogin.framework/Versions/A/EFILogin
0x00000000081d4000 	/usr/lib/libutil.dylib
0x00000000081d4000 	/System/Library/PrivateFrameworks/FindMyDevice.framework/Versions/A/FindMyDevice
0x00000000081d4000 	/System/Library/Frameworks/LDAP.framework/Versions/A/LDAP
0x00000000081d4000 	/usr/lib/libsasl2.2.dylib
0x000000011aa6d000 	cl_kernels
0x000000011aa6f000 	/System/Library/Frameworks/OpenCL.framework/Versions/A/Libraries/ImageFormats/unorm8_bgra.dylib
0x000000011aa5f000 	cl_kernels
0x00000000081d4000 	/System/Library/PrivateFrameworks/FamilyControls.framework/Versions/A/FamilyControls
0x00000000081d4000 	/System/Library/PrivateFrameworks/CommerceKit.framework/Versions/A/Frameworks/CommerceCore.framework/Versions/A/CommerceCore
0x00000000081d4000 	/System/Library/PrivateFrameworks/SystemAdministration.framework/Versions/A/SystemAdministration
0x00000000081d4000 	/System/Library/PrivateFrameworks/AppContainer.framework/Versions/A/AppContainer
0x00000000081d4000 	/System/Library/PrivateFrameworks/SecCodeWrapper.framework/Versions/A/SecCodeWrapper
0x00000000081d4000 	/System/Library/Frameworks/DirectoryService.framework/Versions/A/DirectoryService
0x00000000081d4000 	/System/Library/PrivateFrameworks/LoginUIKit.framework/Versions/A/Frameworks/LoginUICore.framework/Versions/A/LoginUICore
0x00000000081d4000 	/usr/lib/libodfde.dylib
0x000000011bcf3000 	/Library/Java/JavaVirtualMachines/jdk1.7.0_67.jdk/Contents/Home/jre/lib/libfontmanager.dylib
0x000000011bd5a000 	/Development/Scala/Idea/tilde/lib/native/macosx/liblwjgl.jnilib
0x0000000119ed6000 	/Library/Java/JavaVirtualMachines/jdk1.7.0_67.jdk/Contents/Home/jre/lib/libjawt.dylib
0x00000000081d4000 	/System/Library/Frameworks/OpenGL.framework/Versions/A/Resources/GLEngine.bundle/GLEngine
0x00000000081d4000 	/System/Library/Frameworks/OpenGL.framework/Versions/A/Libraries/libGLProgrammability.dylib
0x0000000000000000 	/System/Library/Extensions/AppleIntelHD5000GraphicsGLDriver.bundle/Contents/MacOS/AppleIntelHD5000GraphicsGLDriver
0x00000000081d4000 	/System/Library/PrivateFrameworks/IOAccelerator.framework/Versions/A/IOAccelerator
0x00000000081d4000 	/System/Library/PrivateFrameworks/GPUSupport.framework/Versions/A/Libraries/libGPUSupportMercury.dylib
0x00000000081d4000 	/System/Library/Frameworks/OpenGL.framework/Versions/A/Resources/GLRendererFloat.bundle/GLRendererFloat

VM Arguments:
jvm_args: -Djava.library.path=lib/native/macosx/ -Didea.launcher.port=7539 -Didea.launcher.bin.path=/Applications/IntelliJ IDEA 14 CE.app/Contents/bin -Dfile.encoding=UTF-8 
java_command: com.intellij.rt.execution.application.AppMain app.main.Main
Launcher Type: SUN_STANDARD

Environment Variables:
PATH=/usr/local/bin:/usr/bin:/bin:/usr/sbin:/sbin:/usr/local/git/bin
SHELL=/bin/bash

Signal Handlers:
SIGSEGV: [libjvm.dylib+0x52b6c9], sa_mask[0]=0xfffefeff, sa_flags=0x00000043
SIGBUS: [libjvm.dylib+0x52b6c9], sa_mask[0]=0xfffefeff, sa_flags=0x00000042
SIGFPE: [libjvm.dylib+0x41deaa], sa_mask[0]=0xfffefeff, sa_flags=0x00000042
SIGPIPE: [libjvm.dylib+0x41deaa], sa_mask[0]=0xfffefeff, sa_flags=0x00000042
SIGXFSZ: [libjvm.dylib+0x41deaa], sa_mask[0]=0xfffefeff, sa_flags=0x00000042
SIGILL: [libjvm.dylib+0x41deaa], sa_mask[0]=0xfffefeff, sa_flags=0x00000042
SIGUSR1: SIG_DFL, sa_mask[0]=0x00000000, sa_flags=0x00000000
SIGUSR2: [libjvm.dylib+0x41d99c], sa_mask[0]=0x00000004, sa_flags=0x00000042
SIGHUP: [libjvm.dylib+0x41bc2d], sa_mask[0]=0xfffefeff, sa_flags=0x00000042
SIGINT: [libjvm.dylib+0x41bc2d], sa_mask[0]=0xfffefeff, sa_flags=0x00000042
SIGTERM: [libjvm.dylib+0x41bc2d], sa_mask[0]=0xfffefeff, sa_flags=0x00000042
SIGQUIT: [libjvm.dylib+0x41bc2d], sa_mask[0]=0xfffefeff, sa_flags=0x00000042


---------------  S Y S T E M  ---------------

OS:Bsduname:Darwin 14.0.0 Darwin Kernel Version 14.0.0: Fri Sep 19 00:26:44 PDT 2014; root:xnu-2782.1.97~2/RELEASE_X86_64 x86_64
rlimit: STACK 8192k, CORE 0k, NPROC 709, NOFILE 10240, AS infinity
load average:2.12 2.52 2.39

CPU:total 4 (2 cores per cpu, 2 threads per core) family 6 model 69 stepping 1, cmov, cx8, fxsr, mmx, sse, sse2, sse3, ssse3, sse4.1, sse4.2, popcnt, avx, avx2, aes, erms, ht, tsc, tscinvbit

Memory: 4k page, physical 8388608k(2097152k free)

/proc/meminfo:


vm_info: Java HotSpot(TM) 64-Bit Server VM (24.65-b04) for bsd-amd64 JRE (1.7.0_67-b01), built on Jul 25 2014 08:51:51 by "java_re" with gcc 4.2.1 (Based on Apple Inc. build 5658) (LLVM build 2336.11.00)

time: Fri Dec 19 15:53:54 2014
elapsed time: 2 seconds

