#
# A fatal error has been detected by the Java Runtime Environment:
#
#  SIGSEGV (0xb) at pc=0x00007fff958460dd, pid=1566, tid=1299
#
# JRE version: Java(TM) SE Runtime Environment (7.0_67-b01) (build 1.7.0_67-b01)
# Java VM: Java HotSpot(TM) 64-Bit Server VM (24.65-b04 mixed mode bsd-amd64 compressed oops)
# Problematic frame:
# C  [libobjc.A.dylib+0x10dd]  objc_msgSend+0x1d
#
# Failed to write core dump. Core dumps have been disabled. To enable core dumping, try "ulimit -c unlimited" before starting Java again
#
# If you would like to submit a bug report, please visit:
#   http://bugreport.sun.com/bugreport/crash.jsp
# The crash happened outside the Java Virtual Machine in native code.
# See problematic frame for where to report the bug.
#

---------------  T H R E A D  ---------------

Current thread (0x00007fc5a28b4000):  JavaThread "AppKit Thread" daemon [_thread_in_native, id=1299, stack(0x00007fff505b8000,0x00007fff50638000)]

siginfo:si_signo=SIGSEGV: si_errno=0, si_code=1 (SEGV_MAPERR), si_addr=0x000007fc5a0d3220

Registers:
RAX=0x00007fc5a0d2d500, RBX=0x00007fff506330e8, RCX=0x0000000000000000, RDX=0x00007fc5a0c81c30
RSP=0x00007fff50632f08, RBP=0x00007fff50632f10, RSI=0x00007fff8e03ac54, RDI=0x00007fc5a0d2d500
R8 =0x00007fff50632ef0, R9 =0x0000000000000055, R10=0x00007fff8e03ac54, R11=0x000007fc5a0d3208
R12=0x00007fc5a0e03be0, R13=0x00000000000f42e7, R14=0x00007fc5a0ca6400, R15=0x00007fff50633048
RIP=0x00007fff958460dd, EFLAGS=0x0000000000010202, ERR=0x0000000000000004
  TRAPNO=0x000000000000000e

Top of Stack: (sp=0x00007fff50632f08)
0x00007fff50632f08:   00007fff8af03cbc 00007fff50633270
0x00007fff50632f18:   00007fff8adf51b4 00007fff50632f9c
0x00007fff50632f28:   00007fff50632fa0 00007fff50632fa4
0x00007fff50632f38:   00007fff78b4eb48 ffffffffffffffff
0x00007fff50632f48:   00000000000007f8 00007fff78b4eb60
0x00007fff50632f58:   00007fc5a0ca6400 0000000000000000
0x00007fff50632f68:   00007fff50633040 0000000000000000
0x00007fff50632f78:   00007fc5a0d32b90 00007fff506330c0
0x00007fff50632f88:   0000000000000055 00000000000f42e9
0x00007fff50632f98:   00007fc5a0c81c30 00007fc5a0d32600
0x00007fff50632fa8:   00007fc5a0e03be0 0000000000000001
0x00007fff50632fb8:   00000000000f42e7 00007fc5a0e03bd0
0x00007fff50632fc8:   00007fff8b9e4109 00000001a0d300e0
0x00007fff50632fd8:   00007fff7a5320d0 0000000042000000
0x00007fff50632fe8:   00007fff8b9ec6a3 00007fff78b191d0
0x00007fff50632ff8:   00007fff506330c8 0000000000000000
0x00007fff50633008:   00007fff7a4d38c8 00007fff7a4d38c8
0x00007fff50633018:   0000000000000003 00019c0300000001
0x00007fff50633028:   00007fc5a0e03c04 0000000000000000
0x00007fff50633038:   00000000003ba901 00007fc5a0d32c10
0x00007fff50633048:   00007fc5a0ca6400 00007fff7a4d38c8
0x00007fff50633058:   00007fff8e072937 00007fff50633100
0x00007fff50633068:   00007fff8cf475a7 00007fff506330e4
0x00007fff50633078:   00000000003baa01 00000000ffffffff
0x00007fff50633088:   00007fff7a4d38c8 00000000003baa00
0x00007fff50633098:   00007fff00000000 00007fff50633190
0x00007fff506330a8:   00007fff96134edc 00007fff7a4d38e8
0x00007fff506330b8:   00007fff8e072937 0000000000000051
0x00007fff506330c8:   0000000000000000 00000000000f42e0
0x00007fff506330d8:   0000000000000053 0000000000000000
0x00007fff506330e8:   00000000000f42e7 00007fff50633164
0x00007fff506330f8:   00000000003bb601 00000000ffffffff 

Instructions: (pc=0x00007fff958460dd)
0x00007fff958460bd:   00 00 00 48 85 ff 2e 74 7a 40 f6 c7 01 2e 75 7e
0x00007fff958460cd:   49 bb f8 ff ff ff ff 7f 00 00 4c 23 1f 49 89 f2
0x00007fff958460dd:   45 23 53 18 49 c1 e2 04 4d 03 53 10 49 3b 32 75
0x00007fff958460ed:   04 41 ff 62 08 49 83 3a 00 74 6a 4d 3b 53 10 74 

Register to memory mapping:

RAX=0x00007fc5a0d2d500 is an unknown value
RBX=0x00007fff506330e8 is pointing into the stack for thread: 0x00007fc5a28b4000
RCX=0x0000000000000000 is an unknown value
RDX=0x00007fc5a0c81c30 is an unknown value
RSP=0x00007fff50632f08 is pointing into the stack for thread: 0x00007fc5a28b4000
RBP=0x00007fff50632f10 is pointing into the stack for thread: 0x00007fc5a28b4000
RSI=0x00007fff8e03ac54: -[NSTitlebarContainerView shouldRoundCorners]+0x5c646 in /System/Library/Frameworks/AppKit.framework/Versions/C/AppKit at 0x00007fff8d671000
RDI=0x00007fc5a0d2d500 is an unknown value
R8 =0x00007fff50632ef0 is pointing into the stack for thread: 0x00007fc5a28b4000
R9 =0x0000000000000055 is an unknown value
R10=0x00007fff8e03ac54: -[NSTitlebarContainerView shouldRoundCorners]+0x5c646 in /System/Library/Frameworks/AppKit.framework/Versions/C/AppKit at 0x00007fff8d671000
R11=0x000007fc5a0d3208 is an unknown value
R12=0x00007fc5a0e03be0 is an unknown value
R13=0x00000000000f42e7 is an unknown value
R14=0x00007fc5a0ca6400 is an unknown value
R15=0x00007fff50633048 is pointing into the stack for thread: 0x00007fc5a28b4000


Stack: [0x00007fff505b8000,0x00007fff50638000],  sp=0x00007fff50632f08,  free space=491k
Native frames: (J=compiled Java code, j=interpreted, Vv=VM code, C=native code)
C  [libobjc.A.dylib+0x10dd]  objc_msgSend+0x1d
C  [CoreFoundation+0x101b4]  _CFXNotificationPost+0xc44
C  [Foundation+0x2ea1]  -[NSNotificationCenter postNotificationName:object:userInfo:]+0x42
C  [AppKit+0xddc86]  -[NSSurface _disposeSurface]+0x98
C  [AppKit+0xdd6ea]  -[NSSurface setWindow:]+0x42
C  [AppKit+0x3c15c]  -[NSView _setWindow:]+0x98f
C  [AppKit+0x3d3b2]  -[NSView removeFromSuperview]+0x1c5
C  [AppKit+0x91a1a]  -[NSView removeFromSuperviewWithoutNeedingDisplay]+0x26
C  [liblwjgl.jnilib+0x9c3e]  +[MacOSXKeyableWindow destroyWindow]+0xde
C  [Foundation+0x65f4c]  __NSThreadPerformPerform+0x125
C  [CoreFoundation+0x80661]  __CFRUNLOOP_IS_CALLING_OUT_TO_A_SOURCE0_PERFORM_FUNCTION__+0x11
C  [CoreFoundation+0x727ed]  __CFRunLoopDoSources0+0x10d
C  [CoreFoundation+0x71e1f]  __CFRunLoopRun+0x39f
C  [CoreFoundation+0x71838]  CFRunLoopRunSpecific+0x128
C  [HIToolbox+0x2e43f]  RunCurrentEventLoopInMode+0xeb
C  [HIToolbox+0x2e0be]  ReceiveNextEventCommon+0xb3
C  [HIToolbox+0x2dffb]  _BlockUntilNextEventMatchingListInModeWithFilter+0x47
C  [AppKit+0x24821]  _DPSNextEvent+0x3c4
C  [AppKit+0x23fd0]  -[NSApplication nextEventMatchingMask:untilDate:inMode:dequeue:]+0xc2
C  [libosxapp.dylib+0x24e3]  -[NSApplicationAWT nextEventMatchingMask:untilDate:inMode:dequeue:]+0x7c
C  [AppKit+0x17f73]  -[NSApplication run]+0x252
C  [libosxapp.dylib+0x2346]  +[NSApplicationAWT runAWTLoopWithApp:]+0x9c
C  [liblwawt.dylib+0xd889]  -[AWTStarter starter:]+0x369
C  [Foundation+0x65f4c]  __NSThreadPerformPerform+0x125
C  [CoreFoundation+0x80661]  __CFRUNLOOP_IS_CALLING_OUT_TO_A_SOURCE0_PERFORM_FUNCTION__+0x11
C  [CoreFoundation+0x727ed]  __CFRunLoopDoSources0+0x10d
C  [CoreFoundation+0x71e1f]  __CFRunLoopRun+0x39f
C  [CoreFoundation+0x71838]  CFRunLoopRunSpecific+0x128
C  [java+0x73b0]  CreateExecutionEnvironment+0x367
C  [java+0x1b5c]  JLI_Launch+0x7a0
C  [java+0x770d]  main+0x65
C  [java+0x13b4]  start+0x34


---------------  P R O C E S S  ---------------

Java Threads: ( => current thread )
  0x00007fc5a28ff800 JavaThread "AWT-Shutdown" [_thread_blocked, id=27931, stack(0x00000001a2d6f000,0x00000001a2e6f000)]
  0x00007fc5a1947000 JavaThread "Java2D Disposer" daemon [_thread_blocked, id=50707, stack(0x00000001a6bbd000,0x00000001a6cbd000)]
=>0x00007fc5a28b4000 JavaThread "AppKit Thread" daemon [_thread_in_native, id=1299, stack(0x00007fff505b8000,0x00007fff50638000)]
  0x00007fc5a1828800 JavaThread "Monitor Ctrl-Break" daemon [_thread_in_native, id=18691, stack(0x00000001a156f000,0x00000001a166f000)]
  0x00007fc5a102a800 JavaThread "Service Thread" daemon [_thread_blocked, id=17667, stack(0x00000001a10d1000,0x00000001a11d1000)]
  0x00007fc5a1022000 JavaThread "C2 CompilerThread1" daemon [_thread_blocked, id=17155, stack(0x00000001a0fce000,0x00000001a10ce000)]
  0x00007fc5a1029000 JavaThread "C2 CompilerThread0" daemon [_thread_blocked, id=16643, stack(0x00000001a0ecb000,0x00000001a0fcb000)]
  0x00007fc5a101c000 JavaThread "Signal Dispatcher" daemon [_thread_blocked, id=13331, stack(0x00000001a0dc8000,0x00000001a0ec8000)]
  0x00007fc5a101a800 JavaThread "Finalizer" daemon [_thread_blocked, id=11523, stack(0x000000019f482000,0x000000019f582000)]
  0x00007fc5a1019800 JavaThread "Reference Handler" daemon [_thread_blocked, id=11011, stack(0x000000019f37f000,0x000000019f47f000)]
  0x00007fc5a1800800 JavaThread "main" [_thread_in_native, id=4867, stack(0x000000010f6de000,0x000000010f7de000)]

Other Threads:
  0x00007fc5a1017000 VMThread [stack: 0x000000019f27c000,0x000000019f37c000] [id=10499]
  0x00007fc5a1033800 WatcherThread [stack: 0x00000001a11d4000,0x00000001a12d4000] [id=18179]

VM state:not at safepoint (normal execution)

VM Mutex/Monitor currently owned by a thread: None

Heap
 PSYoungGen      total 38912K, used 21159K [0x000000016e300000, 0x0000000170e00000, 0x0000000198e00000)
  eden space 33792K, 62% used [0x000000016e300000,0x000000016f7a9f20,0x0000000170400000)
  from space 5120K, 0% used [0x0000000170900000,0x0000000170900000,0x0000000170e00000)
  to   space 5120K, 0% used [0x0000000170400000,0x0000000170400000,0x0000000170900000)
 ParOldGen       total 87040K, used 0K [0x0000000118e00000, 0x000000011e300000, 0x000000016e300000)
  object space 87040K, 0% used [0x0000000118e00000,0x0000000118e00000,0x000000011e300000)
 PSPermGen       total 21504K, used 8623K [0x0000000113c00000, 0x0000000115100000, 0x0000000118e00000)
  object space 21504K, 40% used [0x0000000113c00000,0x000000011446bf48,0x0000000115100000)

Card table byte_map: [0x0000000198e00000,0x000000019922a000] byte_map_base: 0x0000000198562000

Polling page: 0x000000010f7ed000

Code Cache  [0x0000000110a8f000, 0x0000000110cff000, 0x0000000113a8f000)
 total_blobs=417 nmethods=71 adapters=300 free_code_cache=48474Kb largest_free_block=49620224

Compilation events (10 events):
Event: 1.685 Thread 0x00007fc5a1029000 nmethod 66 0x0000000110b12890 code [0x0000000110b129c0, 0x0000000110b12a18]
Event: 1.685 Thread 0x00007fc5a1022000 nmethod 65 0x0000000110b04b90 code [0x0000000110b04cc0, 0x0000000110b04cf8]
Event: 1.701 Thread 0x00007fc5a1029000   67             org.lwjgl.opengl.Sync$RunningAvg::add (38 bytes)
Event: 1.702 Thread 0x00007fc5a1029000 nmethod 67 0x0000000110b2ad50 code [0x0000000110b2aea0, 0x0000000110b2af98]
Event: 1.716 Thread 0x00007fc5a1022000   68   !         org.lwjgl.opengl.Sync::sync (125 bytes)
Event: 1.727 Thread 0x00007fc5a1022000 nmethod 68 0x0000000110b2b950 code [0x0000000110b2bb40, 0x0000000110b2c2e0]
Event: 2.233 Thread 0x00007fc5a1029000   70             java.nio.Buffer::checkIndex (22 bytes)
Event: 2.234 Thread 0x00007fc5a1029000 nmethod 70 0x0000000110b2a7d0 code [0x0000000110b2a900, 0x0000000110b2a978]
Event: 3.655 Thread 0x00007fc5a1022000   71             java.util.HashMap::get (29 bytes)
Event: 3.658 Thread 0x00007fc5a1022000 nmethod 71 0x0000000110b3ac10 code [0x0000000110b3ad80, 0x0000000110b3afa8]

GC Heap History (0 events):
No events

Deoptimization events (4 events):
Event: 0.887 Thread 0x00007fc5a1800800 Uncommon trap: reason=bimorphic action=maybe_recompile pc=0x0000000110b0ce20 method=java.util.HashMap.getEntry(Ljava/lang/Object;)Ljava/util/HashMap$Entry; @ 68
Event: 0.887 Thread 0x00007fc5a1800800 Uncommon trap: reason=bimorphic action=maybe_recompile pc=0x0000000110b0ce20 method=java.util.HashMap.getEntry(Ljava/lang/Object;)Ljava/util/HashMap$Entry; @ 68
Event: 0.888 Thread 0x00007fc5a1800800 Uncommon trap: reason=bimorphic action=maybe_recompile pc=0x0000000110b0ce20 method=java.util.HashMap.getEntry(Ljava/lang/Object;)Ljava/util/HashMap$Entry; @ 68
Event: 0.888 Thread 0x00007fc5a1800800 Uncommon trap: reason=bimorphic action=maybe_recompile pc=0x0000000110b0ce20 method=java.util.HashMap.getEntry(Ljava/lang/Object;)Ljava/util/HashMap$Entry; @ 68

Internal exceptions (10 events):
Event: 0.921 Thread 0x00007fc5a1800800 Threw 0x000000016f5e58d8 at /HUDSON/workspace/7u-2-build-macosx-x86_64/jdk7u67/1368/hotspot/src/share/vm/prims/jvm.cpp:1244
Event: 0.921 Thread 0x00007fc5a1800800 Threw 0x000000016f5eab58 at /HUDSON/workspace/7u-2-build-macosx-x86_64/jdk7u67/1368/hotspot/src/share/vm/prims/jvm.cpp:1244
Event: 0.922 Thread 0x00007fc5a1800800 Threw 0x000000016f5ef420 at /HUDSON/workspace/7u-2-build-macosx-x86_64/jdk7u67/1368/hotspot/src/share/vm/prims/jvm.cpp:1244
Event: 0.922 Thread 0x00007fc5a1800800 Threw 0x000000016f5f4948 at /HUDSON/workspace/7u-2-build-macosx-x86_64/jdk7u67/1368/hotspot/src/share/vm/prims/jvm.cpp:1244
Event: 1.089 Thread 0x00007fc5a1800800 Threw 0x000000016f65d4e8 at /HUDSON/workspace/7u-2-build-macosx-x86_64/jdk7u67/1368/hotspot/src/share/vm/prims/jvm.cpp:1244
Event: 1.090 Thread 0x00007fc5a1800800 Threw 0x000000016f661530 at /HUDSON/workspace/7u-2-build-macosx-x86_64/jdk7u67/1368/hotspot/src/share/vm/prims/jvm.cpp:1244
Event: 1.092 Thread 0x00007fc5a1800800 Threw 0x000000016f66f2b0 at /HUDSON/workspace/7u-2-build-macosx-x86_64/jdk7u67/1368/hotspot/src/share/vm/prims/jvm.cpp:1244
Event: 1.116 Thread 0x00007fc5a1800800 Threw 0x000000016f672e78 at /HUDSON/workspace/7u-2-build-macosx-x86_64/jdk7u67/1368/hotspot/src/share/vm/prims/jvm.cpp:1244
Event: 1.118 Thread 0x00007fc5a1800800 Threw 0x000000016f678678 at /HUDSON/workspace/7u-2-build-macosx-x86_64/jdk7u67/1368/hotspot/src/share/vm/prims/jvm.cpp:1244
Event: 3.655 Thread 0x00007fc5a1800800 Threw 0x000000016f67e630 at /HUDSON/workspace/7u-2-build-macosx-x86_64/jdk7u67/1368/hotspot/src/share/vm/prims/jvm.cpp:1244

Events (10 events):
Event: 1.899 loading class 0x00007fc5a1905130 done
Event: 1.899 loading class 0x00007fc5a19050c0 done
Event: 1.899 loading class 0x00007fc5a2130c20
Event: 1.899 loading class 0x00007fc5a2130c20 done
Event: 1.899 loading class 0x00007fc5a1904bd0
Event: 1.899 loading class 0x00007fc5a1904bd0 done
Event: 1.900 Thread 0x00007fc5a28ff800 Thread exited: 0x00007fc5a28ff800
Event: 1.986 Thread 0x00007fc5a28ff800 Thread added: 0x00007fc5a28ff800
Event: 3.654 loading class 0x00007fc5a0f82df0
Event: 3.654 loading class 0x00007fc5a0f82df0 done


Dynamic libraries:
0x00000000081d4000 	/System/Library/Frameworks/Cocoa.framework/Versions/A/Cocoa
0x00000000081d4000 	/System/Library/Frameworks/Security.framework/Versions/A/Security
0x00000000081d4000 	/System/Library/Frameworks/ApplicationServices.framework/Versions/A/ApplicationServices
0x00000000081d4000 	/usr/lib/libz.1.dylib
0x00000000081d4000 	/usr/lib/libSystem.B.dylib
0x00000000081d4000 	/usr/lib/libobjc.A.dylib
0x00000000081d4000 	/System/Library/Frameworks/CoreFoundation.framework/Versions/A/CoreFoundation
0x00000000081d4000 	/System/Library/Frameworks/Foundation.framework/Versions/C/Foundation
0x00000000081d4000 	/System/Library/Frameworks/AppKit.framework/Versions/C/AppKit
0x00000000081d4000 	/System/Library/Frameworks/CoreData.framework/Versions/A/CoreData
0x00000000081d4000 	/System/Library/PrivateFrameworks/RemoteViewServices.framework/Versions/A/RemoteViewServices
0x00000000081d4000 	/System/Library/PrivateFrameworks/UIFoundation.framework/Versions/A/UIFoundation
0x00000000081d4000 	/System/Library/Frameworks/IOSurface.framework/Versions/A/IOSurface
0x00000000081d4000 	/System/Library/Frameworks/AudioToolbox.framework/Versions/A/AudioToolbox
0x00000000081d4000 	/System/Library/Frameworks/AudioUnit.framework/Versions/A/AudioUnit
0x00000000081d4000 	/System/Library/PrivateFrameworks/DataDetectorsCore.framework/Versions/A/DataDetectorsCore
0x00000000081d4000 	/System/Library/PrivateFrameworks/DesktopServicesPriv.framework/Versions/A/DesktopServicesPriv
0x00000000081d4000 	/System/Library/Frameworks/Carbon.framework/Versions/A/Frameworks/HIToolbox.framework/Versions/A/HIToolbox
0x00000000081d4000 	/System/Library/Frameworks/QuartzCore.framework/Versions/A/QuartzCore
0x00000000081d4000 	/System/Library/Frameworks/Carbon.framework/Versions/A/Frameworks/SpeechRecognition.framework/Versions/A/SpeechRecognition
0x00000000081d4000 	/usr/lib/libauto.dylib
0x00000000081d4000 	/usr/lib/libicucore.A.dylib
0x00000000081d4000 	/usr/lib/libxml2.2.dylib
0x00000000081d4000 	/System/Library/PrivateFrameworks/CoreUI.framework/Versions/A/CoreUI
0x00000000081d4000 	/System/Library/Frameworks/CoreAudio.framework/Versions/A/CoreAudio
0x00000000081d4000 	/System/Library/Frameworks/DiskArbitration.framework/Versions/A/DiskArbitration
0x00000000081d4000 	/usr/lib/liblangid.dylib
0x00000000081d4000 	/System/Library/PrivateFrameworks/MultitouchSupport.framework/Versions/A/MultitouchSupport
0x00000000081d4000 	/System/Library/Frameworks/IOKit.framework/Versions/A/IOKit
0x00000000081d4000 	/usr/lib/libDiagnosticMessagesClient.dylib
0x00000000081d4000 	/System/Library/Frameworks/CoreServices.framework/Versions/A/CoreServices
0x00000000081d4000 	/System/Library/PrivateFrameworks/PerformanceAnalysis.framework/Versions/A/PerformanceAnalysis
0x00000000081d4000 	/System/Library/PrivateFrameworks/GenerationalStorage.framework/Versions/A/GenerationalStorage
0x00000000081d4000 	/System/Library/Frameworks/OpenGL.framework/Versions/A/OpenGL
0x00000000081d4000 	/System/Library/PrivateFrameworks/Sharing.framework/Versions/A/Sharing
0x00000000081d4000 	/System/Library/Frameworks/CoreGraphics.framework/Versions/A/CoreGraphics
0x00000000081d4000 	/System/Library/Frameworks/CoreText.framework/Versions/A/CoreText
0x00000000081d4000 	/System/Library/Frameworks/ImageIO.framework/Versions/A/ImageIO
0x00000000081d4000 	/usr/lib/libextension.dylib
0x00000000081d4000 	/System/Library/PrivateFrameworks/Backup.framework/Versions/A/Backup
0x00000000081d4000 	/usr/lib/libarchive.2.dylib
0x00000000081d4000 	/System/Library/Frameworks/CFNetwork.framework/Versions/A/CFNetwork
0x00000000081d4000 	/System/Library/Frameworks/SystemConfiguration.framework/Versions/A/SystemConfiguration
0x00000000081d4000 	/usr/lib/libCRFSuite.dylib
0x00000000081d4000 	/usr/lib/libc++.1.dylib
0x00000000081d4000 	/usr/lib/libc++abi.dylib
0x00000000081d4000 	/usr/lib/system/libcache.dylib
0x00000000081d4000 	/usr/lib/system/libcommonCrypto.dylib
0x00000000081d4000 	/usr/lib/system/libcompiler_rt.dylib
0x00000000081d4000 	/usr/lib/system/libcopyfile.dylib
0x00000000081d4000 	/usr/lib/system/libcorecrypto.dylib
0x00000000081d4000 	/usr/lib/system/libdispatch.dylib
0x00000000081d4000 	/usr/lib/system/libdyld.dylib
0x00000000081d4000 	/usr/lib/system/libkeymgr.dylib
0x00000000081d4000 	/usr/lib/system/liblaunch.dylib
0x00000000081d4000 	/usr/lib/system/libmacho.dylib
0x00000000081d4000 	/usr/lib/system/libquarantine.dylib
0x00000000081d4000 	/usr/lib/system/libremovefile.dylib
0x00000000081d4000 	/usr/lib/system/libsystem_asl.dylib
0x00000000081d4000 	/usr/lib/system/libsystem_blocks.dylib
0x00000000081d4000 	/usr/lib/system/libsystem_c.dylib
0x00000000081d4000 	/usr/lib/system/libsystem_configuration.dylib
0x00000000081d4000 	/usr/lib/system/libsystem_coreservices.dylib
0x00000000081d4000 	/usr/lib/system/libsystem_coretls.dylib
0x00000000081d4000 	/usr/lib/system/libsystem_dnssd.dylib
0x00000000081d4000 	/usr/lib/system/libsystem_info.dylib
0x00000000081d4000 	/usr/lib/system/libsystem_kernel.dylib
0x00000000081d4000 	/usr/lib/system/libsystem_m.dylib
0x00000000081d4000 	/usr/lib/system/libsystem_malloc.dylib
0x00000000081d4000 	/usr/lib/system/libsystem_network.dylib
0x00000000081d4000 	/usr/lib/system/libsystem_networkextension.dylib
0x00000000081d4000 	/usr/lib/system/libsystem_notify.dylib
0x00000000081d4000 	/usr/lib/system/libsystem_platform.dylib
0x00000000081d4000 	/usr/lib/system/libsystem_pthread.dylib
0x00000000081d4000 	/usr/lib/system/libsystem_sandbox.dylib
0x00000000081d4000 	/usr/lib/system/libsystem_secinit.dylib
0x00000000081d4000 	/usr/lib/system/libsystem_stats.dylib
0x00000000081d4000 	/usr/lib/system/libsystem_trace.dylib
0x00000000081d4000 	/usr/lib/system/libunc.dylib
0x00000000081d4000 	/usr/lib/system/libunwind.dylib
0x00000000081d4000 	/usr/lib/system/libxpc.dylib
0x00000000081d4000 	/usr/lib/libbz2.1.0.dylib
0x00000000081d4000 	/usr/lib/liblzma.5.dylib
0x00000000081d4000 	/usr/lib/libbsm.0.dylib
0x00000000081d4000 	/usr/lib/libsqlite3.dylib
0x00000000081d4000 	/usr/lib/system/libkxld.dylib
0x00000000081d4000 	/usr/lib/libxar.1.dylib
0x00000000081d4000 	/usr/lib/libpam.2.dylib
0x00000000081d4000 	/usr/lib/libOpenScriptingUtil.dylib
0x00000000081d4000 	/System/Library/Frameworks/CoreServices.framework/Versions/A/Frameworks/FSEvents.framework/Versions/A/FSEvents
0x00000000081d4000 	/System/Library/Frameworks/CoreServices.framework/Versions/A/Frameworks/CarbonCore.framework/Versions/A/CarbonCore
0x00000000081d4000 	/System/Library/Frameworks/CoreServices.framework/Versions/A/Frameworks/Metadata.framework/Versions/A/Metadata
0x00000000081d4000 	/System/Library/Frameworks/CoreServices.framework/Versions/A/Frameworks/OSServices.framework/Versions/A/OSServices
0x00000000081d4000 	/System/Library/Frameworks/CoreServices.framework/Versions/A/Frameworks/SearchKit.framework/Versions/A/SearchKit
0x00000000081d4000 	/System/Library/Frameworks/CoreServices.framework/Versions/A/Frameworks/AE.framework/Versions/A/AE
0x00000000081d4000 	/System/Library/Frameworks/CoreServices.framework/Versions/A/Frameworks/LaunchServices.framework/Versions/A/LaunchServices
0x00000000081d4000 	/System/Library/Frameworks/CoreServices.framework/Versions/A/Frameworks/DictionaryServices.framework/Versions/A/DictionaryServices
0x00000000081d4000 	/System/Library/Frameworks/NetFS.framework/Versions/A/NetFS
0x00000000081d4000 	/System/Library/PrivateFrameworks/NetAuth.framework/Versions/A/NetAuth
0x00000000081d4000 	/System/Library/PrivateFrameworks/login.framework/Versions/A/Frameworks/loginsupport.framework/Versions/A/loginsupport
0x00000000081d4000 	/System/Library/PrivateFrameworks/TCC.framework/Versions/A/TCC
0x00000000081d4000 	/usr/lib/libmecabra.dylib
0x00000000081d4000 	/System/Library/PrivateFrameworks/LanguageModeling.framework/Versions/A/LanguageModeling
0x00000000081d4000 	/usr/lib/libcmph.dylib
0x00000000081d4000 	/usr/lib/libiconv.2.dylib
0x00000000081d4000 	/System/Library/Frameworks/OpenDirectory.framework/Versions/A/Frameworks/CFOpenDirectory.framework/Versions/A/CFOpenDirectory
0x00000000081d4000 	/System/Library/Frameworks/ServiceManagement.framework/Versions/A/ServiceManagement
0x00000000081d4000 	/usr/lib/libxslt.1.dylib
0x00000000081d4000 	/System/Library/Frameworks/Carbon.framework/Versions/A/Frameworks/Ink.framework/Versions/A/Ink
0x00000000081d4000 	/System/Library/Frameworks/ApplicationServices.framework/Versions/A/Frameworks/ATS.framework/Versions/A/ATS
0x00000000081d4000 	/System/Library/Frameworks/ApplicationServices.framework/Versions/A/Frameworks/ColorSync.framework/Versions/A/ColorSync
0x00000000081d4000 	/System/Library/Frameworks/ApplicationServices.framework/Versions/A/Frameworks/HIServices.framework/Versions/A/HIServices
0x00000000081d4000 	/System/Library/Frameworks/ApplicationServices.framework/Versions/A/Frameworks/LangAnalysis.framework/Versions/A/LangAnalysis
0x00000000081d4000 	/System/Library/Frameworks/ApplicationServices.framework/Versions/A/Frameworks/PrintCore.framework/Versions/A/PrintCore
0x00000000081d4000 	/System/Library/Frameworks/ApplicationServices.framework/Versions/A/Frameworks/QD.framework/Versions/A/QD
0x00000000081d4000 	/System/Library/Frameworks/ApplicationServices.framework/Versions/A/Frameworks/SpeechSynthesis.framework/Versions/A/SpeechSynthesis
0x00000000081d4000 	/System/Library/Frameworks/Accelerate.framework/Versions/A/Accelerate
0x00000000081d4000 	/System/Library/Frameworks/Accelerate.framework/Versions/A/Frameworks/vImage.framework/Versions/A/vImage
0x00000000081d4000 	/System/Library/Frameworks/Accelerate.framework/Versions/A/Frameworks/vecLib.framework/Versions/A/vecLib
0x00000000081d4000 	/System/Library/Frameworks/Accelerate.framework/Versions/A/Frameworks/vecLib.framework/Versions/A/libvDSP.dylib
0x00000000081d4000 	/System/Library/Frameworks/Accelerate.framework/Versions/A/Frameworks/vecLib.framework/Versions/A/libvMisc.dylib
0x00000000081d4000 	/System/Library/Frameworks/Accelerate.framework/Versions/A/Frameworks/vecLib.framework/Versions/A/libLAPACK.dylib
0x00000000081d4000 	/System/Library/Frameworks/Accelerate.framework/Versions/A/Frameworks/vecLib.framework/Versions/A/libBLAS.dylib
0x00000000081d4000 	/System/Library/Frameworks/Accelerate.framework/Versions/A/Frameworks/vecLib.framework/Versions/A/libLinearAlgebra.dylib
0x00000000081d4000 	/System/Library/Frameworks/ApplicationServices.framework/Versions/A/Frameworks/ATS.framework/Versions/A/Resources/libFontParser.dylib
0x00000000081d4000 	/System/Library/Frameworks/ApplicationServices.framework/Versions/A/Frameworks/ATS.framework/Versions/A/Resources/libFontRegistry.dylib
0x00000000081d4000 	/System/Library/PrivateFrameworks/AppleVPA.framework/Versions/A/AppleVPA
0x00000000081d4000 	/System/Library/PrivateFrameworks/AppleJPEG.framework/Versions/A/AppleJPEG
0x00000000081d4000 	/System/Library/Frameworks/ImageIO.framework/Versions/A/Resources/libJPEG.dylib
0x00000000081d4000 	/System/Library/Frameworks/ImageIO.framework/Versions/A/Resources/libTIFF.dylib
0x00000000081d4000 	/System/Library/Frameworks/ImageIO.framework/Versions/A/Resources/libPng.dylib
0x00000000081d4000 	/System/Library/Frameworks/ImageIO.framework/Versions/A/Resources/libGIF.dylib
0x00000000081d4000 	/System/Library/Frameworks/ImageIO.framework/Versions/A/Resources/libJP2.dylib
0x00000000081d4000 	/System/Library/Frameworks/ImageIO.framework/Versions/A/Resources/libRadiance.dylib
0x00000000081d4000 	/System/Library/Frameworks/CoreVideo.framework/Versions/A/CoreVideo
0x00000000081d4000 	/System/Library/Frameworks/OpenGL.framework/Versions/A/Libraries/libGLU.dylib
0x00000000081d4000 	/System/Library/Frameworks/OpenGL.framework/Versions/A/Libraries/libGFXShared.dylib
0x00000000081d4000 	/System/Library/Frameworks/OpenGL.framework/Versions/A/Libraries/libGL.dylib
0x00000000081d4000 	/System/Library/Frameworks/OpenGL.framework/Versions/A/Libraries/libGLImage.dylib
0x00000000081d4000 	/System/Library/Frameworks/OpenGL.framework/Versions/A/Libraries/libCVMSPluginSupport.dylib
0x00000000081d4000 	/System/Library/Frameworks/OpenGL.framework/Versions/A/Libraries/libCoreVMClient.dylib
0x00000000081d4000 	/usr/lib/libcups.2.dylib
0x00000000081d4000 	/System/Library/Frameworks/Kerberos.framework/Versions/A/Kerberos
0x00000000081d4000 	/System/Library/Frameworks/GSS.framework/Versions/A/GSS
0x00000000081d4000 	/usr/lib/libresolv.9.dylib
0x00000000081d4000 	/System/Library/PrivateFrameworks/Heimdal.framework/Versions/A/Heimdal
0x00000000081d4000 	/usr/lib/libheimdal-asn1.dylib
0x00000000081d4000 	/System/Library/Frameworks/OpenDirectory.framework/Versions/A/OpenDirectory
0x00000000081d4000 	/System/Library/PrivateFrameworks/CommonAuth.framework/Versions/A/CommonAuth
0x00000000081d4000 	/System/Library/Frameworks/SecurityFoundation.framework/Versions/A/SecurityFoundation
0x00000000081d4000 	/System/Library/Frameworks/QuartzCore.framework/Versions/A/Frameworks/CoreImage.framework/Versions/A/CoreImage
0x00000000081d4000 	/System/Library/PrivateFrameworks/CrashReporterSupport.framework/Versions/A/CrashReporterSupport
0x00000000081d4000 	/System/Library/Frameworks/OpenCL.framework/Versions/A/OpenCL
0x00000000081d4000 	/System/Library/PrivateFrameworks/FaceCore.framework/Versions/A/FaceCore
0x00000000081d4000 	/System/Library/PrivateFrameworks/Ubiquity.framework/Versions/A/Ubiquity
0x00000000081d4000 	/System/Library/PrivateFrameworks/IconServices.framework/Versions/A/IconServices
0x00000000081d4000 	/System/Library/PrivateFrameworks/ChunkingLibrary.framework/Versions/A/ChunkingLibrary
0x00000000081d4000 	/System/Library/PrivateFrameworks/Apple80211.framework/Versions/A/Apple80211
0x00000000081d4000 	/System/Library/Frameworks/CoreWLAN.framework/Versions/A/CoreWLAN
0x00000000081d4000 	/System/Library/Frameworks/IOBluetooth.framework/Versions/A/IOBluetooth
0x00000000081d4000 	/System/Library/PrivateFrameworks/CoreWiFi.framework/Versions/A/CoreWiFi
0x00000000081d4000 	/System/Library/Frameworks/CoreBluetooth.framework/Versions/A/CoreBluetooth
0x00000000081d4000 	/System/Library/PrivateFrameworks/DebugSymbols.framework/Versions/A/DebugSymbols
0x00000000081d4000 	/System/Library/PrivateFrameworks/CoreSymbolication.framework/Versions/A/CoreSymbolication
0x00000000081d4000 	/System/Library/PrivateFrameworks/Symbolication.framework/Versions/A/Symbolication
0x00000000081d4000 	/System/Library/PrivateFrameworks/SpeechRecognitionCore.framework/Versions/A/SpeechRecognitionCore
0x0000000110000000 	/Library/Java/JavaVirtualMachines/jdk1.7.0_67.jdk/Contents/Home/jre/lib/server/libjvm.dylib
0x00000000081d4000 	/usr/lib/libstdc++.6.dylib
0x000000010f7e0000 	/Library/Java/JavaVirtualMachines/jdk1.7.0_67.jdk/Contents/Home/jre/lib/libverify.dylib
0x0000000110a5f000 	/Library/Java/JavaVirtualMachines/jdk1.7.0_67.jdk/Contents/Home/jre/lib/libjava.dylib
0x000000010f7f7000 	/Library/Java/JavaVirtualMachines/jdk1.7.0_67.jdk/Contents/Home/jre/lib/libzip.dylib
0x000000019f584000 	/System/Library/Frameworks/JavaVM.framework/Frameworks/JavaRuntimeSupport.framework/JavaRuntimeSupport
0x000000019f59c000 	/System/Library/Frameworks/JavaVM.framework/Versions/A/Frameworks/JavaNativeFoundation.framework/Versions/A/JavaNativeFoundation
0x000000019f5b1000 	/System/Library/Frameworks/JavaVM.framework/Versions/A/JavaVM
0x00000000081d4000 	/System/Library/Frameworks/Carbon.framework/Versions/A/Carbon
0x000000019f5be000 	/System/Library/PrivateFrameworks/JavaLaunching.framework/Versions/A/JavaLaunching
0x00000000081d4000 	/System/Library/Frameworks/Carbon.framework/Versions/A/Frameworks/CommonPanels.framework/Versions/A/CommonPanels
0x00000000081d4000 	/System/Library/Frameworks/Carbon.framework/Versions/A/Frameworks/Help.framework/Versions/A/Help
0x00000000081d4000 	/System/Library/Frameworks/Carbon.framework/Versions/A/Frameworks/ImageCapture.framework/Versions/A/ImageCapture
0x00000000081d4000 	/System/Library/Frameworks/Carbon.framework/Versions/A/Frameworks/OpenScripting.framework/Versions/A/OpenScripting
0x00000000081d4000 	/System/Library/Frameworks/Carbon.framework/Versions/A/Frameworks/Print.framework/Versions/A/Print
0x00000000081d4000 	/System/Library/Frameworks/Carbon.framework/Versions/A/Frameworks/SecurityHI.framework/Versions/A/SecurityHI
0x00000001a156b000 	/Applications/IntelliJ IDEA 14 CE.app/Contents/bin/libbreakgen64.jnilib
0x00000001a1671000 	/Library/Java/JavaVirtualMachines/jdk1.7.0_67.jdk/Contents/Home/jre/lib/libnet.dylib
0x00000001a1786000 	/Library/Java/JavaVirtualMachines/jdk1.7.0_67.jdk/Contents/Home/jre/lib/libawt.dylib
0x00000001a1835000 	/Library/Java/JavaVirtualMachines/jdk1.7.0_67.jdk/Contents/Home/jre/lib/./libmlib_image.dylib
0x00000001a1901000 	/Library/Java/JavaVirtualMachines/jdk1.7.0_67.jdk/Contents/Home/jre/lib/lwawt/liblwawt.dylib
0x00000001a19b5000 	/Library/Java/JavaVirtualMachines/jdk1.7.0_67.jdk/Contents/Home/jre/lib/libosxapp.dylib
0x00000000081d4000 	/System/Library/Frameworks/ExceptionHandling.framework/Versions/A/ExceptionHandling
0x00000000081d4000 	/System/Library/PrivateFrameworks/CoreServicesInternal.framework/Versions/A/CoreServicesInternal
0x00000000081d4000 	/System/Library/PrivateFrameworks/CloudDocs.framework/Versions/A/CloudDocs
0x00000000081d4000 	/System/Library/PrivateFrameworks/CoreDuet.framework/Versions/A/CoreDuet
0x00000000081d4000 	/System/Library/Frameworks/CloudKit.framework/Versions/A/CloudKit
0x00000000081d4000 	/System/Library/PrivateFrameworks/ProtocolBuffer.framework/Versions/A/ProtocolBuffer
0x00000000081d4000 	/System/Library/PrivateFrameworks/CoreDuetDaemonProtocol.framework/Versions/A/CoreDuetDaemonProtocol
0x00000000081d4000 	/System/Library/PrivateFrameworks/CoreDuetDebugLogging.framework/Versions/A/CoreDuetDebugLogging
0x00000000081d4000 	/System/Library/Frameworks/CoreLocation.framework/Versions/A/CoreLocation
0x00000000081d4000 	/System/Library/Frameworks/Accounts.framework/Versions/A/Accounts
0x00000000081d4000 	/System/Library/PrivateFrameworks/ApplePushService.framework/Versions/A/ApplePushService
0x00000000081d4000 	/System/Library/PrivateFrameworks/GeoServices.framework/Versions/A/GeoServices
0x00000000081d4000 	/System/Library/PrivateFrameworks/OAuth.framework/Versions/A/OAuth
0x00000000081d4000 	/System/Library/PrivateFrameworks/CoreDaemon.framework/Versions/B/CoreDaemon
0x00000000081d4000 	/usr/lib/libcrypto.0.9.8.dylib
0x00000000081d4000 	/System/Library/PrivateFrameworks/AppleSRP.framework/Versions/A/AppleSRP
0x00000000081d4000 	/System/Library/PrivateFrameworks/TrustEvaluationAgent.framework/Versions/A/TrustEvaluationAgent
0x00000000081d4000 	/System/Library/Frameworks/CoreGraphics.framework/Versions/A/Resources/libCGCMS.A.dylib
0x00000000081d4000 	/System/Library/Frameworks/CoreGraphics.framework/Versions/A/Resources/libRIP.A.dylib
0x00000000081d4000 	/System/Library/Frameworks/CoreGraphics.framework/Versions/A/Resources/libCGXType.A.dylib
0x00000000081d4000 	/System/Library/Frameworks/OpenCL.framework/Versions/A/Libraries/libcldcpuengine.dylib
0x00000000081d4000 	/System/Library/PrivateFrameworks/DiskImages.framework/Versions/A/DiskImages
0x00000000081d4000 	/System/Library/Frameworks/DiscRecording.framework/Versions/A/DiscRecording
0x00000000081d4000 	/usr/lib/libcsfde.dylib
0x00000000081d4000 	/usr/lib/libcurl.4.dylib
0x00000000081d4000 	/System/Library/PrivateFrameworks/MediaKit.framework/Versions/A/MediaKit
0x00000000081d4000 	/System/Library/PrivateFrameworks/ProtectedCloudStorage.framework/Versions/A/ProtectedCloudStorage
0x00000000081d4000 	/usr/lib/libCoreStorage.dylib
0x00000000081d4000 	/System/Library/PrivateFrameworks/EFILogin.framework/Versions/A/EFILogin
0x00000000081d4000 	/usr/lib/libutil.dylib
0x00000000081d4000 	/System/Library/PrivateFrameworks/FindMyDevice.framework/Versions/A/FindMyDevice
0x00000000081d4000 	/System/Library/Frameworks/LDAP.framework/Versions/A/LDAP
0x00000000081d4000 	/usr/lib/libsasl2.2.dylib
0x00000001a48b0000 	cl_kernels
0x00000001a48b2000 	/System/Library/Frameworks/OpenCL.framework/Versions/A/Libraries/ImageFormats/unorm8_bgra.dylib
0x00000001a48a2000 	cl_kernels
0x00000000081d4000 	/System/Library/PrivateFrameworks/FamilyControls.framework/Versions/A/FamilyControls
0x00000000081d4000 	/System/Library/PrivateFrameworks/CommerceKit.framework/Versions/A/Frameworks/CommerceCore.framework/Versions/A/CommerceCore
0x00000000081d4000 	/System/Library/PrivateFrameworks/SystemAdministration.framework/Versions/A/SystemAdministration
0x00000000081d4000 	/System/Library/PrivateFrameworks/AppContainer.framework/Versions/A/AppContainer
0x00000000081d4000 	/System/Library/PrivateFrameworks/SecCodeWrapper.framework/Versions/A/SecCodeWrapper
0x00000000081d4000 	/System/Library/Frameworks/DirectoryService.framework/Versions/A/DirectoryService
0x00000000081d4000 	/System/Library/PrivateFrameworks/LoginUIKit.framework/Versions/A/Frameworks/LoginUICore.framework/Versions/A/LoginUICore
0x00000000081d4000 	/usr/lib/libodfde.dylib
0x00000001a5b36000 	/Library/Java/JavaVirtualMachines/jdk1.7.0_67.jdk/Contents/Home/jre/lib/libfontmanager.dylib
0x00000001a5b9d000 	/Development/Scala/Idea/tilde/lib/native/macosx/liblwjgl.jnilib
0x00000001a3d1b000 	/Library/Java/JavaVirtualMachines/jdk1.7.0_67.jdk/Contents/Home/jre/lib/libjawt.dylib
0x00000000081d4000 	/System/Library/Frameworks/OpenGL.framework/Versions/A/Resources/GLEngine.bundle/GLEngine
0x00000000081d4000 	/System/Library/Frameworks/OpenGL.framework/Versions/A/Libraries/libGLProgrammability.dylib
0x0000000000000000 	/System/Library/Extensions/AppleIntelHD5000GraphicsGLDriver.bundle/Contents/MacOS/AppleIntelHD5000GraphicsGLDriver
0x00000000081d4000 	/System/Library/PrivateFrameworks/IOAccelerator.framework/Versions/A/IOAccelerator
0x00000000081d4000 	/System/Library/PrivateFrameworks/GPUSupport.framework/Versions/A/Libraries/libGPUSupportMercury.dylib
0x00000000081d4000 	/System/Library/Frameworks/OpenGL.framework/Versions/A/Resources/GLRendererFloat.bundle/GLRendererFloat

VM Arguments:
jvm_args: -Djava.library.path=lib/native/macosx/ -Didea.launcher.port=7533 -Didea.launcher.bin.path=/Applications/IntelliJ IDEA 14 CE.app/Contents/bin -Dfile.encoding=UTF-8 
java_command: com.intellij.rt.execution.application.AppMain app.main.Main
Launcher Type: SUN_STANDARD

Environment Variables:
PATH=/usr/local/bin:/usr/bin:/bin:/usr/sbin:/sbin:/usr/local/git/bin
SHELL=/bin/bash

Signal Handlers:
SIGSEGV: [libjvm.dylib+0x52b6c9], sa_mask[0]=0xfffefeff, sa_flags=0x00000043
SIGBUS: [libjvm.dylib+0x52b6c9], sa_mask[0]=0xfffefeff, sa_flags=0x00000042
SIGFPE: [libjvm.dylib+0x41deaa], sa_mask[0]=0xfffefeff, sa_flags=0x00000042
SIGPIPE: [libjvm.dylib+0x41deaa], sa_mask[0]=0xfffefeff, sa_flags=0x00000042
SIGXFSZ: [libjvm.dylib+0x41deaa], sa_mask[0]=0xfffefeff, sa_flags=0x00000042
SIGILL: [libjvm.dylib+0x41deaa], sa_mask[0]=0xfffefeff, sa_flags=0x00000042
SIGUSR1: SIG_DFL, sa_mask[0]=0x00000000, sa_flags=0x00000000
SIGUSR2: [libjvm.dylib+0x41d99c], sa_mask[0]=0x00000004, sa_flags=0x00000042
SIGHUP: [libjvm.dylib+0x41bc2d], sa_mask[0]=0xfffefeff, sa_flags=0x00000042
SIGINT: [libjvm.dylib+0x41bc2d], sa_mask[0]=0xfffefeff, sa_flags=0x00000042
SIGTERM: [libjvm.dylib+0x41bc2d], sa_mask[0]=0xfffefeff, sa_flags=0x00000042
SIGQUIT: [libjvm.dylib+0x41bc2d], sa_mask[0]=0xfffefeff, sa_flags=0x00000042


---------------  S Y S T E M  ---------------

OS:Bsduname:Darwin 14.0.0 Darwin Kernel Version 14.0.0: Fri Sep 19 00:26:44 PDT 2014; root:xnu-2782.1.97~2/RELEASE_X86_64 x86_64
rlimit: STACK 8192k, CORE 0k, NPROC 709, NOFILE 10240, AS infinity
load average:2.25 2.53 2.54

CPU:total 4 (2 cores per cpu, 2 threads per core) family 6 model 69 stepping 1, cmov, cx8, fxsr, mmx, sse, sse2, sse3, ssse3, sse4.1, sse4.2, popcnt, avx, avx2, aes, erms, ht, tsc, tscinvbit

Memory: 4k page, physical 8388608k(2097152k free)

/proc/meminfo:


vm_info: Java HotSpot(TM) 64-Bit Server VM (24.65-b04) for bsd-amd64 JRE (1.7.0_67-b01), built on Jul 25 2014 08:51:51 by "java_re" with gcc 4.2.1 (Based on Apple Inc. build 5658) (LLVM build 2336.11.00)

time: Fri Dec 19 16:13:19 2014
elapsed time: 3 seconds

