#
# A fatal error has been detected by the Java Runtime Environment:
#
#  SIGSEGV (0xb) at pc=0x00007fff8ef880dd, pid=1844, tid=1299
#
# JRE version: Java(TM) SE Runtime Environment (7.0_67-b01) (build 1.7.0_67-b01)
# Java VM: Java HotSpot(TM) 64-Bit Server VM (24.65-b04 mixed mode bsd-amd64 compressed oops)
# Problematic frame:
# C  [libobjc.A.dylib+0x10dd]  objc_msgSend+0x1d
#
# Failed to write core dump. Core dumps have been disabled. To enable core dumping, try "ulimit -c unlimited" before starting Java again
#
# If you would like to submit a bug report, please visit:
#   http://bugreport.sun.com/bugreport/crash.jsp
# The crash happened outside the Java Virtual Machine in native code.
# See problematic frame for where to report the bug.
#

---------------  T H R E A D  ---------------

Current thread (0x00007f87cb87c800):  JavaThread "AppKit Thread" daemon [_thread_in_native, id=1299, stack(0x00007fff5acd4000,0x00007fff5ad54000)]

siginfo:si_signo=SIGSEGV: si_errno=0, si_code=1 (SEGV_MAPERR), si_addr=0x000007f87ca48a50

Registers:
RAX=0x00007f87ca43fb00, RBX=0x00007fff5ad4f0e8, RCX=0x0000000000000000, RDX=0x00007f87ca4b7970
RSP=0x00007fff5ad4ef08, RBP=0x00007fff5ad4ef10, RSI=0x00007fff9aa329e5, RDI=0x00007f87ca43fb00
R8 =0x00007fff5ad4eef0, R9 =0x0000000000000055, R10=0x00007fff9aa329e5, R11=0x000007f87ca48a38
R12=0x00007f87ca516b50, R13=0x00000000000f42ea, R14=0x00007f87ca622300, R15=0x00007fff5ad4f048
RIP=0x00007fff8ef880dd, EFLAGS=0x0000000000010202, ERR=0x0000000000000004
  TRAPNO=0x000000000000000e

Top of Stack: (sp=0x00007fff5ad4ef08)
0x00007fff5ad4ef08:   00007fff939dbcdc 00007fff5ad4f270
0x00007fff5ad4ef18:   00007fff938cd244 00007fff5ad4ef9c
0x00007fff5ad4ef28:   00007fff5ad4efa0 00007fff5ad4efa4
0x00007fff5ad4ef38:   00007fff7f2a4c88 ffffffffffffffff
0x00007fff5ad4ef48:   00000000000007f8 00007fff7f2a4ca0
0x00007fff5ad4ef58:   00007f87ca622300 0000000000000000
0x00007fff5ad4ef68:   00007fff5ad4f040 0000000000000000
0x00007fff5ad4ef78:   00007f87ca53f5f0 00007fff5ad4f0c0
0x00007fff5ad4ef88:   0000000000000055 00000000000f42ec
0x00007fff5ad4ef98:   00007f87ca4b7970 00007f87ca542470
0x00007fff5ad4efa8:   00007f87ca516b50 0000000000000001
0x00007fff5ad4efb8:   00000000000f42ea 00007f87ca516b40
0x00007fff5ad4efc8:   00007fff98574899 00000001ca6c85f0
0x00007fff5ad4efd8:   00007fff7da950d0 0000000042000000
0x00007fff5ad4efe8:   00007fff9857ce33 00007fff7f26f1d0
0x00007fff5ad4eff8:   00007fff5ad4f0c8 0000000000000000
0x00007fff5ad4f008:   00007fff7db0d8c8 0000000000000000
0x00007fff5ad4f018:   0000000000000024 0002d40300000001
0x00007fff5ad4f028:   00007f87ca516b74 0000000000000000
0x00007fff5ad4f038:   00000000003d2f01 00007f87ca545ac0
0x00007fff5ad4f048:   00007f87ca622300 0000000000000000
0x00007fff5ad4f058:   00007fff9aa6aa9c 00007fff5ad4f100
0x00007fff5ad4f068:   00007fff93f29513 00007fff5ad4f0e4
0x00007fff5ad4f078:   00000000003d3001 00000000ffffffff
0x00007fff5ad4f088:   00007fff7db0d8c8 00000000003d3000
0x00007fff5ad4f098:   00007fff00000000 00007fff5ad4f190
0x00007fff5ad4f0a8:   00007fff98056edc 00007fff7db0d8e8
0x00007fff5ad4f0b8:   00007fff9aa6aa9c 0000000000000051
0x00007fff5ad4f0c8:   0000000000000000 00000000000f42e1
0x00007fff5ad4f0d8:   0000000000000053 0000000000000000
0x00007fff5ad4f0e8:   00000000000f42ea 00007fff5ad4f164
0x00007fff5ad4f0f8:   00000000003d3b01 00000000ffffffff 

Instructions: (pc=0x00007fff8ef880dd)
0x00007fff8ef880bd:   00 00 00 48 85 ff 2e 74 7a 40 f6 c7 01 2e 75 7e
0x00007fff8ef880cd:   49 bb f8 ff ff ff ff 7f 00 00 4c 23 1f 49 89 f2
0x00007fff8ef880dd:   45 23 53 18 49 c1 e2 04 4d 03 53 10 49 3b 32 75
0x00007fff8ef880ed:   04 41 ff 62 08 49 83 3a 00 74 6a 4d 3b 53 10 74 

Register to memory mapping:

RAX=0x00007f87ca43fb00 is an unknown value
RBX=0x00007fff5ad4f0e8 is pointing into the stack for thread: 0x00007f87cb87c800
RCX=0x0000000000000000 is an unknown value
RDX=0x00007f87ca4b7970 is an unknown value
RSP=0x00007fff5ad4ef08 is pointing into the stack for thread: 0x00007f87cb87c800
RBP=0x00007fff5ad4ef10 is pointing into the stack for thread: 0x00007f87cb87c800
RSI=0x00007fff9aa329e5: -[NSTitlebarContainerView shouldRoundCorners]+0x5cd57 in /System/Library/Frameworks/AppKit.framework/Versions/C/AppKit at 0x00007fff9a064000
RDI=0x00007f87ca43fb00 is an unknown value
R8 =0x00007fff5ad4eef0 is pointing into the stack for thread: 0x00007f87cb87c800
R9 =0x0000000000000055 is an unknown value
R10=0x00007fff9aa329e5: -[NSTitlebarContainerView shouldRoundCorners]+0x5cd57 in /System/Library/Frameworks/AppKit.framework/Versions/C/AppKit at 0x00007fff9a064000
R11=0x000007f87ca48a38 is an unknown value
R12=0x00007f87ca516b50 is an unknown value
R13=0x00000000000f42ea is an unknown value
R14=0x00007f87ca622300 is an unknown value
R15=0x00007fff5ad4f048 is pointing into the stack for thread: 0x00007f87cb87c800


Stack: [0x00007fff5acd4000,0x00007fff5ad54000],  sp=0x00007fff5ad4ef08,  free space=491k
Native frames: (J=compiled Java code, j=interpreted, Vv=VM code, C=native code)
C  [libobjc.A.dylib+0x10dd]  objc_msgSend+0x1d
C  [CoreFoundation+0x10244]  _CFXNotificationPost+0xc44
C  [Foundation+0x2c31]  -[NSNotificationCenter postNotificationName:object:userInfo:]+0x42
C  [AppKit+0xdd6e6]  -[NSSurface _disposeSurface]+0x98
C  [AppKit+0xdd14a]  -[NSSurface setWindow:]+0x42
C  [AppKit+0x3b945]  -[NSView _setWindow:]+0xa18
C  [AppKit+0x3cb82]  -[NSView removeFromSuperview]+0x1c5
C  [AppKit+0x9137a]  -[NSView removeFromSuperviewWithoutNeedingDisplay]+0x26
C  [liblwjgl.jnilib+0x9c3e]  +[MacOSXKeyableWindow destroyWindow]+0xde
C  [Foundation+0x65cdc]  __NSThreadPerformPerform+0x125
C  [CoreFoundation+0x80681]  __CFRUNLOOP_IS_CALLING_OUT_TO_A_SOURCE0_PERFORM_FUNCTION__+0x11
C  [CoreFoundation+0x7280d]  __CFRunLoopDoSources0+0x10d
C  [CoreFoundation+0x71e3f]  __CFRunLoopRun+0x39f
C  [CoreFoundation+0x71858]  CFRunLoopRunSpecific+0x128
C  [HIToolbox+0x2ebcf]  RunCurrentEventLoopInMode+0xeb
C  [HIToolbox+0x2e94a]  ReceiveNextEventCommon+0x1af
C  [HIToolbox+0x2e78b]  _BlockUntilNextEventMatchingListInModeWithFilter+0x47
C  [AppKit+0x23f01]  _DPSNextEvent+0x3c4
C  [AppKit+0x236b0]  -[NSApplication nextEventMatchingMask:untilDate:inMode:dequeue:]+0xc2
C  [libosxapp.dylib+0x24e3]  -[NSApplicationAWT nextEventMatchingMask:untilDate:inMode:dequeue:]+0x7c
C  [AppKit+0x174e3]  -[NSApplication run]+0x252
C  [libosxapp.dylib+0x2346]  +[NSApplicationAWT runAWTLoopWithApp:]+0x9c
C  [liblwawt.dylib+0xd889]  -[AWTStarter starter:]+0x369
C  [Foundation+0x65cdc]  __NSThreadPerformPerform+0x125
C  [CoreFoundation+0x80681]  __CFRUNLOOP_IS_CALLING_OUT_TO_A_SOURCE0_PERFORM_FUNCTION__+0x11
C  [CoreFoundation+0x7280d]  __CFRunLoopDoSources0+0x10d
C  [CoreFoundation+0x71e3f]  __CFRunLoopRun+0x39f
C  [CoreFoundation+0x71858]  CFRunLoopRunSpecific+0x128
C  [java+0x73b0]  CreateExecutionEnvironment+0x367
C  [java+0x1b5c]  JLI_Launch+0x7a0
C  [java+0x770d]  main+0x65
C  [java+0x13b4]  start+0x34


---------------  P R O C E S S  ---------------

Java Threads: ( => current thread )
  0x00007f87cb9d9800 JavaThread "Java2D Disposer" daemon [_thread_blocked, id=49691, stack(0x000000019c530000,0x000000019c630000)]
  0x00007f87cc075800 JavaThread "AWT-Shutdown" [_thread_blocked, id=28935, stack(0x000000019857d000,0x000000019867d000)]
=>0x00007f87cb87c800 JavaThread "AppKit Thread" daemon [_thread_in_native, id=1299, stack(0x00007fff5acd4000,0x00007fff5ad54000)]
  0x00007f87ca8c7000 JavaThread "Monitor Ctrl-Break" daemon [_thread_in_native, id=18691, stack(0x0000000196e53000,0x0000000196f53000)]
  0x00007f87ca82b000 JavaThread "Service Thread" daemon [_thread_blocked, id=17667, stack(0x00000001969b3000,0x0000000196ab3000)]
  0x00007f87cb820000 JavaThread "C2 CompilerThread1" daemon [_thread_blocked, id=17155, stack(0x00000001968b0000,0x00000001969b0000)]
  0x00007f87cb81e800 JavaThread "C2 CompilerThread0" daemon [_thread_blocked, id=16643, stack(0x00000001967ad000,0x00000001968ad000)]
  0x00007f87cb032800 JavaThread "Signal Dispatcher" daemon [_thread_blocked, id=13335, stack(0x00000001966aa000,0x00000001967aa000)]
  0x00007f87ca829000 JavaThread "Finalizer" daemon [_thread_blocked, id=11523, stack(0x0000000194d62000,0x0000000194e62000)]
  0x00007f87cc00c000 JavaThread "Reference Handler" daemon [_thread_blocked, id=11011, stack(0x0000000194c5f000,0x0000000194d5f000)]
  0x00007f87cb004800 JavaThread "main" [_thread_in_native, id=4867, stack(0x0000000106260000,0x0000000106360000)]

Other Threads:
  0x00007f87ca806800 VMThread [stack: 0x0000000194b5c000,0x0000000194c5c000] [id=10499]
  0x00007f87cb829000 WatcherThread [stack: 0x0000000196ab6000,0x0000000196bb6000] [id=18179]

VM state:not at safepoint (normal execution)

VM Mutex/Monitor currently owned by a thread: None

Heap
 PSYoungGen      total 38912K, used 3122K [0x0000000163c00000, 0x0000000166700000, 0x000000018e700000)
  eden space 33792K, 3% used [0x0000000163c00000,0x0000000163d446d0,0x0000000165d00000)
  from space 5120K, 35% used [0x0000000166200000,0x00000001663c8490,0x0000000166700000)
  to   space 5120K, 0% used [0x0000000165d00000,0x0000000165d00000,0x0000000166200000)
 ParOldGen       total 87040K, used 16K [0x000000010e700000, 0x0000000113c00000, 0x0000000163c00000)
  object space 87040K, 0% used [0x000000010e700000,0x000000010e704000,0x0000000113c00000)
 PSPermGen       total 21504K, used 9970K [0x0000000109500000, 0x000000010aa00000, 0x000000010e700000)
  object space 21504K, 46% used [0x0000000109500000,0x0000000109ebc980,0x000000010aa00000)

Card table byte_map: [0x000000018e700000,0x000000018eb2a000] byte_map_base: 0x000000018deb5800

Polling page: 0x0000000104ffe000

Code Cache  [0x0000000106373000, 0x00000001065e3000, 0x0000000109373000)
 total_blobs=759 nmethods=399 adapters=314 free_code_cache=48055Kb largest_free_block=49150272

Compilation events (10 events):
Event: 12.924 Thread 0x00007f87cb81e800  408             java.nio.Buffer::limit (5 bytes)
Event: 12.924 Thread 0x00007f87cb820000  409             java.nio.Buffer::<init> (121 bytes)
Event: 12.924 Thread 0x00007f87cb81e800 nmethod 408 0x00000001063f9950 code [0x00000001063f9a80, 0x00000001063f9ad8]
Event: 12.926 Thread 0x00007f87cb820000 nmethod 409 0x0000000106436e10 code [0x0000000106436f60, 0x0000000106437058]
Event: 14.046 Thread 0x00007f87cb81e800  410             java.nio.HeapByteBuffer::ix (7 bytes)
Event: 14.046 Thread 0x00007f87cb81e800 nmethod 410 0x0000000106436c10 code [0x0000000106436d40, 0x0000000106436d98]
Event: 15.010 Thread 0x00007f87cb820000  411             tilde.Input$::isPressed (84 bytes)
Event: 15.016 Thread 0x00007f87cb820000 nmethod 411 0x0000000106471e90 code [0x0000000106472060, 0x0000000106472550]
Event: 15.092 Thread 0x00007f87cb81e800  412             scala.collection.MapLike$$anon$1::iter (5 bytes)
Event: 15.093 Thread 0x00007f87cb81e800 nmethod 412 0x0000000106436a10 code [0x0000000106436b40, 0x0000000106436bb8]

GC Heap History (4 events):
Event: 1.317 GC heap before
{Heap before GC invocations=1 (full 0):
 PSYoungGen      total 38912K, used 33792K [0x0000000163c00000, 0x0000000166700000, 0x000000018e700000)
  eden space 33792K, 100% used [0x0000000163c00000,0x0000000165d00000,0x0000000165d00000)
  from space 5120K, 0% used [0x0000000166200000,0x0000000166200000,0x0000000166700000)
  to   space 5120K, 0% used [0x0000000165d00000,0x0000000165d00000,0x0000000166200000)
 ParOldGen       total 87040K, used 0K [0x000000010e700000, 0x0000000113c00000, 0x0000000163c00000)
  object space 87040K, 0% used [0x000000010e700000,0x000000010e700000,0x0000000113c00000)
 PSPermGen       total 21504K, used 9338K [0x0000000109500000, 0x000000010aa00000, 0x000000010e700000)
  object space 21504K, 43% used [0x0000000109500000,0x0000000109e1ebf8,0x000000010aa00000)
Event: 1.323 GC heap after
Heap after GC invocations=1 (full 0):
 PSYoungGen      total 38912K, used 4229K [0x0000000163c00000, 0x0000000166700000, 0x000000018e700000)
  eden space 33792K, 0% used [0x0000000163c00000,0x0000000163c00000,0x0000000165d00000)
  from space 5120K, 82% used [0x0000000165d00000,0x00000001661215a8,0x0000000166200000)
  to   space 5120K, 0% used [0x0000000166200000,0x0000000166200000,0x0000000166700000)
 ParOldGen       total 87040K, used 8K [0x000000010e700000, 0x0000000113c00000, 0x0000000163c00000)
  object space 87040K, 0% used [0x000000010e700000,0x000000010e702000,0x0000000113c00000)
 PSPermGen       total 21504K, used 9338K [0x0000000109500000, 0x000000010aa00000, 0x000000010e700000)
  object space 21504K, 43% used [0x0000000109500000,0x0000000109e1ebf8,0x000000010aa00000)
}
Event: 14.792 GC heap before
{Heap before GC invocations=2 (full 0):
 PSYoungGen      total 38912K, used 38021K [0x0000000163c00000, 0x0000000166700000, 0x000000018e700000)
  eden space 33792K, 100% used [0x0000000163c00000,0x0000000165d00000,0x0000000165d00000)
  from space 5120K, 82% used [0x0000000165d00000,0x00000001661215a8,0x0000000166200000)
  to   space 5120K, 0% used [0x0000000166200000,0x0000000166200000,0x0000000166700000)
 ParOldGen       total 87040K, used 8K [0x000000010e700000, 0x0000000113c00000, 0x0000000163c00000)
  object space 87040K, 0% used [0x000000010e700000,0x000000010e702000,0x0000000113c00000)
 PSPermGen       total 21504K, used 9962K [0x0000000109500000, 0x000000010aa00000, 0x000000010e700000)
  object space 21504K, 46% used [0x0000000109500000,0x0000000109eba978,0x000000010aa00000)
Event: 14.799 GC heap after
Heap after GC invocations=2 (full 0):
 PSYoungGen      total 38912K, used 1825K [0x0000000163c00000, 0x0000000166700000, 0x000000018e700000)
  eden space 33792K, 0% used [0x0000000163c00000,0x0000000163c00000,0x0000000165d00000)
  from space 5120K, 35% used [0x0000000166200000,0x00000001663c8490,0x0000000166700000)
  to   space 5120K, 0% used [0x0000000165d00000,0x0000000165d00000,0x0000000166200000)
 ParOldGen       total 87040K, used 16K [0x000000010e700000, 0x0000000113c00000, 0x0000000163c00000)
  object space 87040K, 0% used [0x000000010e700000,0x000000010e704000,0x0000000113c00000)
 PSPermGen       total 21504K, used 9962K [0x0000000109500000, 0x000000010aa00000, 0x000000010e700000)
  object space 21504K, 46% used [0x0000000109500000,0x0000000109eba978,0x000000010aa00000)
}

Deoptimization events (10 events):
Event: 1.557 Thread 0x00007f87cb004800 Uncommon trap: reason=class_check action=maybe_recompile pc=0x0000000106450508 method=scala.collection.IndexedSeqOptimized$class.foreach(Lscala/collection/IndexedSeqOptimized;Lscala/Function1;)V @ 3
Event: 1.562 Thread 0x00007f87cb004800 Uncommon trap: reason=unreached action=reinterpret pc=0x000000010645b6d0 method=java.lang.Object.equals(Ljava/lang/Object;)Z @ 2
Event: 1.570 Thread 0x00007f87cb004800 Uncommon trap: reason=class_check action=maybe_recompile pc=0x0000000106450508 method=scala.collection.IndexedSeqOptimized$class.foreach(Lscala/collection/IndexedSeqOptimized;Lscala/Function1;)V @ 3
Event: 1.604 Thread 0x00007f87cb004800 Uncommon trap: reason=class_check action=maybe_recompile pc=0x0000000106450508 method=scala.collection.IndexedSeqOptimized$class.foreach(Lscala/collection/IndexedSeqOptimized;Lscala/Function1;)V @ 3
Event: 1.605 Thread 0x00007f87cb004800 Uncommon trap: reason=class_check action=maybe_recompile pc=0x000000010640f8e8 method=scala.collection.IndexedSeqOptimized$class.foreach(Lscala/collection/IndexedSeqOptimized;Lscala/Function1;)V @ 3
Event: 2.586 Thread 0x00007f87cb004800 Uncommon trap: reason=unreached action=reinterpret pc=0x000000010645d1a4 method=scala.collection.mutable.HashTable$class.elemEquals(Lscala/collection/mutable/HashTable;Ljava/lang/Object;Ljava/lang/Object;)Z @ 21
Event: 8.356 Thread 0x00007f87cb004800 Uncommon trap: reason=bimorphic action=maybe_recompile pc=0x0000000106449ff0 method=scala.collection.Iterator$class.foreach(Lscala/collection/Iterator;Lscala/Function1;)V @ 1
Event: 11.290 Thread 0x00007f87cb004800 Uncommon trap: reason=bimorphic action=maybe_recompile pc=0x0000000106449ff0 method=scala.collection.Iterator$class.foreach(Lscala/collection/Iterator;Lscala/Function1;)V @ 1
Event: 13.607 Thread 0x00007f87cb004800 Uncommon trap: reason=bimorphic action=maybe_recompile pc=0x0000000106449ff0 method=scala.collection.Iterator$class.foreach(Lscala/collection/Iterator;Lscala/Function1;)V @ 1
Event: 15.191 Thread 0x00007f87cb004800 Uncommon trap: reason=bimorphic action=maybe_recompile pc=0x0000000106449ff0 method=scala.collection.Iterator$class.foreach(Lscala/collection/Iterator;Lscala/Function1;)V @ 1

Internal exceptions (10 events):
Event: 1.573 Thread 0x00007f87cb004800 Threw 0x00000001653d15d8 at /HUDSON/workspace/7u-2-build-macosx-x86_64/jdk7u67/1368/hotspot/src/share/vm/prims/jvm.cpp:1244
Event: 1.574 Thread 0x00007f87cb004800 Threw 0x00000001653dc7d0 at /HUDSON/workspace/7u-2-build-macosx-x86_64/jdk7u67/1368/hotspot/src/share/vm/prims/jvm.cpp:1244
Event: 1.574 Thread 0x00007f87cb004800 Threw 0x00000001653e17c8 at /HUDSON/workspace/7u-2-build-macosx-x86_64/jdk7u67/1368/hotspot/src/share/vm/prims/jvm.cpp:1244
Event: 1.574 Thread 0x00007f87cb004800 Threw 0x00000001653e98b8 at /HUDSON/workspace/7u-2-build-macosx-x86_64/jdk7u67/1368/hotspot/src/share/vm/prims/jvm.cpp:1244
Event: 1.576 Thread 0x00007f87cb004800 Threw 0x00000001653f0708 at /HUDSON/workspace/7u-2-build-macosx-x86_64/jdk7u67/1368/hotspot/src/share/vm/prims/jvm.cpp:1244
Event: 1.577 Thread 0x00007f87cb004800 Threw 0x00000001653f6d68 at /HUDSON/workspace/7u-2-build-macosx-x86_64/jdk7u67/1368/hotspot/src/share/vm/prims/jvm.cpp:1244
Event: 1.577 Thread 0x00007f87cb004800 Threw 0x00000001653fc490 at /HUDSON/workspace/7u-2-build-macosx-x86_64/jdk7u67/1368/hotspot/src/share/vm/prims/jvm.cpp:1244
Event: 1.603 Thread 0x00007f87cb004800 Threw 0x000000016540bf30 at /HUDSON/workspace/7u-2-build-macosx-x86_64/jdk7u67/1368/hotspot/src/share/vm/prims/jvm.cpp:1244
Event: 1.604 Thread 0x00007f87cb004800 Threw 0x0000000165411750 at /HUDSON/workspace/7u-2-build-macosx-x86_64/jdk7u67/1368/hotspot/src/share/vm/prims/jvm.cpp:1244
Event: 15.812 Thread 0x00007f87cb004800 Threw 0x0000000163cae5b8 at /HUDSON/workspace/7u-2-build-macosx-x86_64/jdk7u67/1368/hotspot/src/share/vm/prims/jvm.cpp:1244

Events (10 events):
Event: 13.607 Thread 0x00007f87cb004800 Uncommon trap: trap_request=0xffffffc6 fr.pc=0x0000000106449ff0
Event: 13.607 Thread 0x00007f87cb004800 DEOPT PACKING pc=0x0000000106449ff0 sp=0x000000010635eed0
Event: 13.607 Thread 0x00007f87cb004800 DEOPT UNPACKING pc=0x00000001063ac045 sp=0x000000010635eed8 mode 2
Event: 14.792 Executing VM operation: ParallelGCFailedAllocation
Event: 14.799 Executing VM operation: ParallelGCFailedAllocation done
Event: 15.191 Thread 0x00007f87cb004800 Uncommon trap: trap_request=0xffffffc6 fr.pc=0x0000000106449ff0
Event: 15.191 Thread 0x00007f87cb004800 DEOPT PACKING pc=0x0000000106449ff0 sp=0x000000010635eed0
Event: 15.191 Thread 0x00007f87cb004800 DEOPT UNPACKING pc=0x00000001063ac045 sp=0x000000010635eed8 mode 2
Event: 15.811 loading class 0x00007f87ca71e9d0
Event: 15.811 loading class 0x00007f87ca71e9d0 done


Dynamic libraries:
0x000000000d799000 	/System/Library/Frameworks/Cocoa.framework/Versions/A/Cocoa
0x000000000d799000 	/System/Library/Frameworks/Security.framework/Versions/A/Security
0x000000000d799000 	/System/Library/Frameworks/ApplicationServices.framework/Versions/A/ApplicationServices
0x000000000d799000 	/usr/lib/libz.1.dylib
0x000000000d799000 	/usr/lib/libSystem.B.dylib
0x000000000d799000 	/usr/lib/libobjc.A.dylib
0x000000000d799000 	/System/Library/Frameworks/CoreFoundation.framework/Versions/A/CoreFoundation
0x000000000d799000 	/System/Library/Frameworks/Foundation.framework/Versions/C/Foundation
0x000000000d799000 	/System/Library/Frameworks/AppKit.framework/Versions/C/AppKit
0x000000000d799000 	/System/Library/Frameworks/CoreData.framework/Versions/A/CoreData
0x000000000d799000 	/System/Library/PrivateFrameworks/RemoteViewServices.framework/Versions/A/RemoteViewServices
0x000000000d799000 	/System/Library/PrivateFrameworks/UIFoundation.framework/Versions/A/UIFoundation
0x000000000d799000 	/System/Library/Frameworks/IOSurface.framework/Versions/A/IOSurface
0x000000000d799000 	/System/Library/Frameworks/AudioToolbox.framework/Versions/A/AudioToolbox
0x000000000d799000 	/System/Library/Frameworks/AudioUnit.framework/Versions/A/AudioUnit
0x000000000d799000 	/System/Library/PrivateFrameworks/DataDetectorsCore.framework/Versions/A/DataDetectorsCore
0x000000000d799000 	/System/Library/PrivateFrameworks/DesktopServicesPriv.framework/Versions/A/DesktopServicesPriv
0x000000000d799000 	/System/Library/Frameworks/Carbon.framework/Versions/A/Frameworks/HIToolbox.framework/Versions/A/HIToolbox
0x000000000d799000 	/System/Library/Frameworks/QuartzCore.framework/Versions/A/QuartzCore
0x000000000d799000 	/System/Library/Frameworks/Carbon.framework/Versions/A/Frameworks/SpeechRecognition.framework/Versions/A/SpeechRecognition
0x000000000d799000 	/usr/lib/libauto.dylib
0x000000000d799000 	/usr/lib/libicucore.A.dylib
0x000000000d799000 	/usr/lib/libxml2.2.dylib
0x000000000d799000 	/System/Library/PrivateFrameworks/CoreUI.framework/Versions/A/CoreUI
0x000000000d799000 	/System/Library/Frameworks/CoreAudio.framework/Versions/A/CoreAudio
0x000000000d799000 	/System/Library/Frameworks/DiskArbitration.framework/Versions/A/DiskArbitration
0x000000000d799000 	/usr/lib/liblangid.dylib
0x000000000d799000 	/System/Library/PrivateFrameworks/MultitouchSupport.framework/Versions/A/MultitouchSupport
0x000000000d799000 	/System/Library/Frameworks/IOKit.framework/Versions/A/IOKit
0x000000000d799000 	/usr/lib/libDiagnosticMessagesClient.dylib
0x000000000d799000 	/System/Library/Frameworks/CoreServices.framework/Versions/A/CoreServices
0x000000000d799000 	/System/Library/PrivateFrameworks/PerformanceAnalysis.framework/Versions/A/PerformanceAnalysis
0x000000000d799000 	/System/Library/PrivateFrameworks/GenerationalStorage.framework/Versions/A/GenerationalStorage
0x000000000d799000 	/System/Library/Frameworks/OpenGL.framework/Versions/A/OpenGL
0x000000000d799000 	/System/Library/PrivateFrameworks/Sharing.framework/Versions/A/Sharing
0x000000000d799000 	/System/Library/Frameworks/CoreGraphics.framework/Versions/A/CoreGraphics
0x000000000d799000 	/System/Library/Frameworks/CoreText.framework/Versions/A/CoreText
0x000000000d799000 	/System/Library/Frameworks/ImageIO.framework/Versions/A/ImageIO
0x000000000d799000 	/usr/lib/libextension.dylib
0x000000000d799000 	/System/Library/PrivateFrameworks/Backup.framework/Versions/A/Backup
0x000000000d799000 	/usr/lib/libarchive.2.dylib
0x000000000d799000 	/System/Library/Frameworks/CFNetwork.framework/Versions/A/CFNetwork
0x000000000d799000 	/System/Library/Frameworks/SystemConfiguration.framework/Versions/A/SystemConfiguration
0x000000000d799000 	/usr/lib/libCRFSuite.dylib
0x000000000d799000 	/usr/lib/libc++.1.dylib
0x000000000d799000 	/usr/lib/libc++abi.dylib
0x000000000d799000 	/usr/lib/system/libcache.dylib
0x000000000d799000 	/usr/lib/system/libcommonCrypto.dylib
0x000000000d799000 	/usr/lib/system/libcompiler_rt.dylib
0x000000000d799000 	/usr/lib/system/libcopyfile.dylib
0x000000000d799000 	/usr/lib/system/libcorecrypto.dylib
0x000000000d799000 	/usr/lib/system/libdispatch.dylib
0x000000000d799000 	/usr/lib/system/libdyld.dylib
0x000000000d799000 	/usr/lib/system/libkeymgr.dylib
0x000000000d799000 	/usr/lib/system/liblaunch.dylib
0x000000000d799000 	/usr/lib/system/libmacho.dylib
0x000000000d799000 	/usr/lib/system/libquarantine.dylib
0x000000000d799000 	/usr/lib/system/libremovefile.dylib
0x000000000d799000 	/usr/lib/system/libsystem_asl.dylib
0x000000000d799000 	/usr/lib/system/libsystem_blocks.dylib
0x000000000d799000 	/usr/lib/system/libsystem_c.dylib
0x000000000d799000 	/usr/lib/system/libsystem_configuration.dylib
0x000000000d799000 	/usr/lib/system/libsystem_coreservices.dylib
0x000000000d799000 	/usr/lib/system/libsystem_coretls.dylib
0x000000000d799000 	/usr/lib/system/libsystem_dnssd.dylib
0x000000000d799000 	/usr/lib/system/libsystem_info.dylib
0x000000000d799000 	/usr/lib/system/libsystem_kernel.dylib
0x000000000d799000 	/usr/lib/system/libsystem_m.dylib
0x000000000d799000 	/usr/lib/system/libsystem_malloc.dylib
0x000000000d799000 	/usr/lib/system/libsystem_network.dylib
0x000000000d799000 	/usr/lib/system/libsystem_networkextension.dylib
0x000000000d799000 	/usr/lib/system/libsystem_notify.dylib
0x000000000d799000 	/usr/lib/system/libsystem_platform.dylib
0x000000000d799000 	/usr/lib/system/libsystem_pthread.dylib
0x000000000d799000 	/usr/lib/system/libsystem_sandbox.dylib
0x000000000d799000 	/usr/lib/system/libsystem_secinit.dylib
0x000000000d799000 	/usr/lib/system/libsystem_stats.dylib
0x000000000d799000 	/usr/lib/system/libsystem_trace.dylib
0x000000000d799000 	/usr/lib/system/libunc.dylib
0x000000000d799000 	/usr/lib/system/libunwind.dylib
0x000000000d799000 	/usr/lib/system/libxpc.dylib
0x000000000d799000 	/usr/lib/libbz2.1.0.dylib
0x000000000d799000 	/usr/lib/liblzma.5.dylib
0x000000000d799000 	/usr/lib/libbsm.0.dylib
0x000000000d799000 	/usr/lib/libsqlite3.dylib
0x000000000d799000 	/usr/lib/system/libkxld.dylib
0x000000000d799000 	/usr/lib/libxar.1.dylib
0x000000000d799000 	/usr/lib/libpam.2.dylib
0x000000000d799000 	/usr/lib/libOpenScriptingUtil.dylib
0x000000000d799000 	/System/Library/Frameworks/CoreServices.framework/Versions/A/Frameworks/FSEvents.framework/Versions/A/FSEvents
0x000000000d799000 	/System/Library/Frameworks/CoreServices.framework/Versions/A/Frameworks/CarbonCore.framework/Versions/A/CarbonCore
0x000000000d799000 	/System/Library/Frameworks/CoreServices.framework/Versions/A/Frameworks/Metadata.framework/Versions/A/Metadata
0x000000000d799000 	/System/Library/Frameworks/CoreServices.framework/Versions/A/Frameworks/OSServices.framework/Versions/A/OSServices
0x000000000d799000 	/System/Library/Frameworks/CoreServices.framework/Versions/A/Frameworks/SearchKit.framework/Versions/A/SearchKit
0x000000000d799000 	/System/Library/Frameworks/CoreServices.framework/Versions/A/Frameworks/AE.framework/Versions/A/AE
0x000000000d799000 	/System/Library/Frameworks/CoreServices.framework/Versions/A/Frameworks/LaunchServices.framework/Versions/A/LaunchServices
0x000000000d799000 	/System/Library/Frameworks/CoreServices.framework/Versions/A/Frameworks/DictionaryServices.framework/Versions/A/DictionaryServices
0x000000000d799000 	/System/Library/Frameworks/NetFS.framework/Versions/A/NetFS
0x000000000d799000 	/System/Library/PrivateFrameworks/NetAuth.framework/Versions/A/NetAuth
0x000000000d799000 	/System/Library/PrivateFrameworks/login.framework/Versions/A/Frameworks/loginsupport.framework/Versions/A/loginsupport
0x000000000d799000 	/System/Library/PrivateFrameworks/TCC.framework/Versions/A/TCC
0x000000000d799000 	/usr/lib/libmecabra.dylib
0x000000000d799000 	/System/Library/Frameworks/ApplicationServices.framework/Versions/A/Frameworks/ATS.framework/Versions/A/ATS
0x000000000d799000 	/System/Library/Frameworks/ApplicationServices.framework/Versions/A/Frameworks/ColorSync.framework/Versions/A/ColorSync
0x000000000d799000 	/System/Library/Frameworks/ApplicationServices.framework/Versions/A/Frameworks/HIServices.framework/Versions/A/HIServices
0x000000000d799000 	/System/Library/Frameworks/ApplicationServices.framework/Versions/A/Frameworks/LangAnalysis.framework/Versions/A/LangAnalysis
0x000000000d799000 	/System/Library/Frameworks/ApplicationServices.framework/Versions/A/Frameworks/PrintCore.framework/Versions/A/PrintCore
0x000000000d799000 	/System/Library/Frameworks/ApplicationServices.framework/Versions/A/Frameworks/QD.framework/Versions/A/QD
0x000000000d799000 	/System/Library/Frameworks/ApplicationServices.framework/Versions/A/Frameworks/SpeechSynthesis.framework/Versions/A/SpeechSynthesis
0x000000000d799000 	/System/Library/Frameworks/Accelerate.framework/Versions/A/Accelerate
0x000000000d799000 	/System/Library/Frameworks/Accelerate.framework/Versions/A/Frameworks/vImage.framework/Versions/A/vImage
0x000000000d799000 	/System/Library/Frameworks/Accelerate.framework/Versions/A/Frameworks/vecLib.framework/Versions/A/vecLib
0x000000000d799000 	/System/Library/Frameworks/Accelerate.framework/Versions/A/Frameworks/vecLib.framework/Versions/A/libvDSP.dylib
0x000000000d799000 	/System/Library/Frameworks/Accelerate.framework/Versions/A/Frameworks/vecLib.framework/Versions/A/libvMisc.dylib
0x000000000d799000 	/System/Library/Frameworks/Accelerate.framework/Versions/A/Frameworks/vecLib.framework/Versions/A/libLAPACK.dylib
0x000000000d799000 	/System/Library/Frameworks/Accelerate.framework/Versions/A/Frameworks/vecLib.framework/Versions/A/libBLAS.dylib
0x000000000d799000 	/System/Library/Frameworks/Accelerate.framework/Versions/A/Frameworks/vecLib.framework/Versions/A/libLinearAlgebra.dylib
0x000000000d799000 	/System/Library/Frameworks/ApplicationServices.framework/Versions/A/Frameworks/ATS.framework/Versions/A/Resources/libFontParser.dylib
0x000000000d799000 	/System/Library/Frameworks/ApplicationServices.framework/Versions/A/Frameworks/ATS.framework/Versions/A/Resources/libFontRegistry.dylib
0x000000000d799000 	/System/Library/PrivateFrameworks/AppleVPA.framework/Versions/A/AppleVPA
0x000000000d799000 	/System/Library/PrivateFrameworks/AppleJPEG.framework/Versions/A/AppleJPEG
0x000000000d799000 	/System/Library/Frameworks/ImageIO.framework/Versions/A/Resources/libJPEG.dylib
0x000000000d799000 	/System/Library/Frameworks/ImageIO.framework/Versions/A/Resources/libTIFF.dylib
0x000000000d799000 	/System/Library/Frameworks/ImageIO.framework/Versions/A/Resources/libPng.dylib
0x000000000d799000 	/System/Library/Frameworks/ImageIO.framework/Versions/A/Resources/libGIF.dylib
0x000000000d799000 	/System/Library/Frameworks/ImageIO.framework/Versions/A/Resources/libJP2.dylib
0x000000000d799000 	/System/Library/Frameworks/ImageIO.framework/Versions/A/Resources/libRadiance.dylib
0x000000000d799000 	/System/Library/Frameworks/CoreVideo.framework/Versions/A/CoreVideo
0x000000000d799000 	/System/Library/Frameworks/OpenGL.framework/Versions/A/Libraries/libGLU.dylib
0x000000000d799000 	/System/Library/Frameworks/OpenGL.framework/Versions/A/Libraries/libGFXShared.dylib
0x000000000d799000 	/System/Library/Frameworks/OpenGL.framework/Versions/A/Libraries/libGL.dylib
0x000000000d799000 	/System/Library/Frameworks/OpenGL.framework/Versions/A/Libraries/libGLImage.dylib
0x000000000d799000 	/System/Library/Frameworks/OpenGL.framework/Versions/A/Libraries/libCVMSPluginSupport.dylib
0x000000000d799000 	/System/Library/Frameworks/OpenGL.framework/Versions/A/Libraries/libCoreVMClient.dylib
0x000000000d799000 	/usr/lib/libcups.2.dylib
0x000000000d799000 	/System/Library/Frameworks/Kerberos.framework/Versions/A/Kerberos
0x000000000d799000 	/System/Library/Frameworks/GSS.framework/Versions/A/GSS
0x000000000d799000 	/usr/lib/libresolv.9.dylib
0x000000000d799000 	/usr/lib/libiconv.2.dylib
0x000000000d799000 	/System/Library/PrivateFrameworks/Heimdal.framework/Versions/A/Heimdal
0x000000000d799000 	/usr/lib/libheimdal-asn1.dylib
0x000000000d799000 	/System/Library/Frameworks/OpenDirectory.framework/Versions/A/OpenDirectory
0x000000000d799000 	/System/Library/PrivateFrameworks/CommonAuth.framework/Versions/A/CommonAuth
0x000000000d799000 	/System/Library/Frameworks/OpenDirectory.framework/Versions/A/Frameworks/CFOpenDirectory.framework/Versions/A/CFOpenDirectory
0x000000000d799000 	/System/Library/Frameworks/SecurityFoundation.framework/Versions/A/SecurityFoundation
0x000000000d799000 	/System/Library/PrivateFrameworks/LanguageModeling.framework/Versions/A/LanguageModeling
0x000000000d799000 	/usr/lib/libcmph.dylib
0x000000000d799000 	/System/Library/Frameworks/ServiceManagement.framework/Versions/A/ServiceManagement
0x000000000d799000 	/usr/lib/libxslt.1.dylib
0x000000000d799000 	/System/Library/Frameworks/Carbon.framework/Versions/A/Frameworks/Ink.framework/Versions/A/Ink
0x000000000d799000 	/System/Library/Frameworks/QuartzCore.framework/Versions/A/Frameworks/CoreImage.framework/Versions/A/CoreImage
0x000000000d799000 	/System/Library/PrivateFrameworks/CrashReporterSupport.framework/Versions/A/CrashReporterSupport
0x000000000d799000 	/System/Library/Frameworks/OpenCL.framework/Versions/A/OpenCL
0x000000000d799000 	/System/Library/PrivateFrameworks/FaceCore.framework/Versions/A/FaceCore
0x000000000d799000 	/System/Library/PrivateFrameworks/Ubiquity.framework/Versions/A/Ubiquity
0x000000000d799000 	/System/Library/PrivateFrameworks/IconServices.framework/Versions/A/IconServices
0x000000000d799000 	/System/Library/PrivateFrameworks/ChunkingLibrary.framework/Versions/A/ChunkingLibrary
0x000000000d799000 	/System/Library/PrivateFrameworks/Apple80211.framework/Versions/A/Apple80211
0x000000000d799000 	/System/Library/Frameworks/CoreWLAN.framework/Versions/A/CoreWLAN
0x000000000d799000 	/System/Library/Frameworks/IOBluetooth.framework/Versions/A/IOBluetooth
0x000000000d799000 	/System/Library/PrivateFrameworks/CoreWiFi.framework/Versions/A/CoreWiFi
0x000000000d799000 	/System/Library/Frameworks/CoreBluetooth.framework/Versions/A/CoreBluetooth
0x000000000d799000 	/System/Library/PrivateFrameworks/DebugSymbols.framework/Versions/A/DebugSymbols
0x000000000d799000 	/System/Library/PrivateFrameworks/CoreSymbolication.framework/Versions/A/CoreSymbolication
0x000000000d799000 	/System/Library/PrivateFrameworks/Symbolication.framework/Versions/A/Symbolication
0x000000000d799000 	/System/Library/PrivateFrameworks/SpeechRecognitionCore.framework/Versions/A/SpeechRecognitionCore
0x0000000105800000 	/Library/Java/JavaVirtualMachines/jdk1.7.0_67.jdk/Contents/Home/jre/lib/server/libjvm.dylib
0x000000000d799000 	/usr/lib/libstdc++.6.dylib
0x0000000104fc1000 	/Library/Java/JavaVirtualMachines/jdk1.7.0_67.jdk/Contents/Home/jre/lib/libverify.dylib
0x0000000104fce000 	/Library/Java/JavaVirtualMachines/jdk1.7.0_67.jdk/Contents/Home/jre/lib/libjava.dylib
0x000000010636a000 	/Library/Java/JavaVirtualMachines/jdk1.7.0_67.jdk/Contents/Home/jre/lib/libzip.dylib
0x0000000194e64000 	/System/Library/Frameworks/JavaVM.framework/Frameworks/JavaRuntimeSupport.framework/JavaRuntimeSupport
0x0000000194e7c000 	/System/Library/Frameworks/JavaVM.framework/Versions/A/Frameworks/JavaNativeFoundation.framework/Versions/A/JavaNativeFoundation
0x0000000194e91000 	/System/Library/Frameworks/JavaVM.framework/Versions/A/JavaVM
0x000000000d799000 	/System/Library/Frameworks/Carbon.framework/Versions/A/Carbon
0x0000000194e9e000 	/System/Library/PrivateFrameworks/JavaLaunching.framework/Versions/A/JavaLaunching
0x000000000d799000 	/System/Library/Frameworks/Carbon.framework/Versions/A/Frameworks/CommonPanels.framework/Versions/A/CommonPanels
0x000000000d799000 	/System/Library/Frameworks/Carbon.framework/Versions/A/Frameworks/Help.framework/Versions/A/Help
0x000000000d799000 	/System/Library/Frameworks/Carbon.framework/Versions/A/Frameworks/ImageCapture.framework/Versions/A/ImageCapture
0x000000000d799000 	/System/Library/Frameworks/Carbon.framework/Versions/A/Frameworks/OpenScripting.framework/Versions/A/OpenScripting
0x000000000d799000 	/System/Library/Frameworks/Carbon.framework/Versions/A/Frameworks/Print.framework/Versions/A/Print
0x000000000d799000 	/System/Library/Frameworks/Carbon.framework/Versions/A/Frameworks/SecurityHI.framework/Versions/A/SecurityHI
0x0000000196e4f000 	/Applications/IntelliJ IDEA 14 CE.app/Contents/bin/libbreakgen64.jnilib
0x0000000196f55000 	/Library/Java/JavaVirtualMachines/jdk1.7.0_67.jdk/Contents/Home/jre/lib/libnet.dylib
0x000000019706a000 	/Library/Java/JavaVirtualMachines/jdk1.7.0_67.jdk/Contents/Home/jre/lib/libawt.dylib
0x0000000197119000 	/Library/Java/JavaVirtualMachines/jdk1.7.0_67.jdk/Contents/Home/jre/lib/./libmlib_image.dylib
0x00000001971e5000 	/Library/Java/JavaVirtualMachines/jdk1.7.0_67.jdk/Contents/Home/jre/lib/lwawt/liblwawt.dylib
0x0000000197299000 	/Library/Java/JavaVirtualMachines/jdk1.7.0_67.jdk/Contents/Home/jre/lib/libosxapp.dylib
0x000000000d799000 	/System/Library/Frameworks/ExceptionHandling.framework/Versions/A/ExceptionHandling
0x000000000d799000 	/System/Library/PrivateFrameworks/CoreServicesInternal.framework/Versions/A/CoreServicesInternal
0x000000000d799000 	/System/Library/PrivateFrameworks/CloudDocs.framework/Versions/A/CloudDocs
0x000000000d799000 	/System/Library/PrivateFrameworks/CoreDuet.framework/Versions/A/CoreDuet
0x000000000d799000 	/System/Library/Frameworks/CloudKit.framework/Versions/A/CloudKit
0x000000000d799000 	/System/Library/PrivateFrameworks/ProtocolBuffer.framework/Versions/A/ProtocolBuffer
0x000000000d799000 	/System/Library/PrivateFrameworks/CoreDuetDaemonProtocol.framework/Versions/A/CoreDuetDaemonProtocol
0x000000000d799000 	/System/Library/PrivateFrameworks/CoreDuetDebugLogging.framework/Versions/A/CoreDuetDebugLogging
0x000000000d799000 	/System/Library/Frameworks/CoreLocation.framework/Versions/A/CoreLocation
0x000000000d799000 	/System/Library/Frameworks/Accounts.framework/Versions/A/Accounts
0x000000000d799000 	/System/Library/PrivateFrameworks/ApplePushService.framework/Versions/A/ApplePushService
0x000000000d799000 	/System/Library/PrivateFrameworks/GeoServices.framework/Versions/A/GeoServices
0x000000000d799000 	/System/Library/PrivateFrameworks/OAuth.framework/Versions/A/OAuth
0x000000000d799000 	/System/Library/PrivateFrameworks/CoreDaemon.framework/Versions/B/CoreDaemon
0x000000000d799000 	/usr/lib/libcrypto.0.9.8.dylib
0x000000000d799000 	/System/Library/PrivateFrameworks/AppleSRP.framework/Versions/A/AppleSRP
0x000000000d799000 	/System/Library/PrivateFrameworks/TrustEvaluationAgent.framework/Versions/A/TrustEvaluationAgent
0x000000019856d000 	/System/Library/Frameworks/CoreGraphics.framework/Versions/A/Resources/libCGCMS.A.dylib
0x000000019937d000 	/System/Library/Frameworks/CoreGraphics.framework/Versions/A/Resources/libRIP.A.dylib
0x00000001996ad000 	/System/Library/Frameworks/CoreGraphics.framework/Versions/A/Resources/libCGXType.A.dylib
0x000000000d799000 	/System/Library/Frameworks/OpenCL.framework/Versions/A/Libraries/libcldcpuengine.dylib
0x000000000d799000 	/System/Library/PrivateFrameworks/DiskImages.framework/Versions/A/DiskImages
0x000000000d799000 	/System/Library/Frameworks/DiscRecording.framework/Versions/A/DiscRecording
0x000000000d799000 	/usr/lib/libcsfde.dylib
0x000000000d799000 	/usr/lib/libcurl.4.dylib
0x000000000d799000 	/System/Library/PrivateFrameworks/MediaKit.framework/Versions/A/MediaKit
0x000000000d799000 	/System/Library/PrivateFrameworks/ProtectedCloudStorage.framework/Versions/A/ProtectedCloudStorage
0x000000000d799000 	/usr/lib/libCoreStorage.dylib
0x000000000d799000 	/System/Library/PrivateFrameworks/EFILogin.framework/Versions/A/EFILogin
0x000000000d799000 	/usr/lib/libutil.dylib
0x000000000d799000 	/System/Library/PrivateFrameworks/FindMyDevice.framework/Versions/A/FindMyDevice
0x000000000d799000 	/System/Library/Frameworks/LDAP.framework/Versions/A/LDAP
0x000000000d799000 	/usr/lib/libsasl2.2.dylib
0x000000019a120000 	cl_kernels
0x000000019a122000 	/System/Library/Frameworks/OpenCL.framework/Versions/A/Libraries/ImageFormats/unorm8_bgra.dylib
0x000000019a112000 	cl_kernels
0x000000000d799000 	/System/Library/PrivateFrameworks/FamilyControls.framework/Versions/A/FamilyControls
0x000000000d799000 	/System/Library/PrivateFrameworks/CommerceKit.framework/Versions/A/Frameworks/CommerceCore.framework/Versions/A/CommerceCore
0x000000000d799000 	/System/Library/PrivateFrameworks/SystemAdministration.framework/Versions/A/SystemAdministration
0x000000000d799000 	/System/Library/PrivateFrameworks/AppContainer.framework/Versions/A/AppContainer
0x000000000d799000 	/System/Library/PrivateFrameworks/SecCodeWrapper.framework/Versions/A/SecCodeWrapper
0x000000000d799000 	/System/Library/Frameworks/DirectoryService.framework/Versions/A/DirectoryService
0x000000000d799000 	/System/Library/PrivateFrameworks/LoginUIKit.framework/Versions/A/Frameworks/LoginUICore.framework/Versions/A/LoginUICore
0x000000000d799000 	/usr/lib/libodfde.dylib
0x000000019b3a6000 	/Library/Java/JavaVirtualMachines/jdk1.7.0_67.jdk/Contents/Home/jre/lib/libfontmanager.dylib
0x000000019b40d000 	/Development/Scala/Idea/tilde/lib/native/macosx/liblwjgl.jnilib
0x000000019958e000 	/Library/Java/JavaVirtualMachines/jdk1.7.0_67.jdk/Contents/Home/jre/lib/libjawt.dylib
0x000000019b50f000 	/System/Library/Frameworks/OpenGL.framework/Resources/GLEngine.bundle/GLEngine
0x000000000d799000 	/System/Library/Frameworks/OpenGL.framework/Versions/A/Libraries/libGLProgrammability.dylib
0x0000000000000000 	/System/Library/Extensions/AppleIntelHD5000GraphicsGLDriver.bundle/Contents/MacOS/AppleIntelHD5000GraphicsGLDriver
0x000000000d799000 	/System/Library/PrivateFrameworks/IOAccelerator.framework/Versions/A/IOAccelerator
0x000000000d799000 	/System/Library/PrivateFrameworks/GPUSupport.framework/Versions/A/Libraries/libGPUSupportMercury.dylib
0x000000019b6fa000 	/System/Library/Frameworks/OpenGL.framework/Resources//GLRendererFloat.bundle/GLRendererFloat

VM Arguments:
jvm_args: -Djava.library.path=lib/native/macosx/ -Didea.launcher.port=7534 -Didea.launcher.bin.path=/Applications/IntelliJ IDEA 14 CE.app/Contents/bin -Dfile.encoding=UTF-8 
java_command: com.intellij.rt.execution.application.AppMain app.main.Main
Launcher Type: SUN_STANDARD

Environment Variables:
PATH=/usr/local/bin:/usr/bin:/bin:/usr/sbin:/sbin:/usr/local/git/bin
SHELL=/bin/bash

Signal Handlers:
SIGSEGV: [libjvm.dylib+0x52b6c9], sa_mask[0]=0xfffefeff, sa_flags=0x00000043
SIGBUS: [libjvm.dylib+0x52b6c9], sa_mask[0]=0xfffefeff, sa_flags=0x00000042
SIGFPE: [libjvm.dylib+0x41deaa], sa_mask[0]=0xfffefeff, sa_flags=0x00000042
SIGPIPE: [libjvm.dylib+0x41deaa], sa_mask[0]=0xfffefeff, sa_flags=0x00000042
SIGXFSZ: [libjvm.dylib+0x41deaa], sa_mask[0]=0xfffefeff, sa_flags=0x00000042
SIGILL: [libjvm.dylib+0x41deaa], sa_mask[0]=0xfffefeff, sa_flags=0x00000042
SIGUSR1: SIG_DFL, sa_mask[0]=0x00000000, sa_flags=0x00000000
SIGUSR2: [libjvm.dylib+0x41d99c], sa_mask[0]=0x00000004, sa_flags=0x00000042
SIGHUP: [libjvm.dylib+0x41bc2d], sa_mask[0]=0xfffefeff, sa_flags=0x00000042
SIGINT: [libjvm.dylib+0x41bc2d], sa_mask[0]=0xfffefeff, sa_flags=0x00000042
SIGTERM: [libjvm.dylib+0x41bc2d], sa_mask[0]=0xfffefeff, sa_flags=0x00000042
SIGQUIT: [libjvm.dylib+0x41bc2d], sa_mask[0]=0xfffefeff, sa_flags=0x00000042


---------------  S Y S T E M  ---------------

OS:Bsduname:Darwin 14.1.0 Darwin Kernel Version 14.1.0: Fri Dec  5 06:49:27 PST 2014; root:xnu-2782.10.67~9/RELEASE_X86_64 x86_64
rlimit: STACK 8192k, CORE 0k, NPROC 709, NOFILE 10240, AS infinity
load average:4.28 3.00 2.31

CPU:total 4 (2 cores per cpu, 2 threads per core) family 6 model 69 stepping 1, cmov, cx8, fxsr, mmx, sse, sse2, sse3, ssse3, sse4.1, sse4.2, popcnt, avx, avx2, aes, erms, ht, tsc, tscinvbit

Memory: 4k page, physical 8388608k(2097152k free)

/proc/meminfo:


vm_info: Java HotSpot(TM) 64-Bit Server VM (24.65-b04) for bsd-amd64 JRE (1.7.0_67-b01), built on Jul 25 2014 08:51:51 by "java_re" with gcc 4.2.1 (Based on Apple Inc. build 5658) (LLVM build 2336.11.00)

time: Sun Dec 28 21:53:52 2014
elapsed time: 15 seconds

