#
# A fatal error has been detected by the Java Runtime Environment:
#
#  SIGSEGV (0xb) at pc=0x00007fff958460e9, pid=18263, tid=1299
#
# JRE version: Java(TM) SE Runtime Environment (7.0_67-b01) (build 1.7.0_67-b01)
# Java VM: Java HotSpot(TM) 64-Bit Server VM (24.65-b04 mixed mode bsd-amd64 compressed oops)
# Problematic frame:
# C  [libobjc.A.dylib+0x10e9]  objc_msgSend+0x29
#
# Failed to write core dump. Core dumps have been disabled. To enable core dumping, try "ulimit -c unlimited" before starting Java again
#
# If you would like to submit a bug report, please visit:
#   http://bugreport.sun.com/bugreport/crash.jsp
# The crash happened outside the Java Virtual Machine in native code.
# See problematic frame for where to report the bug.
#

---------------  T H R E A D  ---------------

Current thread (0x00007fbbab110800):  JavaThread "AppKit Thread" daemon [_thread_in_native, id=1299, stack(0x00007fff5a32a000,0x00007fff5a3aa000)]

siginfo:si_signo=SIGSEGV: si_errno=0, si_code=1 (SEGV_MAPERR), si_addr=0x0000000000000000

Registers:
RAX=0x0000000000000000, RBX=0x00007fbbaac80e10, RCX=0x0000000000000000, RDX=0x00007fbbaad769f0
RSP=0x00007fff5a3a3428, RBP=0x00007fff5a3a3450, RSI=0x00007fff8e03abb2, RDI=0x00007fbbaac80e10
R8 =0x0000000000000001, R9 =0x0000000000000001, R10=0x0000000000000000, R11=0x00007fbbac802000
R12=0x00007fbbaad769f0, R13=0x00007fbbaae56520, R14=0x00007fbbaad769f0, R15=0x00007fff5a3a3940
RIP=0x00007fff958460e9, EFLAGS=0x0000000000010246, ERR=0x0000000000000004
  TRAPNO=0x000000000000000e

Top of Stack: (sp=0x00007fff5a3a3428)
0x00007fff5a3a3428:   0000000116bb4f4e 00007fbbaad769f0
0x00007fff5a3a3438:   0000000116be8cb8 00007fbbaae56520
0x00007fff5a3a3448:   0000000000000094 00007fff5a3a3930
0x00007fff5a3a3458:   00007fff8d7bf8c5 0000000000000000
0x00007fff5a3a3468:   0000000000000000 4089000000000000
0x00007fff5a3a3478:   4082c00000000000 0000000000000000
0x00007fff5a3a3488:   0000000000000000 4089000000000000
0x00007fff5a3a3498:   4082c00000000000 4089000000000000
0x00007fff5a3a34a8:   4083700000000000 401c000000000000
0x00007fff5a3a34b8:   4082d80000000000 402c000000000000
0x00007fff5a3a34c8:   4030000000000000 401c000000000000
0x00007fff5a3a34d8:   0000000000000000 0000000000000000
0x00007fff5a3a34e8:   4030000000000000 00007fff8dfff33e
0x00007fff5a3a34f8:   4018000000000000 00007fbbaae56940
0x00007fff5a3a3508:   0000000100000000 0000000000000000
0x00007fff5a3a3518:   00007fbbaad61f90 00007fff5a3a3670
0x00007fff5a3a3528:   00007fff8d885d16 00007fff5a3a3670
0x00007fff5a3a3538:   00007fff8d886802 402c000000000000
0x00007fff5a3a3548:   4030000000000000 401c000000000000
0x00007fff5a3a3558:   4082d80000000000 402c000000000000
0x00007fff5a3a3568:   4030000000000000 0000000000000000
0x00007fff5a3a3578:   0000000000000000 4089000000000000
0x00007fff5a3a3588:   4083700000000000 401c000000000000
0x00007fff5a3a3598:   4082d80000000000 0000000105874e00
0x00007fff5a3a35a8:   00007fbbaadcaaa0 0000000000000040
0x00007fff5a3a35b8:   0000000000000002 0000000105874e00
0x00007fff5a3a35c8:   0000000105870000 00007fff5a3a3670
0x00007fff5a3a35d8:   00007fff961384ff 0000000000000c98
0x00007fff5a3a35e8:   0000000105870000 00007fff5a3a3690
0x00007fff5a3a35f8:   00007fff961384ff 00007fff5a3a36ff
0x00007fff5a3a3608:   0000000000000400 00007fbbaadfc080
0x00007fff5a3a3618:   00007fbbaadc6b50 000000000000000b 

Instructions: (pc=0x00007fff958460e9)
0x00007fff958460c9:   01 2e 75 7e 49 bb f8 ff ff ff ff 7f 00 00 4c 23
0x00007fff958460d9:   1f 49 89 f2 45 23 53 18 49 c1 e2 04 4d 03 53 10
0x00007fff958460e9:   49 3b 32 75 04 41 ff 62 08 49 83 3a 00 74 6a 4d
0x00007fff958460f9:   3b 53 10 74 0d 49 83 ea 10 49 3b 32 75 eb 41 ff 

Register to memory mapping:

RAX=0x0000000000000000 is an unknown value
RBX=0x00007fbbaac80e10 is an unknown value
RCX=0x0000000000000000 is an unknown value
RDX=0x00007fbbaad769f0 is an unknown value
RSP=0x00007fff5a3a3428 is pointing into the stack for thread: 0x00007fbbab110800
RBP=0x00007fff5a3a3450 is pointing into the stack for thread: 0x00007fbbab110800
RSI=0x00007fff8e03abb2: -[NSTitlebarContainerView shouldRoundCorners]+0x5c5a4 in /System/Library/Frameworks/AppKit.framework/Versions/C/AppKit at 0x00007fff8d671000
RDI=0x00007fbbaac80e10 is an unknown value
R8 =0x0000000000000001 is an unknown value
R9 =0x0000000000000001 is an unknown value
R10=0x0000000000000000 is an unknown value
R11=0x00007fbbac802000 is a thread
R12=0x00007fbbaad769f0 is an unknown value
R13=0x00007fbbaae56520 is an unknown value
R14=0x00007fbbaad769f0 is an unknown value
R15=0x00007fff5a3a3940 is pointing into the stack for thread: 0x00007fbbab110800


Stack: [0x00007fff5a32a000,0x00007fff5a3aa000],  sp=0x00007fff5a3a3428,  free space=485k
Native frames: (J=compiled Java code, j=interpreted, Vv=VM code, C=native code)
C  [libobjc.A.dylib+0x10e9]  objc_msgSend+0x29
C  [AppKit+0x14e8c5]  -[NSView _recursiveDisplayRectIfNeededIgnoringOpacity:isVisibleRect:rectIsVisibleRectForView:topView:]+0x740
C  [AppKit+0x14f920]  -[NSView _recursiveDisplayRectIfNeededIgnoringOpacity:isVisibleRect:rectIsVisibleRectForView:topView:]+0x179b
C  [AppKit+0x14dc73]  -[NSThemeFrame _recursiveDisplayRectIfNeededIgnoringOpacity:isVisibleRect:rectIsVisibleRectForView:topView:]+0x14d
C  [AppKit+0x14a7cb]  -[NSView _displayRectIgnoringOpacity:isVisibleRect:rectIsVisibleRectForView:]+0xac9
C  [AppKit+0x1291ca]  -[NSView displayIfNeeded]+0x754
C  [AppKit+0x1466c5]  -[NSWindow displayIfNeeded]+0xe8
C  [AppKit+0x1838c2]  _handleWindowNeedsDisplayOrLayoutOrUpdateConstraints+0x3a8
C  [Foundation+0x67023]  __NSFireTimer+0x5f
C  [CoreFoundation+0xb5b44]  __CFRUNLOOP_IS_CALLING_OUT_TO_A_TIMER_CALLBACK_FUNCTION__+0x14
C  [CoreFoundation+0xb57d3]  __CFRunLoopDoTimer+0x423
C  [CoreFoundation+0x128d9d]  __CFRunLoopDoTimers+0x12d
C  [CoreFoundation+0x72268]  __CFRunLoopRun+0x7e8
C  [CoreFoundation+0x71838]  CFRunLoopRunSpecific+0x128
C  [HIToolbox+0x2e43f]  RunCurrentEventLoopInMode+0xeb
C  [HIToolbox+0x2e1ba]  ReceiveNextEventCommon+0x1af
C  [HIToolbox+0x2dffb]  _BlockUntilNextEventMatchingListInModeWithFilter+0x47
C  [AppKit+0x24821]  _DPSNextEvent+0x3c4
C  [AppKit+0x23fd0]  -[NSApplication nextEventMatchingMask:untilDate:inMode:dequeue:]+0xc2
C  [libosxapp.dylib+0x24e3]  -[NSApplicationAWT nextEventMatchingMask:untilDate:inMode:dequeue:]+0x7c
C  [AppKit+0x17f73]  -[NSApplication run]+0x252
C  [libosxapp.dylib+0x2346]  +[NSApplicationAWT runAWTLoopWithApp:]+0x9c
C  [liblwawt.dylib+0xd889]  -[AWTStarter starter:]+0x369
C  [Foundation+0x65f4c]  __NSThreadPerformPerform+0x125
C  [CoreFoundation+0x80661]  __CFRUNLOOP_IS_CALLING_OUT_TO_A_SOURCE0_PERFORM_FUNCTION__+0x11
C  [CoreFoundation+0x727ed]  __CFRunLoopDoSources0+0x10d
C  [CoreFoundation+0x71e1f]  __CFRunLoopRun+0x39f
C  [CoreFoundation+0x71838]  CFRunLoopRunSpecific+0x128
C  [java+0x73b0]  CreateExecutionEnvironment+0x367
C  [java+0x1b5c]  JLI_Launch+0x7a0
C  [java+0x770d]  main+0x65
C  [java+0x13b4]  start+0x34


---------------  P R O C E S S  ---------------

Java Threads: ( => current thread )
  0x00007fbbab257000 JavaThread "AWT-Shutdown" [_thread_blocked, id=28183, stack(0x0000000113d7b000,0x0000000113e7b000)]
  0x00007fbbaba84800 JavaThread "Java2D Disposer" daemon [_thread_blocked, id=50191, stack(0x0000000117b3b000,0x0000000117c3b000)]
=>0x00007fbbab110800 JavaThread "AppKit Thread" daemon [_thread_in_native, id=1299, stack(0x00007fff5a32a000,0x00007fff5a3aa000)]
  0x00007fbbab0b6000 JavaThread "Monitor Ctrl-Break" daemon [_thread_in_native, id=18435, stack(0x00000001124fa000,0x00000001125fa000)]
  0x00007fbbab01e800 JavaThread "Service Thread" daemon [_thread_blocked, id=17411, stack(0x000000011205a000,0x000000011215a000)]
  0x00007fbbab018800 JavaThread "C2 CompilerThread1" daemon [_thread_blocked, id=16899, stack(0x0000000111f57000,0x0000000112057000)]
  0x00007fbbab018000 JavaThread "C2 CompilerThread0" daemon [_thread_blocked, id=16387, stack(0x0000000111e54000,0x0000000111f54000)]
  0x00007fbbab819000 JavaThread "Signal Dispatcher" daemon [_thread_blocked, id=12307, stack(0x0000000111d51000,0x0000000111e51000)]
  0x00007fbbab011000 JavaThread "Finalizer" daemon [_thread_blocked, id=11523, stack(0x00000001104a4000,0x00000001105a4000)]
  0x00007fbbab010800 JavaThread "Reference Handler" daemon [_thread_blocked, id=11011, stack(0x00000001103a1000,0x00000001104a1000)]
  0x00007fbbac802000 JavaThread "main" [_thread_in_native, id=4867, stack(0x0000000106c60000,0x0000000106d60000)]

Other Threads:
  0x00007fbbab00e000 VMThread [stack: 0x000000011029e000,0x000000011039e000] [id=10499]
  0x00007fbbab027000 WatcherThread [stack: 0x000000011215d000,0x000000011225d000] [id=17923]

VM state:not at safepoint (normal execution)

VM Mutex/Monitor currently owned by a thread: None

Heap
 PSYoungGen      total 38912K, used 22650K [0x00000007d5500000, 0x00000007d8000000, 0x0000000800000000)
  eden space 33792K, 67% used [0x00000007d5500000,0x00000007d6b1ea40,0x00000007d7600000)
  from space 5120K, 0% used [0x00000007d7b00000,0x00000007d7b00000,0x00000007d8000000)
  to   space 5120K, 0% used [0x00000007d7600000,0x00000007d7600000,0x00000007d7b00000)
 ParOldGen       total 87040K, used 0K [0x0000000780000000, 0x0000000785500000, 0x00000007d5500000)
  object space 87040K, 0% used [0x0000000780000000,0x0000000780000000,0x0000000785500000)
 PSPermGen       total 21504K, used 9158K [0x000000077ae00000, 0x000000077c300000, 0x0000000780000000)
  object space 21504K, 42% used [0x000000077ae00000,0x000000077b6f18c0,0x000000077c300000)

Card table byte_map: [0x0000000109e22000,0x000000010a24c000] byte_map_base: 0x000000010624b000

Polling page: 0x00000001059a8000

Code Cache  [0x0000000106d62000, 0x0000000106fd2000, 0x0000000109d62000)
 total_blobs=438 nmethods=83 adapters=309 free_code_cache=48485Kb largest_free_block=49626560

Compilation events (10 events):
Event: 1.312 Thread 0x00007fbbab018000 nmethod 76 0x0000000106e0a210 code [0x0000000106e0a540, 0x0000000106e0b5f0]
Event: 1.317 Thread 0x00007fbbab018800 nmethod 78 0x0000000106e059d0 code [0x0000000106e05ba0, 0x0000000106e06488]
Event: 1.735 Thread 0x00007fbbab018000   79             org.lwjgl.opengl.Sync$RunningAvg::avg (37 bytes)
Event: 1.737 Thread 0x00007fbbab018000 nmethod 79 0x0000000106e04990 code [0x0000000106e04ae0, 0x0000000106e04c38]
Event: 1.768 Thread 0x00007fbbab018800   80             java.nio.Buffer::checkIndex (22 bytes)
Event: 1.769 Thread 0x00007fbbab018800 nmethod 80 0x0000000106e04750 code [0x0000000106e04880, 0x0000000106e048f8]
Event: 6.521 Thread 0x00007fbbab018800   83             java.nio.DirectFloatBufferU::put (17 bytes)
Event: 6.521 Thread 0x00007fbbab018000   82             java.nio.DirectFloatBufferU::ix (10 bytes)
Event: 6.522 Thread 0x00007fbbab018000 nmethod 82 0x0000000106e06cd0 code [0x0000000106e06e00, 0x0000000106e06e78]
Event: 6.522 Thread 0x00007fbbab018800 nmethod 83 0x0000000106e08390 code [0x0000000106e084c0, 0x0000000106e08578]

GC Heap History (0 events):
No events

Deoptimization events (3 events):
Event: 1.170 Thread 0x00007fbbac802000 Uncommon trap: reason=unreached action=reinterpret pc=0x0000000106de6614 method=sun.misc.URLClassPath$JarLoader.ensureOpen()V @ 4
Event: 1.287 Thread 0x00007fbbac802000 Uncommon trap: reason=unreached action=reinterpret pc=0x0000000106de54d8 method=java.util.zip.ZipCoder.encoder()Ljava/nio/charset/CharsetEncoder; @ 4
Event: 1.294 Thread 0x00007fbbac802000 Uncommon trap: reason=predicate action=maybe_recompile pc=0x0000000106e03570 method=scala.collection.immutable.Range.foreach(Lscala/Function1;)V @ 48

Internal exceptions (10 events):
Event: 1.304 Thread 0x00007fbbac802000 Threw 0x00000007d69ad428 at /HUDSON/workspace/7u-2-build-macosx-x86_64/jdk7u67/1368/hotspot/src/share/vm/prims/jvm.cpp:1244
Event: 1.305 Thread 0x00007fbbac802000 Threw 0x00000007d69b37b8 at /HUDSON/workspace/7u-2-build-macosx-x86_64/jdk7u67/1368/hotspot/src/share/vm/prims/jvm.cpp:1244
Event: 1.315 Thread 0x00007fbbac802000 Threw 0x00000007d69d79e8 at /HUDSON/workspace/7u-2-build-macosx-x86_64/jdk7u67/1368/hotspot/src/share/vm/prims/jvm.cpp:1244
Event: 1.318 Thread 0x00007fbbac802000 Threw 0x00000007d69dd580 at /HUDSON/workspace/7u-2-build-macosx-x86_64/jdk7u67/1368/hotspot/src/share/vm/prims/jvm.cpp:1244
Event: 1.320 Thread 0x00007fbbac802000 Threw 0x00000007d69e1e80 at /HUDSON/workspace/7u-2-build-macosx-x86_64/jdk7u67/1368/hotspot/src/share/vm/prims/jvm.cpp:1244
Event: 1.324 Thread 0x00007fbbac802000 Threw 0x00000007d69e6f80 at /HUDSON/workspace/7u-2-build-macosx-x86_64/jdk7u67/1368/hotspot/src/share/vm/prims/jvm.cpp:1244
Event: 1.326 Thread 0x00007fbbac802000 Threw 0x00000007d69f4110 at /HUDSON/workspace/7u-2-build-macosx-x86_64/jdk7u67/1368/hotspot/src/share/vm/prims/jvm.cpp:1244
Event: 1.340 Thread 0x00007fbbac802000 Threw 0x00000007d6a02008 at /HUDSON/workspace/7u-2-build-macosx-x86_64/jdk7u67/1368/hotspot/src/share/vm/prims/jvm.cpp:1244
Event: 1.341 Thread 0x00007fbbac802000 Threw 0x00000007d6a07808 at /HUDSON/workspace/7u-2-build-macosx-x86_64/jdk7u67/1368/hotspot/src/share/vm/prims/jvm.cpp:1244
Event: 7.608 Thread 0x00007fbbac802000 Threw 0x00000007d6a30710 at /HUDSON/workspace/7u-2-build-macosx-x86_64/jdk7u67/1368/hotspot/src/share/vm/prims/jvm.cpp:1244

Events (10 events):
Event: 2.047 loading class 0x00007fbbac8a5080
Event: 2.047 loading class 0x00007fbbac8a5080 done
Event: 2.047 loading class 0x00007fbbac8b6e20
Event: 2.047 loading class 0x00007fbbac8b6e20 done
Event: 2.047 Thread 0x00007fbbac0e7000 Thread exited: 0x00007fbbac0e7000
Event: 4.103 Executing VM operation: EnableBiasedLocking
Event: 4.103 Executing VM operation: EnableBiasedLocking done
Event: 5.748 Thread 0x00007fbbab257000 Thread added: 0x00007fbbab257000
Event: 7.607 loading class 0x00007fbbaae715e0
Event: 7.607 loading class 0x00007fbbaae715e0 done


Dynamic libraries:
0x00000000081d4000 	/System/Library/Frameworks/Cocoa.framework/Versions/A/Cocoa
0x00000000081d4000 	/System/Library/Frameworks/Security.framework/Versions/A/Security
0x00000000081d4000 	/System/Library/Frameworks/ApplicationServices.framework/Versions/A/ApplicationServices
0x00000000081d4000 	/usr/lib/libz.1.dylib
0x00000000081d4000 	/usr/lib/libSystem.B.dylib
0x00000000081d4000 	/usr/lib/libobjc.A.dylib
0x00000000081d4000 	/System/Library/Frameworks/CoreFoundation.framework/Versions/A/CoreFoundation
0x00000000081d4000 	/System/Library/Frameworks/Foundation.framework/Versions/C/Foundation
0x00000000081d4000 	/System/Library/Frameworks/AppKit.framework/Versions/C/AppKit
0x00000000081d4000 	/System/Library/Frameworks/CoreData.framework/Versions/A/CoreData
0x00000000081d4000 	/System/Library/PrivateFrameworks/RemoteViewServices.framework/Versions/A/RemoteViewServices
0x00000000081d4000 	/System/Library/PrivateFrameworks/UIFoundation.framework/Versions/A/UIFoundation
0x00000000081d4000 	/System/Library/Frameworks/IOSurface.framework/Versions/A/IOSurface
0x00000000081d4000 	/System/Library/Frameworks/AudioToolbox.framework/Versions/A/AudioToolbox
0x00000000081d4000 	/System/Library/Frameworks/AudioUnit.framework/Versions/A/AudioUnit
0x00000000081d4000 	/System/Library/PrivateFrameworks/DataDetectorsCore.framework/Versions/A/DataDetectorsCore
0x00000000081d4000 	/System/Library/PrivateFrameworks/DesktopServicesPriv.framework/Versions/A/DesktopServicesPriv
0x00000000081d4000 	/System/Library/Frameworks/Carbon.framework/Versions/A/Frameworks/HIToolbox.framework/Versions/A/HIToolbox
0x00000000081d4000 	/System/Library/Frameworks/QuartzCore.framework/Versions/A/QuartzCore
0x00000000081d4000 	/System/Library/Frameworks/Carbon.framework/Versions/A/Frameworks/SpeechRecognition.framework/Versions/A/SpeechRecognition
0x00000000081d4000 	/usr/lib/libauto.dylib
0x00000000081d4000 	/usr/lib/libicucore.A.dylib
0x00000000081d4000 	/usr/lib/libxml2.2.dylib
0x00000000081d4000 	/System/Library/PrivateFrameworks/CoreUI.framework/Versions/A/CoreUI
0x00000000081d4000 	/System/Library/Frameworks/CoreAudio.framework/Versions/A/CoreAudio
0x00000000081d4000 	/System/Library/Frameworks/DiskArbitration.framework/Versions/A/DiskArbitration
0x00000000081d4000 	/usr/lib/liblangid.dylib
0x00000000081d4000 	/System/Library/PrivateFrameworks/MultitouchSupport.framework/Versions/A/MultitouchSupport
0x00000000081d4000 	/System/Library/Frameworks/IOKit.framework/Versions/A/IOKit
0x00000000081d4000 	/usr/lib/libDiagnosticMessagesClient.dylib
0x00000000081d4000 	/System/Library/Frameworks/CoreServices.framework/Versions/A/CoreServices
0x00000000081d4000 	/System/Library/PrivateFrameworks/PerformanceAnalysis.framework/Versions/A/PerformanceAnalysis
0x00000000081d4000 	/System/Library/PrivateFrameworks/GenerationalStorage.framework/Versions/A/GenerationalStorage
0x00000000081d4000 	/System/Library/Frameworks/OpenGL.framework/Versions/A/OpenGL
0x00000000081d4000 	/System/Library/PrivateFrameworks/Sharing.framework/Versions/A/Sharing
0x00000000081d4000 	/System/Library/Frameworks/CoreGraphics.framework/Versions/A/CoreGraphics
0x00000000081d4000 	/System/Library/Frameworks/CoreText.framework/Versions/A/CoreText
0x00000000081d4000 	/System/Library/Frameworks/ImageIO.framework/Versions/A/ImageIO
0x00000000081d4000 	/usr/lib/libextension.dylib
0x00000000081d4000 	/System/Library/PrivateFrameworks/Backup.framework/Versions/A/Backup
0x00000000081d4000 	/usr/lib/libarchive.2.dylib
0x00000000081d4000 	/System/Library/Frameworks/CFNetwork.framework/Versions/A/CFNetwork
0x00000000081d4000 	/System/Library/Frameworks/SystemConfiguration.framework/Versions/A/SystemConfiguration
0x00000000081d4000 	/usr/lib/libCRFSuite.dylib
0x00000000081d4000 	/usr/lib/libc++.1.dylib
0x00000000081d4000 	/usr/lib/libc++abi.dylib
0x00000000081d4000 	/usr/lib/system/libcache.dylib
0x00000000081d4000 	/usr/lib/system/libcommonCrypto.dylib
0x00000000081d4000 	/usr/lib/system/libcompiler_rt.dylib
0x00000000081d4000 	/usr/lib/system/libcopyfile.dylib
0x00000000081d4000 	/usr/lib/system/libcorecrypto.dylib
0x00000000081d4000 	/usr/lib/system/libdispatch.dylib
0x00000000081d4000 	/usr/lib/system/libdyld.dylib
0x00000000081d4000 	/usr/lib/system/libkeymgr.dylib
0x00000000081d4000 	/usr/lib/system/liblaunch.dylib
0x00000000081d4000 	/usr/lib/system/libmacho.dylib
0x00000000081d4000 	/usr/lib/system/libquarantine.dylib
0x00000000081d4000 	/usr/lib/system/libremovefile.dylib
0x00000000081d4000 	/usr/lib/system/libsystem_asl.dylib
0x00000000081d4000 	/usr/lib/system/libsystem_blocks.dylib
0x00000000081d4000 	/usr/lib/system/libsystem_c.dylib
0x00000000081d4000 	/usr/lib/system/libsystem_configuration.dylib
0x00000000081d4000 	/usr/lib/system/libsystem_coreservices.dylib
0x00000000081d4000 	/usr/lib/system/libsystem_coretls.dylib
0x00000000081d4000 	/usr/lib/system/libsystem_dnssd.dylib
0x00000000081d4000 	/usr/lib/system/libsystem_info.dylib
0x00000000081d4000 	/usr/lib/system/libsystem_kernel.dylib
0x00000000081d4000 	/usr/lib/system/libsystem_m.dylib
0x00000000081d4000 	/usr/lib/system/libsystem_malloc.dylib
0x00000000081d4000 	/usr/lib/system/libsystem_network.dylib
0x00000000081d4000 	/usr/lib/system/libsystem_networkextension.dylib
0x00000000081d4000 	/usr/lib/system/libsystem_notify.dylib
0x00000000081d4000 	/usr/lib/system/libsystem_platform.dylib
0x00000000081d4000 	/usr/lib/system/libsystem_pthread.dylib
0x00000000081d4000 	/usr/lib/system/libsystem_sandbox.dylib
0x00000000081d4000 	/usr/lib/system/libsystem_secinit.dylib
0x00000000081d4000 	/usr/lib/system/libsystem_stats.dylib
0x00000000081d4000 	/usr/lib/system/libsystem_trace.dylib
0x00000000081d4000 	/usr/lib/system/libunc.dylib
0x00000000081d4000 	/usr/lib/system/libunwind.dylib
0x00000000081d4000 	/usr/lib/system/libxpc.dylib
0x00000000081d4000 	/usr/lib/libbz2.1.0.dylib
0x00000000081d4000 	/usr/lib/liblzma.5.dylib
0x00000000081d4000 	/usr/lib/libbsm.0.dylib
0x00000000081d4000 	/usr/lib/libsqlite3.dylib
0x00000000081d4000 	/usr/lib/system/libkxld.dylib
0x00000000081d4000 	/usr/lib/libxar.1.dylib
0x00000000081d4000 	/usr/lib/libpam.2.dylib
0x00000000081d4000 	/usr/lib/libOpenScriptingUtil.dylib
0x00000000081d4000 	/System/Library/Frameworks/CoreServices.framework/Versions/A/Frameworks/FSEvents.framework/Versions/A/FSEvents
0x00000000081d4000 	/System/Library/Frameworks/CoreServices.framework/Versions/A/Frameworks/CarbonCore.framework/Versions/A/CarbonCore
0x00000000081d4000 	/System/Library/Frameworks/CoreServices.framework/Versions/A/Frameworks/Metadata.framework/Versions/A/Metadata
0x00000000081d4000 	/System/Library/Frameworks/CoreServices.framework/Versions/A/Frameworks/OSServices.framework/Versions/A/OSServices
0x00000000081d4000 	/System/Library/Frameworks/CoreServices.framework/Versions/A/Frameworks/SearchKit.framework/Versions/A/SearchKit
0x00000000081d4000 	/System/Library/Frameworks/CoreServices.framework/Versions/A/Frameworks/AE.framework/Versions/A/AE
0x00000000081d4000 	/System/Library/Frameworks/CoreServices.framework/Versions/A/Frameworks/LaunchServices.framework/Versions/A/LaunchServices
0x00000000081d4000 	/System/Library/Frameworks/CoreServices.framework/Versions/A/Frameworks/DictionaryServices.framework/Versions/A/DictionaryServices
0x00000000081d4000 	/System/Library/Frameworks/NetFS.framework/Versions/A/NetFS
0x00000000081d4000 	/System/Library/PrivateFrameworks/NetAuth.framework/Versions/A/NetAuth
0x00000000081d4000 	/System/Library/PrivateFrameworks/login.framework/Versions/A/Frameworks/loginsupport.framework/Versions/A/loginsupport
0x00000000081d4000 	/System/Library/PrivateFrameworks/TCC.framework/Versions/A/TCC
0x00000000081d4000 	/usr/lib/libmecabra.dylib
0x00000000081d4000 	/System/Library/PrivateFrameworks/LanguageModeling.framework/Versions/A/LanguageModeling
0x00000000081d4000 	/usr/lib/libcmph.dylib
0x00000000081d4000 	/usr/lib/libiconv.2.dylib
0x00000000081d4000 	/System/Library/Frameworks/OpenDirectory.framework/Versions/A/Frameworks/CFOpenDirectory.framework/Versions/A/CFOpenDirectory
0x00000000081d4000 	/System/Library/Frameworks/ServiceManagement.framework/Versions/A/ServiceManagement
0x00000000081d4000 	/usr/lib/libxslt.1.dylib
0x00000000081d4000 	/System/Library/Frameworks/Carbon.framework/Versions/A/Frameworks/Ink.framework/Versions/A/Ink
0x00000000081d4000 	/System/Library/Frameworks/ApplicationServices.framework/Versions/A/Frameworks/ATS.framework/Versions/A/ATS
0x00000000081d4000 	/System/Library/Frameworks/ApplicationServices.framework/Versions/A/Frameworks/ColorSync.framework/Versions/A/ColorSync
0x00000000081d4000 	/System/Library/Frameworks/ApplicationServices.framework/Versions/A/Frameworks/HIServices.framework/Versions/A/HIServices
0x00000000081d4000 	/System/Library/Frameworks/ApplicationServices.framework/Versions/A/Frameworks/LangAnalysis.framework/Versions/A/LangAnalysis
0x00000000081d4000 	/System/Library/Frameworks/ApplicationServices.framework/Versions/A/Frameworks/PrintCore.framework/Versions/A/PrintCore
0x00000000081d4000 	/System/Library/Frameworks/ApplicationServices.framework/Versions/A/Frameworks/QD.framework/Versions/A/QD
0x00000000081d4000 	/System/Library/Frameworks/ApplicationServices.framework/Versions/A/Frameworks/SpeechSynthesis.framework/Versions/A/SpeechSynthesis
0x00000000081d4000 	/System/Library/Frameworks/Accelerate.framework/Versions/A/Accelerate
0x00000000081d4000 	/System/Library/Frameworks/Accelerate.framework/Versions/A/Frameworks/vImage.framework/Versions/A/vImage
0x00000000081d4000 	/System/Library/Frameworks/Accelerate.framework/Versions/A/Frameworks/vecLib.framework/Versions/A/vecLib
0x00000000081d4000 	/System/Library/Frameworks/Accelerate.framework/Versions/A/Frameworks/vecLib.framework/Versions/A/libvDSP.dylib
0x00000000081d4000 	/System/Library/Frameworks/Accelerate.framework/Versions/A/Frameworks/vecLib.framework/Versions/A/libvMisc.dylib
0x00000000081d4000 	/System/Library/Frameworks/Accelerate.framework/Versions/A/Frameworks/vecLib.framework/Versions/A/libLAPACK.dylib
0x00000000081d4000 	/System/Library/Frameworks/Accelerate.framework/Versions/A/Frameworks/vecLib.framework/Versions/A/libBLAS.dylib
0x00000000081d4000 	/System/Library/Frameworks/Accelerate.framework/Versions/A/Frameworks/vecLib.framework/Versions/A/libLinearAlgebra.dylib
0x00000000081d4000 	/System/Library/Frameworks/ApplicationServices.framework/Versions/A/Frameworks/ATS.framework/Versions/A/Resources/libFontParser.dylib
0x00000000081d4000 	/System/Library/Frameworks/ApplicationServices.framework/Versions/A/Frameworks/ATS.framework/Versions/A/Resources/libFontRegistry.dylib
0x00000000081d4000 	/System/Library/PrivateFrameworks/AppleVPA.framework/Versions/A/AppleVPA
0x00000000081d4000 	/System/Library/PrivateFrameworks/AppleJPEG.framework/Versions/A/AppleJPEG
0x00000000081d4000 	/System/Library/Frameworks/ImageIO.framework/Versions/A/Resources/libJPEG.dylib
0x00000000081d4000 	/System/Library/Frameworks/ImageIO.framework/Versions/A/Resources/libTIFF.dylib
0x00000000081d4000 	/System/Library/Frameworks/ImageIO.framework/Versions/A/Resources/libPng.dylib
0x00000000081d4000 	/System/Library/Frameworks/ImageIO.framework/Versions/A/Resources/libGIF.dylib
0x00000000081d4000 	/System/Library/Frameworks/ImageIO.framework/Versions/A/Resources/libJP2.dylib
0x00000000081d4000 	/System/Library/Frameworks/ImageIO.framework/Versions/A/Resources/libRadiance.dylib
0x00000000081d4000 	/System/Library/Frameworks/CoreVideo.framework/Versions/A/CoreVideo
0x00000000081d4000 	/System/Library/Frameworks/OpenGL.framework/Versions/A/Libraries/libGLU.dylib
0x00000000081d4000 	/System/Library/Frameworks/OpenGL.framework/Versions/A/Libraries/libGFXShared.dylib
0x00000000081d4000 	/System/Library/Frameworks/OpenGL.framework/Versions/A/Libraries/libGL.dylib
0x00000000081d4000 	/System/Library/Frameworks/OpenGL.framework/Versions/A/Libraries/libGLImage.dylib
0x00000000081d4000 	/System/Library/Frameworks/OpenGL.framework/Versions/A/Libraries/libCVMSPluginSupport.dylib
0x00000000081d4000 	/System/Library/Frameworks/OpenGL.framework/Versions/A/Libraries/libCoreVMClient.dylib
0x00000000081d4000 	/usr/lib/libcups.2.dylib
0x00000000081d4000 	/System/Library/Frameworks/Kerberos.framework/Versions/A/Kerberos
0x00000000081d4000 	/System/Library/Frameworks/GSS.framework/Versions/A/GSS
0x00000000081d4000 	/usr/lib/libresolv.9.dylib
0x00000000081d4000 	/System/Library/PrivateFrameworks/Heimdal.framework/Versions/A/Heimdal
0x00000000081d4000 	/usr/lib/libheimdal-asn1.dylib
0x00000000081d4000 	/System/Library/Frameworks/OpenDirectory.framework/Versions/A/OpenDirectory
0x00000000081d4000 	/System/Library/PrivateFrameworks/CommonAuth.framework/Versions/A/CommonAuth
0x00000000081d4000 	/System/Library/Frameworks/SecurityFoundation.framework/Versions/A/SecurityFoundation
0x00000000081d4000 	/System/Library/Frameworks/QuartzCore.framework/Versions/A/Frameworks/CoreImage.framework/Versions/A/CoreImage
0x00000000081d4000 	/System/Library/PrivateFrameworks/CrashReporterSupport.framework/Versions/A/CrashReporterSupport
0x00000000081d4000 	/System/Library/Frameworks/OpenCL.framework/Versions/A/OpenCL
0x00000000081d4000 	/System/Library/PrivateFrameworks/FaceCore.framework/Versions/A/FaceCore
0x00000000081d4000 	/System/Library/PrivateFrameworks/Ubiquity.framework/Versions/A/Ubiquity
0x00000000081d4000 	/System/Library/PrivateFrameworks/IconServices.framework/Versions/A/IconServices
0x00000000081d4000 	/System/Library/PrivateFrameworks/ChunkingLibrary.framework/Versions/A/ChunkingLibrary
0x00000000081d4000 	/System/Library/PrivateFrameworks/Apple80211.framework/Versions/A/Apple80211
0x00000000081d4000 	/System/Library/Frameworks/CoreWLAN.framework/Versions/A/CoreWLAN
0x00000000081d4000 	/System/Library/Frameworks/IOBluetooth.framework/Versions/A/IOBluetooth
0x00000000081d4000 	/System/Library/PrivateFrameworks/CoreWiFi.framework/Versions/A/CoreWiFi
0x00000000081d4000 	/System/Library/Frameworks/CoreBluetooth.framework/Versions/A/CoreBluetooth
0x00000000081d4000 	/System/Library/PrivateFrameworks/DebugSymbols.framework/Versions/A/DebugSymbols
0x00000000081d4000 	/System/Library/PrivateFrameworks/CoreSymbolication.framework/Versions/A/CoreSymbolication
0x00000000081d4000 	/System/Library/PrivateFrameworks/Symbolication.framework/Versions/A/Symbolication
0x00000000081d4000 	/System/Library/PrivateFrameworks/SpeechRecognitionCore.framework/Versions/A/SpeechRecognitionCore
0x0000000106200000 	/Library/Java/JavaVirtualMachines/jdk1.7.0_67.jdk/Contents/Home/jre/lib/server/libjvm.dylib
0x00000000081d4000 	/usr/lib/libstdc++.6.dylib
0x000000010596b000 	/Library/Java/JavaVirtualMachines/jdk1.7.0_67.jdk/Contents/Home/jre/lib/libverify.dylib
0x0000000105978000 	/Library/Java/JavaVirtualMachines/jdk1.7.0_67.jdk/Contents/Home/jre/lib/libjava.dylib
0x00000001059b2000 	/Library/Java/JavaVirtualMachines/jdk1.7.0_67.jdk/Contents/Home/jre/lib/libzip.dylib
0x00000001059e5000 	/System/Library/Frameworks/JavaVM.framework/Frameworks/JavaRuntimeSupport.framework/JavaRuntimeSupport
0x00000001105a6000 	/System/Library/Frameworks/JavaVM.framework/Versions/A/Frameworks/JavaNativeFoundation.framework/Versions/A/JavaNativeFoundation
0x00000001105bb000 	/System/Library/Frameworks/JavaVM.framework/Versions/A/JavaVM
0x00000000081d4000 	/System/Library/Frameworks/Carbon.framework/Versions/A/Carbon
0x00000001105c8000 	/System/Library/PrivateFrameworks/JavaLaunching.framework/Versions/A/JavaLaunching
0x00000000081d4000 	/System/Library/Frameworks/Carbon.framework/Versions/A/Frameworks/CommonPanels.framework/Versions/A/CommonPanels
0x00000000081d4000 	/System/Library/Frameworks/Carbon.framework/Versions/A/Frameworks/Help.framework/Versions/A/Help
0x00000000081d4000 	/System/Library/Frameworks/Carbon.framework/Versions/A/Frameworks/ImageCapture.framework/Versions/A/ImageCapture
0x00000000081d4000 	/System/Library/Frameworks/Carbon.framework/Versions/A/Frameworks/OpenScripting.framework/Versions/A/OpenScripting
0x00000000081d4000 	/System/Library/Frameworks/Carbon.framework/Versions/A/Frameworks/Print.framework/Versions/A/Print
0x00000000081d4000 	/System/Library/Frameworks/Carbon.framework/Versions/A/Frameworks/SecurityHI.framework/Versions/A/SecurityHI
0x00000001124f6000 	/Applications/IntelliJ IDEA 14 CE.app/Contents/bin/libbreakgen64.jnilib
0x00000001125fc000 	/Library/Java/JavaVirtualMachines/jdk1.7.0_67.jdk/Contents/Home/jre/lib/libnet.dylib
0x0000000112711000 	/Library/Java/JavaVirtualMachines/jdk1.7.0_67.jdk/Contents/Home/jre/lib/libawt.dylib
0x00000001127c0000 	/Library/Java/JavaVirtualMachines/jdk1.7.0_67.jdk/Contents/Home/jre/lib/./libmlib_image.dylib
0x000000011288c000 	/Library/Java/JavaVirtualMachines/jdk1.7.0_67.jdk/Contents/Home/jre/lib/lwawt/liblwawt.dylib
0x0000000112940000 	/Library/Java/JavaVirtualMachines/jdk1.7.0_67.jdk/Contents/Home/jre/lib/libosxapp.dylib
0x00000000081d4000 	/System/Library/Frameworks/ExceptionHandling.framework/Versions/A/ExceptionHandling
0x00000000081d4000 	/System/Library/PrivateFrameworks/CoreServicesInternal.framework/Versions/A/CoreServicesInternal
0x00000000081d4000 	/System/Library/PrivateFrameworks/CloudDocs.framework/Versions/A/CloudDocs
0x00000000081d4000 	/System/Library/PrivateFrameworks/CoreDuet.framework/Versions/A/CoreDuet
0x00000000081d4000 	/System/Library/Frameworks/CloudKit.framework/Versions/A/CloudKit
0x00000000081d4000 	/System/Library/PrivateFrameworks/ProtocolBuffer.framework/Versions/A/ProtocolBuffer
0x00000000081d4000 	/System/Library/PrivateFrameworks/CoreDuetDaemonProtocol.framework/Versions/A/CoreDuetDaemonProtocol
0x00000000081d4000 	/System/Library/PrivateFrameworks/CoreDuetDebugLogging.framework/Versions/A/CoreDuetDebugLogging
0x00000000081d4000 	/System/Library/Frameworks/CoreLocation.framework/Versions/A/CoreLocation
0x00000000081d4000 	/System/Library/Frameworks/Accounts.framework/Versions/A/Accounts
0x00000000081d4000 	/System/Library/PrivateFrameworks/ApplePushService.framework/Versions/A/ApplePushService
0x00000000081d4000 	/System/Library/PrivateFrameworks/GeoServices.framework/Versions/A/GeoServices
0x00000000081d4000 	/System/Library/PrivateFrameworks/OAuth.framework/Versions/A/OAuth
0x00000000081d4000 	/System/Library/PrivateFrameworks/CoreDaemon.framework/Versions/B/CoreDaemon
0x00000000081d4000 	/usr/lib/libcrypto.0.9.8.dylib
0x00000000081d4000 	/System/Library/PrivateFrameworks/AppleSRP.framework/Versions/A/AppleSRP
0x00000000081d4000 	/System/Library/PrivateFrameworks/TrustEvaluationAgent.framework/Versions/A/TrustEvaluationAgent
0x00000000081d4000 	/System/Library/Frameworks/CoreGraphics.framework/Versions/A/Resources/libCGCMS.A.dylib
0x00000000081d4000 	/System/Library/Frameworks/CoreGraphics.framework/Versions/A/Resources/libRIP.A.dylib
0x00000000081d4000 	/System/Library/Frameworks/CoreGraphics.framework/Versions/A/Resources/libCGXType.A.dylib
0x00000000081d4000 	/System/Library/Frameworks/OpenCL.framework/Versions/A/Libraries/libcldcpuengine.dylib
0x00000000081d4000 	/System/Library/PrivateFrameworks/DiskImages.framework/Versions/A/DiskImages
0x00000000081d4000 	/System/Library/Frameworks/DiscRecording.framework/Versions/A/DiscRecording
0x00000000081d4000 	/usr/lib/libcsfde.dylib
0x00000000081d4000 	/usr/lib/libcurl.4.dylib
0x00000000081d4000 	/System/Library/PrivateFrameworks/MediaKit.framework/Versions/A/MediaKit
0x00000000081d4000 	/System/Library/PrivateFrameworks/ProtectedCloudStorage.framework/Versions/A/ProtectedCloudStorage
0x00000000081d4000 	/usr/lib/libCoreStorage.dylib
0x00000000081d4000 	/System/Library/PrivateFrameworks/EFILogin.framework/Versions/A/EFILogin
0x00000000081d4000 	/usr/lib/libutil.dylib
0x00000000081d4000 	/System/Library/PrivateFrameworks/FindMyDevice.framework/Versions/A/FindMyDevice
0x00000000081d4000 	/System/Library/Frameworks/LDAP.framework/Versions/A/LDAP
0x00000000081d4000 	/usr/lib/libsasl2.2.dylib
0x00000001158be000 	cl_kernels
0x00000001158c0000 	/System/Library/Frameworks/OpenCL.framework/Versions/A/Libraries/ImageFormats/unorm8_bgra.dylib
0x00000001158b0000 	cl_kernels
0x00000000081d4000 	/System/Library/PrivateFrameworks/FamilyControls.framework/Versions/A/FamilyControls
0x00000000081d4000 	/System/Library/PrivateFrameworks/CommerceKit.framework/Versions/A/Frameworks/CommerceCore.framework/Versions/A/CommerceCore
0x00000000081d4000 	/System/Library/PrivateFrameworks/SystemAdministration.framework/Versions/A/SystemAdministration
0x00000000081d4000 	/System/Library/PrivateFrameworks/AppContainer.framework/Versions/A/AppContainer
0x00000000081d4000 	/System/Library/PrivateFrameworks/SecCodeWrapper.framework/Versions/A/SecCodeWrapper
0x00000000081d4000 	/System/Library/Frameworks/DirectoryService.framework/Versions/A/DirectoryService
0x00000000081d4000 	/System/Library/PrivateFrameworks/LoginUIKit.framework/Versions/A/Frameworks/LoginUICore.framework/Versions/A/LoginUICore
0x00000000081d4000 	/usr/lib/libodfde.dylib
0x0000000116b44000 	/Library/Java/JavaVirtualMachines/jdk1.7.0_67.jdk/Contents/Home/jre/lib/libfontmanager.dylib
0x0000000116bab000 	/Development/Scala/Idea/tilde/lib/native/macosx/liblwjgl.jnilib
0x0000000114d27000 	/Library/Java/JavaVirtualMachines/jdk1.7.0_67.jdk/Contents/Home/jre/lib/libjawt.dylib
0x00000000081d4000 	/System/Library/Frameworks/OpenGL.framework/Versions/A/Resources/GLEngine.bundle/GLEngine
0x00000000081d4000 	/System/Library/Frameworks/OpenGL.framework/Versions/A/Libraries/libGLProgrammability.dylib
0x0000000000000000 	/System/Library/Extensions/AppleIntelHD5000GraphicsGLDriver.bundle/Contents/MacOS/AppleIntelHD5000GraphicsGLDriver
0x00000000081d4000 	/System/Library/PrivateFrameworks/IOAccelerator.framework/Versions/A/IOAccelerator
0x00000000081d4000 	/System/Library/PrivateFrameworks/GPUSupport.framework/Versions/A/Libraries/libGPUSupportMercury.dylib
0x00000000081d4000 	/System/Library/Frameworks/OpenGL.framework/Versions/A/Resources/GLRendererFloat.bundle/GLRendererFloat

VM Arguments:
jvm_args: -Djava.library.path=lib/native/macosx/ -Didea.launcher.port=7532 -Didea.launcher.bin.path=/Applications/IntelliJ IDEA 14 CE.app/Contents/bin -Dfile.encoding=UTF-8 
java_command: com.intellij.rt.execution.application.AppMain app.main.Main
Launcher Type: SUN_STANDARD

Environment Variables:
PATH=/usr/local/bin:/usr/bin:/bin:/usr/sbin:/sbin:/usr/local/git/bin
SHELL=/bin/bash

Signal Handlers:
SIGSEGV: [libjvm.dylib+0x52b6c9], sa_mask[0]=0xfffefeff, sa_flags=0x00000043
SIGBUS: [libjvm.dylib+0x52b6c9], sa_mask[0]=0xfffefeff, sa_flags=0x00000042
SIGFPE: [libjvm.dylib+0x41deaa], sa_mask[0]=0xfffefeff, sa_flags=0x00000042
SIGPIPE: [libjvm.dylib+0x41deaa], sa_mask[0]=0xfffefeff, sa_flags=0x00000042
SIGXFSZ: [libjvm.dylib+0x41deaa], sa_mask[0]=0xfffefeff, sa_flags=0x00000042
SIGILL: [libjvm.dylib+0x41deaa], sa_mask[0]=0xfffefeff, sa_flags=0x00000042
SIGUSR1: SIG_DFL, sa_mask[0]=0x00000000, sa_flags=0x00000000
SIGUSR2: [libjvm.dylib+0x41d99c], sa_mask[0]=0x00000004, sa_flags=0x00000042
SIGHUP: [libjvm.dylib+0x41bc2d], sa_mask[0]=0xfffefeff, sa_flags=0x00000042
SIGINT: [libjvm.dylib+0x41bc2d], sa_mask[0]=0xfffefeff, sa_flags=0x00000042
SIGTERM: [libjvm.dylib+0x41bc2d], sa_mask[0]=0xfffefeff, sa_flags=0x00000042
SIGQUIT: [libjvm.dylib+0x41bc2d], sa_mask[0]=0xfffefeff, sa_flags=0x00000042


---------------  S Y S T E M  ---------------

OS:Bsduname:Darwin 14.0.0 Darwin Kernel Version 14.0.0: Fri Sep 19 00:26:44 PDT 2014; root:xnu-2782.1.97~2/RELEASE_X86_64 x86_64
rlimit: STACK 8192k, CORE 0k, NPROC 709, NOFILE 10240, AS infinity
load average:3.08 2.61 2.72

CPU:total 4 (2 cores per cpu, 2 threads per core) family 6 model 69 stepping 1, cmov, cx8, fxsr, mmx, sse, sse2, sse3, ssse3, sse4.1, sse4.2, popcnt, avx, avx2, aes, erms, ht, tsc, tscinvbit

Memory: 4k page, physical 8388608k(2097152k free)

/proc/meminfo:


vm_info: Java HotSpot(TM) 64-Bit Server VM (24.65-b04) for bsd-amd64 JRE (1.7.0_67-b01), built on Jul 25 2014 08:51:51 by "java_re" with gcc 4.2.1 (Based on Apple Inc. build 5658) (LLVM build 2336.11.00)

time: Wed Dec 24 18:45:00 2014
elapsed time: 7 seconds

