#
# A fatal error has been detected by the Java Runtime Environment:
#
#  SIGSEGV (0xb) at pc=0x00007fff8ef880dd, pid=14826, tid=1299
#
# JRE version: Java(TM) SE Runtime Environment (7.0_67-b01) (build 1.7.0_67-b01)
# Java VM: Java HotSpot(TM) 64-Bit Server VM (24.65-b04 mixed mode bsd-amd64 compressed oops)
# Problematic frame:
# C  [libobjc.A.dylib+0x10dd]  objc_msgSend+0x1d
#
# Failed to write core dump. Core dumps have been disabled. To enable core dumping, try "ulimit -c unlimited" before starting Java again
#
# If you would like to submit a bug report, please visit:
#   http://bugreport.sun.com/bugreport/crash.jsp
# The crash happened outside the Java Virtual Machine in native code.
# See problematic frame for where to report the bug.
#

---------------  T H R E A D  ---------------

Current thread (0x00007fc76110f000):  JavaThread "AppKit Thread" daemon [_thread_in_native, id=1299, stack(0x00007fff5ceef000,0x00007fff5cf6f000)]

siginfo:si_signo=SIGSEGV: si_errno=0, si_code=1 (SEGV_MAPERR), si_addr=0x000007fc760498d8

Registers:
RAX=0x00007fc760488d60, RBX=0x00007fff5cf6a0e8, RCX=0x0000000000000000, RDX=0x00007fc7604ccbc0
RSP=0x00007fff5cf69f08, RBP=0x00007fff5cf69f10, RSI=0x00007fff9aa329e5, RDI=0x00007fc760488d60
R8 =0x00007fff5cf69ef0, R9 =0x0000000000000055, R10=0x00007fff9aa329e5, R11=0x000007fc760498c0
R12=0x00007fc760613ac0, R13=0x00000000000f42ea, R14=0x00007fc76077e270, R15=0x00007fff5cf6a048
RIP=0x00007fff8ef880dd, EFLAGS=0x0000000000010206, ERR=0x0000000000000004
  TRAPNO=0x000000000000000e

Top of Stack: (sp=0x00007fff5cf69f08)
0x00007fff5cf69f08:   00007fff939dbcdc 00007fff5cf6a270
0x00007fff5cf69f18:   00007fff938cd244 00007fff5cf69f9c
0x00007fff5cf69f28:   00007fff5cf69fa0 00007fff5cf69fa4
0x00007fff5cf69f38:   00007fff7f2a4c88 ffffffffffffffff
0x00007fff5cf69f48:   00000000000007f8 00007fff7f2a4ca0
0x00007fff5cf69f58:   00007fc76077e270 0000000000000000
0x00007fff5cf69f68:   00007fff5cf6a040 0000000000000000
0x00007fff5cf69f78:   00007fc760673e10 00007fff5cf6a0c0
0x00007fff5cf69f88:   0000000000000055 00000000000f42ec
0x00007fff5cf69f98:   00007fc7604ccbc0 00007fc760673830
0x00007fff5cf69fa8:   00007fc760613ac0 0000000000000001
0x00007fff5cf69fb8:   00000000000f42ea 00007fc760613ab0
0x00007fff5cf69fc8:   00007fff98574899 0000000160600000
0x00007fff5cf69fd8:   00007fff7da950d0 0000000042000000
0x00007fff5cf69fe8:   00007fff9857ce33 00007fff7f26f1d0
0x00007fff5cf69ff8:   00007fff5cf6a0c8 0000000000000000
0x00007fff5cf6a008:   00007fff7db0d8c8 0000000000000000
0x00007fff5cf6a018:   0000000000000024 0002d60300000001
0x00007fff5cf6a028:   00007fc760613ae4 0000000000000000
0x00007fff5cf6a038:   00000000003d3401 00007fc760673e90
0x00007fff5cf6a048:   00007fc76077e270 0000000000000000
0x00007fff5cf6a058:   00007fff9aa6aa9c 00007fff5cf6a100
0x00007fff5cf6a068:   00007fff93f29513 00007fff5cf6a0e4
0x00007fff5cf6a078:   00000000003d3501 00000000ffffffff
0x00007fff5cf6a088:   00007fff7db0d8c8 00000000003d3500
0x00007fff5cf6a098:   00007fff00000000 00007fff5cf6a190
0x00007fff5cf6a0a8:   00007fff98056edc 00007fff7db0d8e8
0x00007fff5cf6a0b8:   00007fff9aa6aa9c 0000000000000051
0x00007fff5cf6a0c8:   0000000000000000 00000000000f42e1
0x00007fff5cf6a0d8:   0000000000000053 0000000000000000
0x00007fff5cf6a0e8:   00000000000f42ea 00007fff5cf6a164
0x00007fff5cf6a0f8:   00000000003d4001 00000000ffffffff 

Instructions: (pc=0x00007fff8ef880dd)
0x00007fff8ef880bd:   00 00 00 48 85 ff 2e 74 7a 40 f6 c7 01 2e 75 7e
0x00007fff8ef880cd:   49 bb f8 ff ff ff ff 7f 00 00 4c 23 1f 49 89 f2
0x00007fff8ef880dd:   45 23 53 18 49 c1 e2 04 4d 03 53 10 49 3b 32 75
0x00007fff8ef880ed:   04 41 ff 62 08 49 83 3a 00 74 6a 4d 3b 53 10 74 

Register to memory mapping:

RAX=0x00007fc760488d60 is an unknown value
RBX=0x00007fff5cf6a0e8 is pointing into the stack for thread: 0x00007fc76110f000
RCX=0x0000000000000000 is an unknown value
RDX=0x00007fc7604ccbc0 is an unknown value
RSP=0x00007fff5cf69f08 is pointing into the stack for thread: 0x00007fc76110f000
RBP=0x00007fff5cf69f10 is pointing into the stack for thread: 0x00007fc76110f000
RSI=0x00007fff9aa329e5: -[NSTitlebarContainerView shouldRoundCorners]+0x5cd57 in /System/Library/Frameworks/AppKit.framework/Versions/C/AppKit at 0x00007fff9a064000
RDI=0x00007fc760488d60 is an unknown value
R8 =0x00007fff5cf69ef0 is pointing into the stack for thread: 0x00007fc76110f000
R9 =0x0000000000000055 is an unknown value
R10=0x00007fff9aa329e5: -[NSTitlebarContainerView shouldRoundCorners]+0x5cd57 in /System/Library/Frameworks/AppKit.framework/Versions/C/AppKit at 0x00007fff9a064000
R11=0x000007fc760498c0 is an unknown value
R12=0x00007fc760613ac0 is an unknown value
R13=0x00000000000f42ea is an unknown value
R14=0x00007fc76077e270 is an unknown value
R15=0x00007fff5cf6a048 is pointing into the stack for thread: 0x00007fc76110f000


Stack: [0x00007fff5ceef000,0x00007fff5cf6f000],  sp=0x00007fff5cf69f08,  free space=491k
Native frames: (J=compiled Java code, j=interpreted, Vv=VM code, C=native code)
C  [libobjc.A.dylib+0x10dd]  objc_msgSend+0x1d
C  [CoreFoundation+0x10244]  _CFXNotificationPost+0xc44
C  [Foundation+0x2c31]  -[NSNotificationCenter postNotificationName:object:userInfo:]+0x42
C  [AppKit+0xdd6e6]  -[NSSurface _disposeSurface]+0x98
C  [AppKit+0xdd14a]  -[NSSurface setWindow:]+0x42
C  [AppKit+0x3b945]  -[NSView _setWindow:]+0xa18
C  [AppKit+0x3cb82]  -[NSView removeFromSuperview]+0x1c5
C  [AppKit+0x9137a]  -[NSView removeFromSuperviewWithoutNeedingDisplay]+0x26
C  [liblwjgl.jnilib+0x9c3e]  +[MacOSXKeyableWindow destroyWindow]+0xde
C  [Foundation+0x65cdc]  __NSThreadPerformPerform+0x125
C  [CoreFoundation+0x80681]  __CFRUNLOOP_IS_CALLING_OUT_TO_A_SOURCE0_PERFORM_FUNCTION__+0x11
C  [CoreFoundation+0x7280d]  __CFRunLoopDoSources0+0x10d
C  [CoreFoundation+0x71e3f]  __CFRunLoopRun+0x39f
C  [CoreFoundation+0x71858]  CFRunLoopRunSpecific+0x128
C  [HIToolbox+0x2ebcf]  RunCurrentEventLoopInMode+0xeb
C  [HIToolbox+0x2e84e]  ReceiveNextEventCommon+0xb3
C  [HIToolbox+0x2e78b]  _BlockUntilNextEventMatchingListInModeWithFilter+0x47
C  [AppKit+0x23f01]  _DPSNextEvent+0x3c4
C  [AppKit+0x236b0]  -[NSApplication nextEventMatchingMask:untilDate:inMode:dequeue:]+0xc2
C  [libosxapp.dylib+0x24e3]  -[NSApplicationAWT nextEventMatchingMask:untilDate:inMode:dequeue:]+0x7c
C  [AppKit+0x174e3]  -[NSApplication run]+0x252
C  [libosxapp.dylib+0x2346]  +[NSApplicationAWT runAWTLoopWithApp:]+0x9c
C  [liblwawt.dylib+0xd889]  -[AWTStarter starter:]+0x369
C  [Foundation+0x65cdc]  __NSThreadPerformPerform+0x125
C  [CoreFoundation+0x80681]  __CFRUNLOOP_IS_CALLING_OUT_TO_A_SOURCE0_PERFORM_FUNCTION__+0x11
C  [CoreFoundation+0x7280d]  __CFRunLoopDoSources0+0x10d
C  [CoreFoundation+0x71e3f]  __CFRunLoopRun+0x39f
C  [CoreFoundation+0x71858]  CFRunLoopRunSpecific+0x128
C  [java+0x73b0]  CreateExecutionEnvironment+0x367
C  [java+0x1b5c]  JLI_Launch+0x7a0
C  [java+0x770d]  main+0x65
C  [java+0x13b4]  start+0x34


---------------  P R O C E S S  ---------------

Java Threads: ( => current thread )
  0x00007fc761118000 JavaThread "AWT-Shutdown" [_thread_blocked, id=28939, stack(0x0000000111102000,0x0000000111202000)]
  0x00007fc76095e000 JavaThread "Java2D Disposer" daemon [_thread_blocked, id=50983, stack(0x00000001153b4000,0x00000001154b4000)]
=>0x00007fc76110f000 JavaThread "AppKit Thread" daemon [_thread_in_native, id=1299, stack(0x00007fff5ceef000,0x00007fff5cf6f000)]
  0x00007fc7610e1000 JavaThread "Monitor Ctrl-Break" daemon [_thread_in_native, id=18691, stack(0x000000010f9b8000,0x000000010fab8000)]
  0x00007fc761832000 JavaThread "Service Thread" daemon [_thread_blocked, id=17667, stack(0x000000010f51c000,0x000000010f61c000)]
  0x00007fc761828000 JavaThread "C2 CompilerThread1" daemon [_thread_blocked, id=17155, stack(0x000000010f419000,0x000000010f519000)]
  0x00007fc761825800 JavaThread "C2 CompilerThread0" daemon [_thread_blocked, id=16643, stack(0x000000010f316000,0x000000010f416000)]
  0x00007fc76182d000 JavaThread "Signal Dispatcher" daemon [_thread_blocked, id=13335, stack(0x000000010f213000,0x000000010f313000)]
  0x00007fc76181b800 JavaThread "Finalizer" daemon [_thread_blocked, id=11523, stack(0x000000010d8cd000,0x000000010d9cd000)]
  0x00007fc761815000 JavaThread "Reference Handler" daemon [_thread_blocked, id=11011, stack(0x000000010d7ca000,0x000000010d8ca000)]
  0x00007fc761801000 JavaThread "main" [_thread_in_native, id=4867, stack(0x0000000104060000,0x0000000104160000)]

Other Threads:
  0x00007fc761812800 VMThread [stack: 0x000000010d6c7000,0x000000010d7c7000] [id=10499]
  0x00007fc761842800 WatcherThread [stack: 0x000000010f61f000,0x000000010f71f000] [id=18179]

VM state:not at safepoint (normal execution)

VM Mutex/Monitor currently owned by a thread: None

Heap
 PSYoungGen      total 38912K, used 13116K [0x00000007d5500000, 0x00000007d8000000, 0x0000000800000000)
  eden space 33792K, 25% used [0x00000007d5500000,0x00000007d5d4fe90,0x00000007d7600000)
  from space 5120K, 89% used [0x00000007d7600000,0x00000007d7a7f4e8,0x00000007d7b00000)
  to   space 5120K, 0% used [0x00000007d7b00000,0x00000007d7b00000,0x00000007d8000000)
 ParOldGen       total 87040K, used 8K [0x0000000780000000, 0x0000000785500000, 0x00000007d5500000)
  object space 87040K, 0% used [0x0000000780000000,0x0000000780002000,0x0000000785500000)
 PSPermGen       total 21504K, used 10027K [0x000000077ae00000, 0x000000077c300000, 0x0000000780000000)
  object space 21504K, 46% used [0x000000077ae00000,0x000000077b7cad98,0x000000077c300000)

Card table byte_map: [0x0000000107222000,0x000000010764c000] byte_map_base: 0x000000010364b000

Polling page: 0x0000000102de3000

Code Cache  [0x0000000104162000, 0x00000001043d2000, 0x0000000107162000)
 total_blobs=600 nmethods=243 adapters=311 free_code_cache=48345Kb largest_free_block=49458304

Compilation events (10 events):
Event: 13.362 Thread 0x00007fc761825800  244             tilde.Input$::isPressed (84 bytes)
Event: 13.362 Thread 0x00007fc761828000  245             tilde.KeyState$::PRESSED (5 bytes)
Event: 13.363 Thread 0x00007fc761828000 nmethod 245 0x0000000104231010 code [0x0000000104231140, 0x00000001042311b8]
Event: 13.371 Thread 0x00007fc761825800 nmethod 244 0x0000000104235f10 code [0x0000000104236140, 0x00000001042368d8]
Event: 13.846 Thread 0x00007fc761828000  246             java.nio.HeapByteBuffer::ix (7 bytes)
Event: 13.846 Thread 0x00007fc761828000 nmethod 246 0x0000000104235d10 code [0x0000000104235e40, 0x0000000104235e98]
Event: 14.097 Thread 0x00007fc761825800  247             scala.collection.MapLike$$anon$1::iter (5 bytes)
Event: 14.097 Thread 0x00007fc761825800 nmethod 247 0x0000000104230e10 code [0x0000000104230f40, 0x0000000104230fb8]
Event: 14.717 Thread 0x00007fc761828000  248             java.nio.Buffer::position (43 bytes)
Event: 14.718 Thread 0x00007fc761828000 nmethod 248 0x0000000104230bd0 code [0x0000000104230d00, 0x0000000104230d98]

GC Heap History (2 events):
Event: 1.276 GC heap before
{Heap before GC invocations=1 (full 0):
 PSYoungGen      total 38912K, used 33792K [0x00000007d5500000, 0x00000007d8000000, 0x0000000800000000)
  eden space 33792K, 100% used [0x00000007d5500000,0x00000007d7600000,0x00000007d7600000)
  from space 5120K, 0% used [0x00000007d7b00000,0x00000007d7b00000,0x00000007d8000000)
  to   space 5120K, 0% used [0x00000007d7600000,0x00000007d7600000,0x00000007d7b00000)
 ParOldGen       total 87040K, used 0K [0x0000000780000000, 0x0000000785500000, 0x00000007d5500000)
  object space 87040K, 0% used [0x0000000780000000,0x0000000780000000,0x0000000785500000)
 PSPermGen       total 21504K, used 9736K [0x000000077ae00000, 0x000000077c300000, 0x0000000780000000)
  object space 21504K, 45% used [0x000000077ae00000,0x000000077b7823b8,0x000000077c300000)
Event: 1.283 GC heap after
Heap after GC invocations=1 (full 0):
 PSYoungGen      total 38912K, used 4605K [0x00000007d5500000, 0x00000007d8000000, 0x0000000800000000)
  eden space 33792K, 0% used [0x00000007d5500000,0x00000007d5500000,0x00000007d7600000)
  from space 5120K, 89% used [0x00000007d7600000,0x00000007d7a7f4e8,0x00000007d7b00000)
  to   space 5120K, 0% used [0x00000007d7b00000,0x00000007d7b00000,0x00000007d8000000)
 ParOldGen       total 87040K, used 8K [0x0000000780000000, 0x0000000785500000, 0x00000007d5500000)
  object space 87040K, 0% used [0x0000000780000000,0x0000000780002000,0x0000000785500000)
 PSPermGen       total 21504K, used 9736K [0x000000077ae00000, 0x000000077c300000, 0x0000000780000000)
  object space 21504K, 45% used [0x000000077ae00000,0x000000077b7823b8,0x000000077c300000)
}

Deoptimization events (10 events):
Event: 1.106 Thread 0x00007fc761801000 Uncommon trap: reason=class_check action=maybe_recompile pc=0x00000001041fb324 method=scala.runtime.ScalaRunTime$.array_update(Ljava/lang/Object;ILjava/lang/Object;)V @ 110
Event: 1.110 Thread 0x00007fc761801000 Uncommon trap: reason=array_check action=maybe_recompile pc=0x00000001041f689c method=java.util.AbstractCollection.toArray([Ljava/lang/Object;)[Ljava/lang/Object; @ 119
Event: 1.110 Thread 0x00007fc761801000 Uncommon trap: reason=array_check action=maybe_recompile pc=0x00000001041f689c method=java.util.AbstractCollection.toArray([Ljava/lang/Object;)[Ljava/lang/Object; @ 119
Event: 1.110 Thread 0x00007fc761801000 Uncommon trap: reason=array_check action=maybe_recompile pc=0x00000001041f689c method=java.util.AbstractCollection.toArray([Ljava/lang/Object;)[Ljava/lang/Object; @ 119
Event: 1.110 Thread 0x00007fc761801000 Uncommon trap: reason=array_check action=maybe_recompile pc=0x00000001041f689c method=java.util.AbstractCollection.toArray([Ljava/lang/Object;)[Ljava/lang/Object; @ 119
Event: 1.349 Thread 0x00007fc761801000 Uncommon trap: reason=unreached action=reinterpret pc=0x000000010421f548 method=scala.io.BufferedSource$BufferedLineIterator.hasNext()Z @ 22
Event: 1.394 Thread 0x00007fc761801000 Uncommon trap: reason=class_check action=maybe_recompile pc=0x0000000104205fe8 method=scala.collection.IndexedSeqOptimized$class.foreach(Lscala/collection/IndexedSeqOptimized;Lscala/Function1;)V @ 3
Event: 1.409 Thread 0x00007fc761801000 Uncommon trap: reason=class_check action=maybe_recompile pc=0x0000000104205fe8 method=scala.collection.IndexedSeqOptimized$class.foreach(Lscala/collection/IndexedSeqOptimized;Lscala/Function1;)V @ 3
Event: 1.451 Thread 0x00007fc761801000 Uncommon trap: reason=class_check action=maybe_recompile pc=0x0000000104205fe8 method=scala.collection.IndexedSeqOptimized$class.foreach(Lscala/collection/IndexedSeqOptimized;Lscala/Function1;)V @ 3
Event: 1.451 Thread 0x00007fc761801000 Uncommon trap: reason=class_check action=maybe_recompile pc=0x0000000104205fe8 method=scala.collection.IndexedSeqOptimized$class.foreach(Lscala/collection/IndexedSeqOptimized;Lscala/Function1;)V @ 3

Internal exceptions (10 events):
Event: 1.405 Thread 0x00007fc761801000 Threw 0x00000007d59f8f98 at /HUDSON/workspace/7u-2-build-macosx-x86_64/jdk7u67/1368/hotspot/src/share/vm/prims/jvm.cpp:1244
Event: 1.406 Thread 0x00007fc761801000 Threw 0x00000007d59ff130 at /HUDSON/workspace/7u-2-build-macosx-x86_64/jdk7u67/1368/hotspot/src/share/vm/prims/jvm.cpp:1244
Event: 1.408 Thread 0x00007fc761801000 Threw 0x00000007d5a04c58 at /HUDSON/workspace/7u-2-build-macosx-x86_64/jdk7u67/1368/hotspot/src/share/vm/prims/jvm.cpp:1244
Event: 1.410 Thread 0x00007fc761801000 Threw 0x00000007d5a09270 at /HUDSON/workspace/7u-2-build-macosx-x86_64/jdk7u67/1368/hotspot/src/share/vm/prims/jvm.cpp:1244
Event: 1.412 Thread 0x00007fc761801000 Threw 0x00000007d5a0db48 at /HUDSON/workspace/7u-2-build-macosx-x86_64/jdk7u67/1368/hotspot/src/share/vm/prims/jvm.cpp:1244
Event: 1.416 Thread 0x00007fc761801000 Threw 0x00000007d5a153b0 at /HUDSON/workspace/7u-2-build-macosx-x86_64/jdk7u67/1368/hotspot/src/share/vm/prims/jvm.cpp:1244
Event: 1.417 Thread 0x00007fc761801000 Threw 0x00000007d5a1b0e8 at /HUDSON/workspace/7u-2-build-macosx-x86_64/jdk7u67/1368/hotspot/src/share/vm/prims/jvm.cpp:1244
Event: 1.449 Thread 0x00007fc761801000 Threw 0x00000007d5a28c40 at /HUDSON/workspace/7u-2-build-macosx-x86_64/jdk7u67/1368/hotspot/src/share/vm/prims/jvm.cpp:1244
Event: 1.450 Thread 0x00007fc761801000 Threw 0x00000007d5a2e440 at /HUDSON/workspace/7u-2-build-macosx-x86_64/jdk7u67/1368/hotspot/src/share/vm/prims/jvm.cpp:1244
Event: 15.507 Thread 0x00007fc761801000 Threw 0x00000007d5ce22f8 at /HUDSON/workspace/7u-2-build-macosx-x86_64/jdk7u67/1368/hotspot/src/share/vm/prims/jvm.cpp:1244

Events (10 events):
Event: 2.475 Thread 0x00007fc761118000 Thread added: 0x00007fc761118000
Event: 4.092 Executing VM operation: EnableBiasedLocking
Event: 4.093 Executing VM operation: EnableBiasedLocking done
Event: 5.047 Thread 0x00007fc761825800 flushing nmethod 0x00000001041e13d0
Event: 9.478 Thread 0x00007fc761825800 flushing nmethod 0x00000001041e1e50
Event: 9.478 Thread 0x00007fc761825800 flushing nmethod 0x00000001041e5290
Event: 9.795 Thread 0x00007fc761825800 flushing nmethod 0x00000001041f60d0
Event: 9.795 Thread 0x00007fc761825800 flushing nmethod 0x00000001041fafd0
Event: 15.507 loading class 0x00007fc760740c00
Event: 15.507 loading class 0x00007fc760740c00 done


Dynamic libraries:
0x000000000d799000 	/System/Library/Frameworks/Cocoa.framework/Versions/A/Cocoa
0x000000000d799000 	/System/Library/Frameworks/Security.framework/Versions/A/Security
0x000000000d799000 	/System/Library/Frameworks/ApplicationServices.framework/Versions/A/ApplicationServices
0x000000000d799000 	/usr/lib/libz.1.dylib
0x000000000d799000 	/usr/lib/libSystem.B.dylib
0x000000000d799000 	/usr/lib/libobjc.A.dylib
0x000000000d799000 	/System/Library/Frameworks/CoreFoundation.framework/Versions/A/CoreFoundation
0x000000000d799000 	/System/Library/Frameworks/Foundation.framework/Versions/C/Foundation
0x000000000d799000 	/System/Library/Frameworks/AppKit.framework/Versions/C/AppKit
0x000000000d799000 	/System/Library/Frameworks/CoreData.framework/Versions/A/CoreData
0x000000000d799000 	/System/Library/PrivateFrameworks/RemoteViewServices.framework/Versions/A/RemoteViewServices
0x000000000d799000 	/System/Library/PrivateFrameworks/UIFoundation.framework/Versions/A/UIFoundation
0x000000000d799000 	/System/Library/Frameworks/IOSurface.framework/Versions/A/IOSurface
0x000000000d799000 	/System/Library/Frameworks/AudioToolbox.framework/Versions/A/AudioToolbox
0x000000000d799000 	/System/Library/Frameworks/AudioUnit.framework/Versions/A/AudioUnit
0x000000000d799000 	/System/Library/PrivateFrameworks/DataDetectorsCore.framework/Versions/A/DataDetectorsCore
0x000000000d799000 	/System/Library/PrivateFrameworks/DesktopServicesPriv.framework/Versions/A/DesktopServicesPriv
0x000000000d799000 	/System/Library/Frameworks/Carbon.framework/Versions/A/Frameworks/HIToolbox.framework/Versions/A/HIToolbox
0x000000000d799000 	/System/Library/Frameworks/QuartzCore.framework/Versions/A/QuartzCore
0x000000000d799000 	/System/Library/Frameworks/Carbon.framework/Versions/A/Frameworks/SpeechRecognition.framework/Versions/A/SpeechRecognition
0x000000000d799000 	/usr/lib/libauto.dylib
0x000000000d799000 	/usr/lib/libicucore.A.dylib
0x000000000d799000 	/usr/lib/libxml2.2.dylib
0x000000000d799000 	/System/Library/PrivateFrameworks/CoreUI.framework/Versions/A/CoreUI
0x000000000d799000 	/System/Library/Frameworks/CoreAudio.framework/Versions/A/CoreAudio
0x000000000d799000 	/System/Library/Frameworks/DiskArbitration.framework/Versions/A/DiskArbitration
0x000000000d799000 	/usr/lib/liblangid.dylib
0x000000000d799000 	/System/Library/PrivateFrameworks/MultitouchSupport.framework/Versions/A/MultitouchSupport
0x000000000d799000 	/System/Library/Frameworks/IOKit.framework/Versions/A/IOKit
0x000000000d799000 	/usr/lib/libDiagnosticMessagesClient.dylib
0x000000000d799000 	/System/Library/Frameworks/CoreServices.framework/Versions/A/CoreServices
0x000000000d799000 	/System/Library/PrivateFrameworks/PerformanceAnalysis.framework/Versions/A/PerformanceAnalysis
0x000000000d799000 	/System/Library/PrivateFrameworks/GenerationalStorage.framework/Versions/A/GenerationalStorage
0x000000000d799000 	/System/Library/Frameworks/OpenGL.framework/Versions/A/OpenGL
0x000000000d799000 	/System/Library/PrivateFrameworks/Sharing.framework/Versions/A/Sharing
0x000000000d799000 	/System/Library/Frameworks/CoreGraphics.framework/Versions/A/CoreGraphics
0x000000000d799000 	/System/Library/Frameworks/CoreText.framework/Versions/A/CoreText
0x000000000d799000 	/System/Library/Frameworks/ImageIO.framework/Versions/A/ImageIO
0x000000000d799000 	/usr/lib/libextension.dylib
0x000000000d799000 	/System/Library/PrivateFrameworks/Backup.framework/Versions/A/Backup
0x000000000d799000 	/usr/lib/libarchive.2.dylib
0x000000000d799000 	/System/Library/Frameworks/CFNetwork.framework/Versions/A/CFNetwork
0x000000000d799000 	/System/Library/Frameworks/SystemConfiguration.framework/Versions/A/SystemConfiguration
0x000000000d799000 	/usr/lib/libCRFSuite.dylib
0x000000000d799000 	/usr/lib/libc++.1.dylib
0x000000000d799000 	/usr/lib/libc++abi.dylib
0x000000000d799000 	/usr/lib/system/libcache.dylib
0x000000000d799000 	/usr/lib/system/libcommonCrypto.dylib
0x000000000d799000 	/usr/lib/system/libcompiler_rt.dylib
0x000000000d799000 	/usr/lib/system/libcopyfile.dylib
0x000000000d799000 	/usr/lib/system/libcorecrypto.dylib
0x000000000d799000 	/usr/lib/system/libdispatch.dylib
0x000000000d799000 	/usr/lib/system/libdyld.dylib
0x000000000d799000 	/usr/lib/system/libkeymgr.dylib
0x000000000d799000 	/usr/lib/system/liblaunch.dylib
0x000000000d799000 	/usr/lib/system/libmacho.dylib
0x000000000d799000 	/usr/lib/system/libquarantine.dylib
0x000000000d799000 	/usr/lib/system/libremovefile.dylib
0x000000000d799000 	/usr/lib/system/libsystem_asl.dylib
0x000000000d799000 	/usr/lib/system/libsystem_blocks.dylib
0x000000000d799000 	/usr/lib/system/libsystem_c.dylib
0x000000000d799000 	/usr/lib/system/libsystem_configuration.dylib
0x000000000d799000 	/usr/lib/system/libsystem_coreservices.dylib
0x000000000d799000 	/usr/lib/system/libsystem_coretls.dylib
0x000000000d799000 	/usr/lib/system/libsystem_dnssd.dylib
0x000000000d799000 	/usr/lib/system/libsystem_info.dylib
0x000000000d799000 	/usr/lib/system/libsystem_kernel.dylib
0x000000000d799000 	/usr/lib/system/libsystem_m.dylib
0x000000000d799000 	/usr/lib/system/libsystem_malloc.dylib
0x000000000d799000 	/usr/lib/system/libsystem_network.dylib
0x000000000d799000 	/usr/lib/system/libsystem_networkextension.dylib
0x000000000d799000 	/usr/lib/system/libsystem_notify.dylib
0x000000000d799000 	/usr/lib/system/libsystem_platform.dylib
0x000000000d799000 	/usr/lib/system/libsystem_pthread.dylib
0x000000000d799000 	/usr/lib/system/libsystem_sandbox.dylib
0x000000000d799000 	/usr/lib/system/libsystem_secinit.dylib
0x000000000d799000 	/usr/lib/system/libsystem_stats.dylib
0x000000000d799000 	/usr/lib/system/libsystem_trace.dylib
0x000000000d799000 	/usr/lib/system/libunc.dylib
0x000000000d799000 	/usr/lib/system/libunwind.dylib
0x000000000d799000 	/usr/lib/system/libxpc.dylib
0x000000000d799000 	/usr/lib/libbz2.1.0.dylib
0x000000000d799000 	/usr/lib/liblzma.5.dylib
0x000000000d799000 	/usr/lib/libbsm.0.dylib
0x000000000d799000 	/usr/lib/libsqlite3.dylib
0x000000000d799000 	/usr/lib/system/libkxld.dylib
0x000000000d799000 	/usr/lib/libxar.1.dylib
0x000000000d799000 	/usr/lib/libpam.2.dylib
0x000000000d799000 	/usr/lib/libOpenScriptingUtil.dylib
0x000000000d799000 	/System/Library/Frameworks/CoreServices.framework/Versions/A/Frameworks/FSEvents.framework/Versions/A/FSEvents
0x000000000d799000 	/System/Library/Frameworks/CoreServices.framework/Versions/A/Frameworks/CarbonCore.framework/Versions/A/CarbonCore
0x000000000d799000 	/System/Library/Frameworks/CoreServices.framework/Versions/A/Frameworks/Metadata.framework/Versions/A/Metadata
0x000000000d799000 	/System/Library/Frameworks/CoreServices.framework/Versions/A/Frameworks/OSServices.framework/Versions/A/OSServices
0x000000000d799000 	/System/Library/Frameworks/CoreServices.framework/Versions/A/Frameworks/SearchKit.framework/Versions/A/SearchKit
0x000000000d799000 	/System/Library/Frameworks/CoreServices.framework/Versions/A/Frameworks/AE.framework/Versions/A/AE
0x000000000d799000 	/System/Library/Frameworks/CoreServices.framework/Versions/A/Frameworks/LaunchServices.framework/Versions/A/LaunchServices
0x000000000d799000 	/System/Library/Frameworks/CoreServices.framework/Versions/A/Frameworks/DictionaryServices.framework/Versions/A/DictionaryServices
0x000000000d799000 	/System/Library/Frameworks/NetFS.framework/Versions/A/NetFS
0x000000000d799000 	/System/Library/PrivateFrameworks/NetAuth.framework/Versions/A/NetAuth
0x000000000d799000 	/System/Library/PrivateFrameworks/login.framework/Versions/A/Frameworks/loginsupport.framework/Versions/A/loginsupport
0x000000000d799000 	/System/Library/PrivateFrameworks/TCC.framework/Versions/A/TCC
0x000000000d799000 	/usr/lib/libmecabra.dylib
0x000000000d799000 	/System/Library/Frameworks/ApplicationServices.framework/Versions/A/Frameworks/ATS.framework/Versions/A/ATS
0x000000000d799000 	/System/Library/Frameworks/ApplicationServices.framework/Versions/A/Frameworks/ColorSync.framework/Versions/A/ColorSync
0x000000000d799000 	/System/Library/Frameworks/ApplicationServices.framework/Versions/A/Frameworks/HIServices.framework/Versions/A/HIServices
0x000000000d799000 	/System/Library/Frameworks/ApplicationServices.framework/Versions/A/Frameworks/LangAnalysis.framework/Versions/A/LangAnalysis
0x000000000d799000 	/System/Library/Frameworks/ApplicationServices.framework/Versions/A/Frameworks/PrintCore.framework/Versions/A/PrintCore
0x000000000d799000 	/System/Library/Frameworks/ApplicationServices.framework/Versions/A/Frameworks/QD.framework/Versions/A/QD
0x000000000d799000 	/System/Library/Frameworks/ApplicationServices.framework/Versions/A/Frameworks/SpeechSynthesis.framework/Versions/A/SpeechSynthesis
0x000000000d799000 	/System/Library/Frameworks/Accelerate.framework/Versions/A/Accelerate
0x000000000d799000 	/System/Library/Frameworks/Accelerate.framework/Versions/A/Frameworks/vImage.framework/Versions/A/vImage
0x000000000d799000 	/System/Library/Frameworks/Accelerate.framework/Versions/A/Frameworks/vecLib.framework/Versions/A/vecLib
0x000000000d799000 	/System/Library/Frameworks/Accelerate.framework/Versions/A/Frameworks/vecLib.framework/Versions/A/libvDSP.dylib
0x000000000d799000 	/System/Library/Frameworks/Accelerate.framework/Versions/A/Frameworks/vecLib.framework/Versions/A/libvMisc.dylib
0x000000000d799000 	/System/Library/Frameworks/Accelerate.framework/Versions/A/Frameworks/vecLib.framework/Versions/A/libLAPACK.dylib
0x000000000d799000 	/System/Library/Frameworks/Accelerate.framework/Versions/A/Frameworks/vecLib.framework/Versions/A/libBLAS.dylib
0x000000000d799000 	/System/Library/Frameworks/Accelerate.framework/Versions/A/Frameworks/vecLib.framework/Versions/A/libLinearAlgebra.dylib
0x000000000d799000 	/System/Library/Frameworks/ApplicationServices.framework/Versions/A/Frameworks/ATS.framework/Versions/A/Resources/libFontParser.dylib
0x000000000d799000 	/System/Library/Frameworks/ApplicationServices.framework/Versions/A/Frameworks/ATS.framework/Versions/A/Resources/libFontRegistry.dylib
0x000000000d799000 	/System/Library/PrivateFrameworks/AppleVPA.framework/Versions/A/AppleVPA
0x000000000d799000 	/System/Library/PrivateFrameworks/AppleJPEG.framework/Versions/A/AppleJPEG
0x000000000d799000 	/System/Library/Frameworks/ImageIO.framework/Versions/A/Resources/libJPEG.dylib
0x000000000d799000 	/System/Library/Frameworks/ImageIO.framework/Versions/A/Resources/libTIFF.dylib
0x000000000d799000 	/System/Library/Frameworks/ImageIO.framework/Versions/A/Resources/libPng.dylib
0x000000000d799000 	/System/Library/Frameworks/ImageIO.framework/Versions/A/Resources/libGIF.dylib
0x000000000d799000 	/System/Library/Frameworks/ImageIO.framework/Versions/A/Resources/libJP2.dylib
0x000000000d799000 	/System/Library/Frameworks/ImageIO.framework/Versions/A/Resources/libRadiance.dylib
0x000000000d799000 	/System/Library/Frameworks/CoreVideo.framework/Versions/A/CoreVideo
0x000000000d799000 	/System/Library/Frameworks/OpenGL.framework/Versions/A/Libraries/libGLU.dylib
0x000000000d799000 	/System/Library/Frameworks/OpenGL.framework/Versions/A/Libraries/libGFXShared.dylib
0x000000000d799000 	/System/Library/Frameworks/OpenGL.framework/Versions/A/Libraries/libGL.dylib
0x000000000d799000 	/System/Library/Frameworks/OpenGL.framework/Versions/A/Libraries/libGLImage.dylib
0x000000000d799000 	/System/Library/Frameworks/OpenGL.framework/Versions/A/Libraries/libCVMSPluginSupport.dylib
0x000000000d799000 	/System/Library/Frameworks/OpenGL.framework/Versions/A/Libraries/libCoreVMClient.dylib
0x000000000d799000 	/usr/lib/libcups.2.dylib
0x000000000d799000 	/System/Library/Frameworks/Kerberos.framework/Versions/A/Kerberos
0x000000000d799000 	/System/Library/Frameworks/GSS.framework/Versions/A/GSS
0x000000000d799000 	/usr/lib/libresolv.9.dylib
0x000000000d799000 	/usr/lib/libiconv.2.dylib
0x000000000d799000 	/System/Library/PrivateFrameworks/Heimdal.framework/Versions/A/Heimdal
0x000000000d799000 	/usr/lib/libheimdal-asn1.dylib
0x000000000d799000 	/System/Library/Frameworks/OpenDirectory.framework/Versions/A/OpenDirectory
0x000000000d799000 	/System/Library/PrivateFrameworks/CommonAuth.framework/Versions/A/CommonAuth
0x000000000d799000 	/System/Library/Frameworks/OpenDirectory.framework/Versions/A/Frameworks/CFOpenDirectory.framework/Versions/A/CFOpenDirectory
0x000000000d799000 	/System/Library/Frameworks/SecurityFoundation.framework/Versions/A/SecurityFoundation
0x000000000d799000 	/System/Library/PrivateFrameworks/LanguageModeling.framework/Versions/A/LanguageModeling
0x000000000d799000 	/usr/lib/libcmph.dylib
0x000000000d799000 	/System/Library/Frameworks/ServiceManagement.framework/Versions/A/ServiceManagement
0x000000000d799000 	/usr/lib/libxslt.1.dylib
0x000000000d799000 	/System/Library/Frameworks/Carbon.framework/Versions/A/Frameworks/Ink.framework/Versions/A/Ink
0x000000000d799000 	/System/Library/Frameworks/QuartzCore.framework/Versions/A/Frameworks/CoreImage.framework/Versions/A/CoreImage
0x000000000d799000 	/System/Library/PrivateFrameworks/CrashReporterSupport.framework/Versions/A/CrashReporterSupport
0x000000000d799000 	/System/Library/Frameworks/OpenCL.framework/Versions/A/OpenCL
0x000000000d799000 	/System/Library/PrivateFrameworks/FaceCore.framework/Versions/A/FaceCore
0x000000000d799000 	/System/Library/PrivateFrameworks/Ubiquity.framework/Versions/A/Ubiquity
0x000000000d799000 	/System/Library/PrivateFrameworks/IconServices.framework/Versions/A/IconServices
0x000000000d799000 	/System/Library/PrivateFrameworks/ChunkingLibrary.framework/Versions/A/ChunkingLibrary
0x000000000d799000 	/System/Library/PrivateFrameworks/Apple80211.framework/Versions/A/Apple80211
0x000000000d799000 	/System/Library/Frameworks/CoreWLAN.framework/Versions/A/CoreWLAN
0x000000000d799000 	/System/Library/Frameworks/IOBluetooth.framework/Versions/A/IOBluetooth
0x000000000d799000 	/System/Library/PrivateFrameworks/CoreWiFi.framework/Versions/A/CoreWiFi
0x000000000d799000 	/System/Library/Frameworks/CoreBluetooth.framework/Versions/A/CoreBluetooth
0x000000000d799000 	/System/Library/PrivateFrameworks/DebugSymbols.framework/Versions/A/DebugSymbols
0x000000000d799000 	/System/Library/PrivateFrameworks/CoreSymbolication.framework/Versions/A/CoreSymbolication
0x000000000d799000 	/System/Library/PrivateFrameworks/Symbolication.framework/Versions/A/Symbolication
0x000000000d799000 	/System/Library/PrivateFrameworks/SpeechRecognitionCore.framework/Versions/A/SpeechRecognitionCore
0x0000000103600000 	/Library/Java/JavaVirtualMachines/jdk1.7.0_67.jdk/Contents/Home/jre/lib/server/libjvm.dylib
0x000000000d799000 	/usr/lib/libstdc++.6.dylib
0x0000000102da6000 	/Library/Java/JavaVirtualMachines/jdk1.7.0_67.jdk/Contents/Home/jre/lib/libverify.dylib
0x0000000102db3000 	/Library/Java/JavaVirtualMachines/jdk1.7.0_67.jdk/Contents/Home/jre/lib/libjava.dylib
0x0000000102ded000 	/Library/Java/JavaVirtualMachines/jdk1.7.0_67.jdk/Contents/Home/jre/lib/libzip.dylib
0x000000010d9cf000 	/System/Library/Frameworks/JavaVM.framework/Frameworks/JavaRuntimeSupport.framework/JavaRuntimeSupport
0x000000010d9e7000 	/System/Library/Frameworks/JavaVM.framework/Versions/A/Frameworks/JavaNativeFoundation.framework/Versions/A/JavaNativeFoundation
0x000000010d9fc000 	/System/Library/Frameworks/JavaVM.framework/Versions/A/JavaVM
0x000000000d799000 	/System/Library/Frameworks/Carbon.framework/Versions/A/Carbon
0x000000010da09000 	/System/Library/PrivateFrameworks/JavaLaunching.framework/Versions/A/JavaLaunching
0x000000000d799000 	/System/Library/Frameworks/Carbon.framework/Versions/A/Frameworks/CommonPanels.framework/Versions/A/CommonPanels
0x000000000d799000 	/System/Library/Frameworks/Carbon.framework/Versions/A/Frameworks/Help.framework/Versions/A/Help
0x000000000d799000 	/System/Library/Frameworks/Carbon.framework/Versions/A/Frameworks/ImageCapture.framework/Versions/A/ImageCapture
0x000000000d799000 	/System/Library/Frameworks/Carbon.framework/Versions/A/Frameworks/OpenScripting.framework/Versions/A/OpenScripting
0x000000000d799000 	/System/Library/Frameworks/Carbon.framework/Versions/A/Frameworks/Print.framework/Versions/A/Print
0x000000000d799000 	/System/Library/Frameworks/Carbon.framework/Versions/A/Frameworks/SecurityHI.framework/Versions/A/SecurityHI
0x000000010f9b4000 	/Applications/IntelliJ IDEA 14 CE.app/Contents/bin/libbreakgen64.jnilib
0x000000010faba000 	/Library/Java/JavaVirtualMachines/jdk1.7.0_67.jdk/Contents/Home/jre/lib/libnet.dylib
0x000000010fbcf000 	/Library/Java/JavaVirtualMachines/jdk1.7.0_67.jdk/Contents/Home/jre/lib/libawt.dylib
0x000000010fc7e000 	/Library/Java/JavaVirtualMachines/jdk1.7.0_67.jdk/Contents/Home/jre/lib/./libmlib_image.dylib
0x000000010fd4a000 	/Library/Java/JavaVirtualMachines/jdk1.7.0_67.jdk/Contents/Home/jre/lib/lwawt/liblwawt.dylib
0x000000010fdfe000 	/Library/Java/JavaVirtualMachines/jdk1.7.0_67.jdk/Contents/Home/jre/lib/libosxapp.dylib
0x000000000d799000 	/System/Library/Frameworks/ExceptionHandling.framework/Versions/A/ExceptionHandling
0x000000000d799000 	/System/Library/PrivateFrameworks/CoreServicesInternal.framework/Versions/A/CoreServicesInternal
0x000000000d799000 	/System/Library/PrivateFrameworks/CloudDocs.framework/Versions/A/CloudDocs
0x000000000d799000 	/System/Library/PrivateFrameworks/CoreDuet.framework/Versions/A/CoreDuet
0x000000000d799000 	/System/Library/Frameworks/CloudKit.framework/Versions/A/CloudKit
0x000000000d799000 	/System/Library/PrivateFrameworks/ProtocolBuffer.framework/Versions/A/ProtocolBuffer
0x000000000d799000 	/System/Library/PrivateFrameworks/CoreDuetDaemonProtocol.framework/Versions/A/CoreDuetDaemonProtocol
0x000000000d799000 	/System/Library/PrivateFrameworks/CoreDuetDebugLogging.framework/Versions/A/CoreDuetDebugLogging
0x000000000d799000 	/System/Library/Frameworks/CoreLocation.framework/Versions/A/CoreLocation
0x000000000d799000 	/System/Library/Frameworks/Accounts.framework/Versions/A/Accounts
0x000000000d799000 	/System/Library/PrivateFrameworks/ApplePushService.framework/Versions/A/ApplePushService
0x000000000d799000 	/System/Library/PrivateFrameworks/GeoServices.framework/Versions/A/GeoServices
0x000000000d799000 	/System/Library/PrivateFrameworks/OAuth.framework/Versions/A/OAuth
0x000000000d799000 	/System/Library/PrivateFrameworks/CoreDaemon.framework/Versions/B/CoreDaemon
0x000000000d799000 	/usr/lib/libcrypto.0.9.8.dylib
0x000000000d799000 	/System/Library/PrivateFrameworks/AppleSRP.framework/Versions/A/AppleSRP
0x000000000d799000 	/System/Library/PrivateFrameworks/TrustEvaluationAgent.framework/Versions/A/TrustEvaluationAgent
0x00000001110f2000 	/System/Library/Frameworks/CoreGraphics.framework/Versions/A/Resources/libCGCMS.A.dylib
0x0000000111f02000 	/System/Library/Frameworks/CoreGraphics.framework/Versions/A/Resources/libRIP.A.dylib
0x0000000112232000 	/System/Library/Frameworks/CoreGraphics.framework/Versions/A/Resources/libCGXType.A.dylib
0x000000000d799000 	/System/Library/Frameworks/OpenCL.framework/Versions/A/Libraries/libcldcpuengine.dylib
0x000000000d799000 	/System/Library/PrivateFrameworks/DiskImages.framework/Versions/A/DiskImages
0x000000000d799000 	/System/Library/Frameworks/DiscRecording.framework/Versions/A/DiscRecording
0x000000000d799000 	/usr/lib/libcsfde.dylib
0x000000000d799000 	/usr/lib/libcurl.4.dylib
0x000000000d799000 	/System/Library/PrivateFrameworks/MediaKit.framework/Versions/A/MediaKit
0x000000000d799000 	/System/Library/PrivateFrameworks/ProtectedCloudStorage.framework/Versions/A/ProtectedCloudStorage
0x000000000d799000 	/usr/lib/libCoreStorage.dylib
0x000000000d799000 	/System/Library/PrivateFrameworks/EFILogin.framework/Versions/A/EFILogin
0x000000000d799000 	/usr/lib/libutil.dylib
0x000000000d799000 	/System/Library/PrivateFrameworks/FindMyDevice.framework/Versions/A/FindMyDevice
0x000000000d799000 	/System/Library/Frameworks/LDAP.framework/Versions/A/LDAP
0x000000000d799000 	/usr/lib/libsasl2.2.dylib
0x0000000112ca5000 	cl_kernels
0x0000000112ca7000 	/System/Library/Frameworks/OpenCL.framework/Versions/A/Libraries/ImageFormats/unorm8_bgra.dylib
0x0000000112c97000 	cl_kernels
0x000000000d799000 	/System/Library/PrivateFrameworks/FamilyControls.framework/Versions/A/FamilyControls
0x000000000d799000 	/System/Library/PrivateFrameworks/CommerceKit.framework/Versions/A/Frameworks/CommerceCore.framework/Versions/A/CommerceCore
0x000000000d799000 	/System/Library/PrivateFrameworks/SystemAdministration.framework/Versions/A/SystemAdministration
0x000000000d799000 	/System/Library/PrivateFrameworks/AppContainer.framework/Versions/A/AppContainer
0x000000000d799000 	/System/Library/PrivateFrameworks/SecCodeWrapper.framework/Versions/A/SecCodeWrapper
0x000000000d799000 	/System/Library/Frameworks/DirectoryService.framework/Versions/A/DirectoryService
0x000000000d799000 	/System/Library/PrivateFrameworks/LoginUIKit.framework/Versions/A/Frameworks/LoginUICore.framework/Versions/A/LoginUICore
0x000000000d799000 	/usr/lib/libodfde.dylib
0x0000000113f2b000 	/Library/Java/JavaVirtualMachines/jdk1.7.0_67.jdk/Contents/Home/jre/lib/libfontmanager.dylib
0x0000000113f92000 	/Development/Scala/Idea/tilde/lib/native/macosx/liblwjgl.jnilib
0x0000000112113000 	/Library/Java/JavaVirtualMachines/jdk1.7.0_67.jdk/Contents/Home/jre/lib/libjawt.dylib
0x0000000114094000 	/System/Library/Frameworks/OpenGL.framework/Resources/GLEngine.bundle/GLEngine
0x000000000d799000 	/System/Library/Frameworks/OpenGL.framework/Versions/A/Libraries/libGLProgrammability.dylib
0x0000000000000000 	/System/Library/Extensions/AppleIntelHD5000GraphicsGLDriver.bundle/Contents/MacOS/AppleIntelHD5000GraphicsGLDriver
0x000000000d799000 	/System/Library/PrivateFrameworks/IOAccelerator.framework/Versions/A/IOAccelerator
0x000000000d799000 	/System/Library/PrivateFrameworks/GPUSupport.framework/Versions/A/Libraries/libGPUSupportMercury.dylib
0x000000011427f000 	/System/Library/Frameworks/OpenGL.framework/Resources//GLRendererFloat.bundle/GLRendererFloat

VM Arguments:
jvm_args: -Djava.library.path=lib/native/macosx/ -Didea.launcher.port=7534 -Didea.launcher.bin.path=/Applications/IntelliJ IDEA 14 CE.app/Contents/bin -Dfile.encoding=UTF-8 
java_command: com.intellij.rt.execution.application.AppMain app.main.Main
Launcher Type: SUN_STANDARD

Environment Variables:
PATH=/usr/local/bin:/usr/bin:/bin:/usr/sbin:/sbin:/usr/local/git/bin
SHELL=/bin/bash

Signal Handlers:
SIGSEGV: [libjvm.dylib+0x52b6c9], sa_mask[0]=0xfffefeff, sa_flags=0x00000043
SIGBUS: [libjvm.dylib+0x52b6c9], sa_mask[0]=0xfffefeff, sa_flags=0x00000042
SIGFPE: [libjvm.dylib+0x41deaa], sa_mask[0]=0xfffefeff, sa_flags=0x00000042
SIGPIPE: [libjvm.dylib+0x41deaa], sa_mask[0]=0xfffefeff, sa_flags=0x00000042
SIGXFSZ: [libjvm.dylib+0x41deaa], sa_mask[0]=0xfffefeff, sa_flags=0x00000042
SIGILL: [libjvm.dylib+0x41deaa], sa_mask[0]=0xfffefeff, sa_flags=0x00000042
SIGUSR1: SIG_DFL, sa_mask[0]=0x00000000, sa_flags=0x00000000
SIGUSR2: [libjvm.dylib+0x41d99c], sa_mask[0]=0x00000004, sa_flags=0x00000042
SIGHUP: [libjvm.dylib+0x41bc2d], sa_mask[0]=0xfffefeff, sa_flags=0x00000042
SIGINT: [libjvm.dylib+0x41bc2d], sa_mask[0]=0xfffefeff, sa_flags=0x00000042
SIGTERM: [libjvm.dylib+0x41bc2d], sa_mask[0]=0xfffefeff, sa_flags=0x00000042
SIGQUIT: [libjvm.dylib+0x41bc2d], sa_mask[0]=0xfffefeff, sa_flags=0x00000042


---------------  S Y S T E M  ---------------

OS:Bsduname:Darwin 14.1.0 Darwin Kernel Version 14.1.0: Fri Dec  5 06:49:27 PST 2014; root:xnu-2782.10.67~9/RELEASE_X86_64 x86_64
rlimit: STACK 8192k, CORE 0k, NPROC 709, NOFILE 10240, AS infinity
load average:3.63 3.44 2.92

CPU:total 4 (2 cores per cpu, 2 threads per core) family 6 model 69 stepping 1, cmov, cx8, fxsr, mmx, sse, sse2, sse3, ssse3, sse4.1, sse4.2, popcnt, avx, avx2, aes, erms, ht, tsc, tscinvbit

Memory: 4k page, physical 8388608k(2097152k free)

/proc/meminfo:


vm_info: Java HotSpot(TM) 64-Bit Server VM (24.65-b04) for bsd-amd64 JRE (1.7.0_67-b01), built on Jul 25 2014 08:51:51 by "java_re" with gcc 4.2.1 (Based on Apple Inc. build 5658) (LLVM build 2336.11.00)

time: Sat Jan  3 20:26:42 2015
elapsed time: 15 seconds

