#
# A fatal error has been detected by the Java Runtime Environment:
#
#  SIGSEGV (0xb) at pc=0x00007fff8ef880dd, pid=14390, tid=1299
#
# JRE version: Java(TM) SE Runtime Environment (7.0_67-b01) (build 1.7.0_67-b01)
# Java VM: Java HotSpot(TM) 64-Bit Server VM (24.65-b04 mixed mode bsd-amd64 compressed oops)
# Problematic frame:
# C  [libobjc.A.dylib+0x10dd]  objc_msgSend+0x1d
#
# Failed to write core dump. Core dumps have been disabled. To enable core dumping, try "ulimit -c unlimited" before starting Java again
#
# If you would like to submit a bug report, please visit:
#   http://bugreport.sun.com/bugreport/crash.jsp
# The crash happened outside the Java Virtual Machine in native code.
# See problematic frame for where to report the bug.
#

---------------  T H R E A D  ---------------

Current thread (0x00007fb3ad93f000):  JavaThread "AppKit Thread" daemon [_thread_in_native, id=1299, stack(0x00007fff54e26000,0x00007fff54ea6000)]

siginfo:si_signo=SIGSEGV: si_errno=0, si_code=1 (SEGV_MAPERR), si_addr=0x0000000000000018

Registers:
RAX=0x00007fb3abd036f0, RBX=0x00007fff54ea10e8, RCX=0x0000000000000000, RDX=0x00007fb3abc8b670
RSP=0x00007fff54ea0f08, RBP=0x00007fff54ea0f10, RSI=0x00007fff9aa329e5, RDI=0x00007fb3abd036f0
R8 =0x00007fff54ea0ef0, R9 =0x0000000000000055, R10=0x00007fff9aa329e5, R11=0x0000000000000000
R12=0x00007fb3abe01760, R13=0x00000000000f42ed, R14=0x00007fb3abfafe30, R15=0x00007fff54ea1048
RIP=0x00007fff8ef880dd, EFLAGS=0x0000000000010246, ERR=0x0000000000000004
  TRAPNO=0x000000000000000e

Top of Stack: (sp=0x00007fff54ea0f08)
0x00007fff54ea0f08:   00007fff939dbcdc 00007fff54ea1270
0x00007fff54ea0f18:   00007fff938cd244 00007fff54ea0f9c
0x00007fff54ea0f28:   00007fff54ea0fa0 00007fff54ea0fa4
0x00007fff54ea0f38:   00007fff7f2a4c88 ffffffffffffffff
0x00007fff54ea0f48:   00000000000007f8 00007fff7f2a4ca0
0x00007fff54ea0f58:   00007fb3abfafe30 0000000000000000
0x00007fff54ea0f68:   00007fff54ea1040 0000000000000000
0x00007fff54ea0f78:   00007fb3abd39820 00007fff54ea10c0
0x00007fff54ea0f88:   0000000000000055 00000000000f42ef
0x00007fff54ea0f98:   00007fb3abc8b670 00007fb3abd39250
0x00007fff54ea0fa8:   00007fb3abe01760 0000000000000001
0x00007fff54ea0fb8:   00000000000f42ed 00007fb3abe01750
0x00007fff54ea0fc8:   00007fff98574899 00000001abce2770
0x00007fff54ea0fd8:   00007fff7da950d0 0000000042000000
0x00007fff54ea0fe8:   00007fff9857ce33 00007fff7f26f1d0
0x00007fff54ea0ff8:   00007fff54ea10c8 00007fff54ea1020
0x00007fff54ea1008:   00007fff54ea1040 0000000000000000
0x00007fff54ea1018:   0000000000000026 0003c80300000001
0x00007fff54ea1028:   00007fb3abe01784 0000000000000000
0x00007fff54ea1038:   0000000000000000 00007fb3abd398a0
0x00007fff54ea1048:   00007fb3abfafe30 0000002000000000
0x00007fff54ea1058:   0000000000000000 00007fff7da950d0
0x00007fff54ea1068:   0000000042000000 00007fff986b510f
0x00007fff54ea1078:   00007fff7f26f2e0 00007fff54ea0fd8
0x00007fff54ea1088:   0000000000000000 00007fff54ea1158
0x00007fff54ea1098:   00007fff7f5465c0 00007fff54ea1190
0x00007fff54ea10a8:   00007fff98056edc 00007fff54ea1140
0x00007fff54ea10b8:   00007fff9a50ad73 0000000000000051
0x00007fff54ea10c8:   0000000000000000 00000000000f42df
0x00007fff54ea10d8:   0000000000000053 0000000000000000
0x00007fff54ea10e8:   00000000000f42ed 00007fff54ea1164
0x00007fff54ea10f8:   00000000003dbe01 00000000ffffffff 

Instructions: (pc=0x00007fff8ef880dd)
0x00007fff8ef880bd:   00 00 00 48 85 ff 2e 74 7a 40 f6 c7 01 2e 75 7e
0x00007fff8ef880cd:   49 bb f8 ff ff ff ff 7f 00 00 4c 23 1f 49 89 f2
0x00007fff8ef880dd:   45 23 53 18 49 c1 e2 04 4d 03 53 10 49 3b 32 75
0x00007fff8ef880ed:   04 41 ff 62 08 49 83 3a 00 74 6a 4d 3b 53 10 74 

Register to memory mapping:

RAX=0x00007fb3abd036f0 is an unknown value
RBX=0x00007fff54ea10e8 is pointing into the stack for thread: 0x00007fb3ad93f000
RCX=0x0000000000000000 is an unknown value
RDX=0x00007fb3abc8b670 is an unknown value
RSP=0x00007fff54ea0f08 is pointing into the stack for thread: 0x00007fb3ad93f000
RBP=0x00007fff54ea0f10 is pointing into the stack for thread: 0x00007fb3ad93f000
RSI=0x00007fff9aa329e5: -[NSTitlebarContainerView shouldRoundCorners]+0x5cd57 in /System/Library/Frameworks/AppKit.framework/Versions/C/AppKit at 0x00007fff9a064000
RDI=0x00007fb3abd036f0 is an unknown value
R8 =0x00007fff54ea0ef0 is pointing into the stack for thread: 0x00007fb3ad93f000
R9 =0x0000000000000055 is an unknown value
R10=0x00007fff9aa329e5: -[NSTitlebarContainerView shouldRoundCorners]+0x5cd57 in /System/Library/Frameworks/AppKit.framework/Versions/C/AppKit at 0x00007fff9a064000
R11=0x0000000000000000 is an unknown value
R12=0x00007fb3abe01760 is an unknown value
R13=0x00000000000f42ed is an unknown value
R14=0x00007fb3abfafe30 is an unknown value
R15=0x00007fff54ea1048 is pointing into the stack for thread: 0x00007fb3ad93f000


Stack: [0x00007fff54e26000,0x00007fff54ea6000],  sp=0x00007fff54ea0f08,  free space=491k
Native frames: (J=compiled Java code, j=interpreted, Vv=VM code, C=native code)
C  [libobjc.A.dylib+0x10dd]  objc_msgSend+0x1d
C  [CoreFoundation+0x10244]  _CFXNotificationPost+0xc44
C  [Foundation+0x2c31]  -[NSNotificationCenter postNotificationName:object:userInfo:]+0x42
C  [AppKit+0xdd6e6]  -[NSSurface _disposeSurface]+0x98
C  [AppKit+0xdd14a]  -[NSSurface setWindow:]+0x42
C  [AppKit+0x3b945]  -[NSView _setWindow:]+0xa18
C  [AppKit+0x3cb82]  -[NSView removeFromSuperview]+0x1c5
C  [AppKit+0x9137a]  -[NSView removeFromSuperviewWithoutNeedingDisplay]+0x26
C  [liblwjgl.jnilib+0x9c3e]  +[MacOSXKeyableWindow destroyWindow]+0xde
C  [Foundation+0x65cdc]  __NSThreadPerformPerform+0x125
C  [CoreFoundation+0x80681]  __CFRUNLOOP_IS_CALLING_OUT_TO_A_SOURCE0_PERFORM_FUNCTION__+0x11
C  [CoreFoundation+0x7280d]  __CFRunLoopDoSources0+0x10d
C  [CoreFoundation+0x71e3f]  __CFRunLoopRun+0x39f
C  [CoreFoundation+0x71858]  CFRunLoopRunSpecific+0x128
C  [HIToolbox+0x2ebcf]  RunCurrentEventLoopInMode+0xeb
C  [HIToolbox+0x2e94a]  ReceiveNextEventCommon+0x1af
C  [HIToolbox+0x2e78b]  _BlockUntilNextEventMatchingListInModeWithFilter+0x47
C  [AppKit+0x23f01]  _DPSNextEvent+0x3c4
C  [AppKit+0x236b0]  -[NSApplication nextEventMatchingMask:untilDate:inMode:dequeue:]+0xc2
C  [libosxapp.dylib+0x24e3]  -[NSApplicationAWT nextEventMatchingMask:untilDate:inMode:dequeue:]+0x7c
C  [AppKit+0x174e3]  -[NSApplication run]+0x252
C  [libosxapp.dylib+0x2346]  +[NSApplicationAWT runAWTLoopWithApp:]+0x9c
C  [liblwawt.dylib+0xd889]  -[AWTStarter starter:]+0x369
C  [Foundation+0x65cdc]  __NSThreadPerformPerform+0x125
C  [CoreFoundation+0x80681]  __CFRUNLOOP_IS_CALLING_OUT_TO_A_SOURCE0_PERFORM_FUNCTION__+0x11
C  [CoreFoundation+0x7280d]  __CFRunLoopDoSources0+0x10d
C  [CoreFoundation+0x71e3f]  __CFRunLoopRun+0x39f
C  [CoreFoundation+0x71858]  CFRunLoopRunSpecific+0x128
C  [java+0x73b0]  CreateExecutionEnvironment+0x367
C  [java+0x1b5c]  JLI_Launch+0x7a0
C  [java+0x770d]  main+0x65
C  [java+0x13b4]  start+0x34


---------------  P R O C E S S  ---------------

Java Threads: ( => current thread )
  0x00007fb3adada000 JavaThread "AWT-Shutdown" [_thread_blocked, id=29251, stack(0x000000011d8de000,0x000000011d9de000)]
  0x00007fb3ac91c800 JavaThread "Java2D Disposer" daemon [_thread_blocked, id=50727, stack(0x000000011d660000,0x000000011d760000)]
=>0x00007fb3ad93f000 JavaThread "AppKit Thread" daemon [_thread_in_native, id=1299, stack(0x00007fff54e26000,0x00007fff54ea6000)]
  0x00007fb3ad092800 JavaThread "Monitor Ctrl-Break" daemon [_thread_in_native, id=18691, stack(0x0000000117a81000,0x0000000117b81000)]
  0x00007fb3ad856000 JavaThread "Service Thread" daemon [_thread_blocked, id=17667, stack(0x00000001175e3000,0x00000001176e3000)]
  0x00007fb3ad84d000 JavaThread "C2 CompilerThread1" daemon [_thread_blocked, id=17155, stack(0x00000001174e0000,0x00000001175e0000)]
  0x00007fb3ad854800 JavaThread "C2 CompilerThread0" daemon [_thread_blocked, id=16643, stack(0x00000001173dd000,0x00000001174dd000)]
  0x00007fb3ad853000 JavaThread "Signal Dispatcher" daemon [_thread_blocked, id=13331, stack(0x00000001172da000,0x00000001173da000)]
  0x00007fb3ac017000 JavaThread "Finalizer" daemon [_thread_blocked, id=11523, stack(0x00000001159a1000,0x0000000115aa1000)]
  0x00007fb3ac016000 JavaThread "Reference Handler" daemon [_thread_blocked, id=11011, stack(0x000000011589e000,0x000000011599e000)]
  0x00007fb3ad800000 JavaThread "main" [_thread_in_native, id=4867, stack(0x000000010ae70000,0x000000010af70000)]

Other Threads:
  0x00007fb3ad84b000 VMThread [stack: 0x000000011579b000,0x000000011589b000] [id=10499]
  0x00007fb3ac017800 WatcherThread [stack: 0x00000001176e6000,0x00000001177e6000] [id=18179]

VM state:not at safepoint (normal execution)

VM Mutex/Monitor currently owned by a thread: None

Heap
 PSYoungGen      total 284160K, used 229152K [0x00000007d5500000, 0x00000007f2700000, 0x0000000800000000)
  eden space 266240K, 79% used [0x00000007d5500000,0x00000007e2350180,0x00000007e5900000)
  from space 17920K, 99% used [0x00000007e5900000,0x00000007e6a78060,0x00000007e6a80000)
  to   space 25600K, 0% used [0x00000007f0e00000,0x00000007f0e00000,0x00000007f2700000)
 ParOldGen       total 87040K, used 30043K [0x0000000780000000, 0x0000000785500000, 0x00000007d5500000)
  object space 87040K, 34% used [0x0000000780000000,0x0000000781d56f88,0x0000000785500000)
 PSPermGen       total 21504K, used 10098K [0x000000077ae00000, 0x000000077c300000, 0x0000000780000000)
  object space 21504K, 46% used [0x000000077ae00000,0x000000077b7dc980,0x000000077c300000)

Card table byte_map: [0x000000010f31f000,0x000000010f749000] byte_map_base: 0x000000010b748000

Polling page: 0x000000010afaf000

Code Cache  [0x000000010c25f000, 0x000000010c4cf000, 0x000000010f25f000)
 total_blobs=825 nmethods=468 adapters=311 free_code_cache=47999Kb largest_free_block=49122368

Compilation events (10 events):
Event: 25.338 Thread 0x00007fb3ad854800 nmethod 469 0x000000010c37e110 code [0x000000010c37e260, 0x000000010c37e358]
Event: 25.338 Thread 0x00007fb3ad854800  470             tilde.Input$$anonfun$updateState$1::apply (12 bytes)
Event: 25.340 Thread 0x00007fb3ad84d000 nmethod 467 0x000000010c37cb50 code [0x000000010c37cca0, 0x000000010c37cef8]
Event: 25.340 Thread 0x00007fb3ad84d000  471             tilde.Input$$anonfun$updateState$1::apply (6 bytes)
Event: 25.345 Thread 0x00007fb3ad854800 nmethod 470 0x000000010c384d50 code [0x000000010c384fa0, 0x000000010c3857d0]
Event: 25.345 Thread 0x00007fb3ad854800  472             tilde.Input$$anonfun$updateState$1::apply$mcVI$sp (125 bytes)
Event: 25.345 Thread 0x00007fb3ad84d000 nmethod 471 0x000000010c370490 code [0x000000010c3706e0, 0x000000010c370ef0]
Event: 25.351 Thread 0x00007fb3ad854800 nmethod 472 0x000000010c380690 code [0x000000010c3808e0, 0x000000010c3810f0]
Event: 26.396 Thread 0x00007fb3ad84d000  473             java.nio.DirectIntBufferU::get (16 bytes)
Event: 26.397 Thread 0x00007fb3ad84d000 nmethod 473 0x000000010c37c550 code [0x000000010c37c680, 0x000000010c37c718]

GC Heap History (10 events):
Event: 1.760 GC heap before
{Heap before GC invocations=5 (full 0):
 PSYoungGen      total 72704K, used 71968K [0x00000007d5500000, 0x00000007da100000, 0x0000000800000000)
  eden space 67584K, 100% used [0x00000007d5500000,0x00000007d9700000,0x00000007d9700000)
  from space 5120K, 85% used [0x00000007d9c00000,0x00000007da048020,0x00000007da100000)
  to   space 5120K, 0% used [0x00000007d9700000,0x00000007d9700000,0x00000007d9c00000)
 ParOldGen       total 87040K, used 24K [0x0000000780000000, 0x0000000785500000, 0x00000007d5500000)
  object space 87040K, 0% used [0x0000000780000000,0x0000000780006000,0x0000000785500000)
 PSPermGen       total 21504K, used 9953K [0x000000077ae00000, 0x000000077c300000, 0x0000000780000000)
  object space 21504K, 46% used [0x000000077ae00000,0x000000077b7b8758,0x000000077c300000)
Event: 1.773 GC heap after
Heap after GC invocations=5 (full 0):
 PSYoungGen      total 72704K, used 5104K [0x00000007d5500000, 0x00000007de900000, 0x0000000800000000)
  eden space 67584K, 0% used [0x00000007d5500000,0x00000007d5500000,0x00000007d9700000)
  from space 5120K, 99% used [0x00000007d9700000,0x00000007d9bfc040,0x00000007d9c00000)
  to   space 8192K, 0% used [0x00000007de100000,0x00000007de100000,0x00000007de900000)
 ParOldGen       total 87040K, used 2400K [0x0000000780000000, 0x0000000785500000, 0x00000007d5500000)
  object space 87040K, 2% used [0x0000000780000000,0x0000000780258000,0x0000000785500000)
 PSPermGen       total 21504K, used 9953K [0x000000077ae00000, 0x000000077c300000, 0x0000000780000000)
  object space 21504K, 46% used [0x000000077ae00000,0x000000077b7b8758,0x000000077c300000)
}
Event: 1.842 GC heap before
{Heap before GC invocations=6 (full 0):
 PSYoungGen      total 72704K, used 72688K [0x00000007d5500000, 0x00000007de900000, 0x0000000800000000)
  eden space 67584K, 100% used [0x00000007d5500000,0x00000007d9700000,0x00000007d9700000)
  from space 5120K, 99% used [0x00000007d9700000,0x00000007d9bfc040,0x00000007d9c00000)
  to   space 8192K, 0% used [0x00000007de100000,0x00000007de100000,0x00000007de900000)
 ParOldGen       total 87040K, used 2400K [0x0000000780000000, 0x0000000785500000, 0x00000007d5500000)
  object space 87040K, 2% used [0x0000000780000000,0x0000000780258000,0x0000000785500000)
 PSPermGen       total 21504K, used 9955K [0x000000077ae00000, 0x000000077c300000, 0x0000000780000000)
  object space 21504K, 46% used [0x000000077ae00000,0x000000077b7b8fd0,0x000000077c300000)
Event: 1.855 GC heap after
Heap after GC invocations=6 (full 0):
 PSYoungGen      total 141312K, used 8160K [0x00000007d5500000, 0x00000007ded00000, 0x0000000800000000)
  eden space 133120K, 0% used [0x00000007d5500000,0x00000007d5500000,0x00000007dd700000)
  from space 8192K, 99% used [0x00000007de100000,0x00000007de8f8070,0x00000007de900000)
  to   space 10240K, 0% used [0x00000007dd700000,0x00000007dd700000,0x00000007de100000)
 ParOldGen       total 87040K, used 3336K [0x0000000780000000, 0x0000000785500000, 0x00000007d5500000)
  object space 87040K, 3% used [0x0000000780000000,0x0000000780342000,0x0000000785500000)
 PSPermGen       total 21504K, used 9955K [0x000000077ae00000, 0x000000077c300000, 0x0000000780000000)
  object space 21504K, 46% used [0x000000077ae00000,0x000000077b7b8fd0,0x000000077c300000)
}
Event: 2.018 GC heap before
{Heap before GC invocations=7 (full 0):
 PSYoungGen      total 141312K, used 141280K [0x00000007d5500000, 0x00000007ded00000, 0x0000000800000000)
  eden space 133120K, 100% used [0x00000007d5500000,0x00000007dd700000,0x00000007dd700000)
  from space 8192K, 99% used [0x00000007de100000,0x00000007de8f8070,0x00000007de900000)
  to   space 10240K, 0% used [0x00000007dd700000,0x00000007dd700000,0x00000007de100000)
 ParOldGen       total 87040K, used 3336K [0x0000000780000000, 0x0000000785500000, 0x00000007d5500000)
  object space 87040K, 3% used [0x0000000780000000,0x0000000780342000,0x0000000785500000)
 PSPermGen       total 21504K, used 9968K [0x000000077ae00000, 0x000000077c300000, 0x0000000780000000)
  object space 21504K, 46% used [0x000000077ae00000,0x000000077b7bc218,0x000000077c300000)
Event: 2.052 GC heap after
Heap after GC invocations=7 (full 0):
 PSYoungGen      total 143360K, used 10208K [0x00000007d5500000, 0x00000007e7f00000, 0x0000000800000000)
  eden space 133120K, 0% used [0x00000007d5500000,0x00000007d5500000,0x00000007dd700000)
  from space 10240K, 99% used [0x00000007dd700000,0x00000007de0f8050,0x00000007de100000)
  to   space 19456K, 0% used [0x00000007e6c00000,0x00000007e6c00000,0x00000007e7f00000)
 ParOldGen       total 87040K, used 17123K [0x0000000780000000, 0x0000000785500000, 0x00000007d5500000)
  object space 87040K, 19% used [0x0000000780000000,0x00000007810b8f58,0x0000000785500000)
 PSPermGen       total 21504K, used 9968K [0x000000077ae00000, 0x000000077c300000, 0x0000000780000000)
  object space 21504K, 46% used [0x000000077ae00000,0x000000077b7bc218,0x000000077c300000)
}
Event: 2.210 GC heap before
{Heap before GC invocations=8 (full 0):
 PSYoungGen      total 143360K, used 143328K [0x00000007d5500000, 0x00000007e7f00000, 0x0000000800000000)
  eden space 133120K, 100% used [0x00000007d5500000,0x00000007dd700000,0x00000007dd700000)
  from space 10240K, 99% used [0x00000007dd700000,0x00000007de0f8050,0x00000007de100000)
  to   space 19456K, 0% used [0x00000007e6c00000,0x00000007e6c00000,0x00000007e7f00000)
 ParOldGen       total 87040K, used 17123K [0x0000000780000000, 0x0000000785500000, 0x00000007d5500000)
  object space 87040K, 19% used [0x0000000780000000,0x00000007810b8f58,0x0000000785500000)
 PSPermGen       total 21504K, used 9968K [0x000000077ae00000, 0x000000077c300000, 0x0000000780000000)
  object space 21504K, 46% used [0x000000077ae00000,0x000000077b7bc218,0x000000077c300000)
Event: 2.221 GC heap after
Heap after GC invocations=8 (full 0):
 PSYoungGen      total 282624K, used 7584K [0x00000007d5500000, 0x00000007e7c00000, 0x0000000800000000)
  eden space 266240K, 0% used [0x00000007d5500000,0x00000007d5500000,0x00000007e5900000)
  from space 16384K, 46% used [0x00000007e6c00000,0x00000007e7368040,0x00000007e7c00000)
  to   space 17920K, 0% used [0x00000007e5900000,0x00000007e5900000,0x00000007e6a80000)
 ParOldGen       total 87040K, used 18115K [0x0000000780000000, 0x0000000785500000, 0x00000007d5500000)
  object space 87040K, 20% used [0x0000000780000000,0x00000007811b0f68,0x0000000785500000)
 PSPermGen       total 21504K, used 9968K [0x000000077ae00000, 0x000000077c300000, 0x0000000780000000)
  object space 21504K, 46% used [0x000000077ae00000,0x000000077b7bc218,0x000000077c300000)
}
Event: 2.468 GC heap before
{Heap before GC invocations=9 (full 0):
 PSYoungGen      total 282624K, used 273824K [0x00000007d5500000, 0x00000007e7c00000, 0x0000000800000000)
  eden space 266240K, 100% used [0x00000007d5500000,0x00000007e5900000,0x00000007e5900000)
  from space 16384K, 46% used [0x00000007e6c00000,0x00000007e7368040,0x00000007e7c00000)
  to   space 17920K, 0% used [0x00000007e5900000,0x00000007e5900000,0x00000007e6a80000)
 ParOldGen       total 87040K, used 18115K [0x0000000780000000, 0x0000000785500000, 0x00000007d5500000)
  object space 87040K, 20% used [0x0000000780000000,0x00000007811b0f68,0x0000000785500000)
 PSPermGen       total 21504K, used 9968K [0x000000077ae00000, 0x000000077c300000, 0x0000000780000000)
  object space 21504K, 46% used [0x000000077ae00000,0x000000077b7bc308,0x000000077c300000)
Event: 2.504 GC heap after
Heap after GC invocations=9 (full 0):
 PSYoungGen      total 284160K, used 17888K [0x00000007d5500000, 0x00000007f2700000, 0x0000000800000000)
  eden space 266240K, 0% used [0x00000007d5500000,0x00000007d5500000,0x00000007e5900000)
  from space 17920K, 99% used [0x00000007e5900000,0x00000007e6a78060,0x00000007e6a80000)
  to   space 25600K, 0% used [0x00000007f0e00000,0x00000007f0e00000,0x00000007f2700000)
 ParOldGen       total 87040K, used 30043K [0x0000000780000000, 0x0000000785500000, 0x00000007d5500000)
  object space 87040K, 34% used [0x0000000780000000,0x0000000781d56f88,0x0000000785500000)
 PSPermGen       total 21504K, used 9968K [0x000000077ae00000, 0x000000077c300000, 0x0000000780000000)
  object space 21504K, 46% used [0x000000077ae00000,0x000000077b7bc308,0x000000077c300000)
}

Deoptimization events (10 events):
Event: 2.696 Thread 0x00007fb3ad800000 Uncommon trap: reason=bimorphic action=maybe_recompile pc=0x000000010c3258ac method=scala.collection.Iterator$class.foreach(Lscala/collection/Iterator;Lscala/Function1;)V @ 1
Event: 2.696 Thread 0x00007fb3ad800000 Uncommon trap: reason=unreached action=reinterpret pc=0x000000010c34935c method=java.nio.CharBuffer.hasArray()Z @ 4
Event: 2.696 Thread 0x00007fb3ad800000 Uncommon trap: reason=class_check action=maybe_recompile pc=0x000000010c33bd88 method=scala.collection.IndexedSeqOptimized$class.foreach(Lscala/collection/IndexedSeqOptimized;Lscala/Function1;)V @ 3
Event: 2.696 Thread 0x00007fb3ad800000 Uncommon trap: reason=class_check action=maybe_recompile pc=0x000000010c33bd88 method=scala.collection.IndexedSeqOptimized$class.foreach(Lscala/collection/IndexedSeqOptimized;Lscala/Function1;)V @ 3
Event: 2.712 Thread 0x00007fb3ad800000 Uncommon trap: reason=bimorphic action=maybe_recompile pc=0x000000010c3258ac method=scala.collection.Iterator$class.foreach(Lscala/collection/Iterator;Lscala/Function1;)V @ 1
Event: 2.712 Thread 0x00007fb3ad800000 Uncommon trap: reason=class_check action=maybe_recompile pc=0x000000010c33bd88 method=scala.collection.IndexedSeqOptimized$class.foreach(Lscala/collection/IndexedSeqOptimized;Lscala/Function1;)V @ 3
Event: 2.712 Thread 0x00007fb3ad800000 Uncommon trap: reason=class_check action=maybe_recompile pc=0x000000010c314ca8 method=scala.collection.IndexedSeqOptimized$class.foreach(Lscala/collection/IndexedSeqOptimized;Lscala/Function1;)V @ 3
Event: 2.729 Thread 0x00007fb3ad800000 Uncommon trap: reason=bimorphic action=maybe_recompile pc=0x000000010c3258ac method=scala.collection.Iterator$class.foreach(Lscala/collection/Iterator;Lscala/Function1;)V @ 1
Event: 2.756 Thread 0x00007fb3ad800000 Uncommon trap: reason=bimorphic action=maybe_recompile pc=0x000000010c3258ac method=scala.collection.Iterator$class.foreach(Lscala/collection/Iterator;Lscala/Function1;)V @ 1
Event: 3.653 Thread 0x00007fb3ad800000 Uncommon trap: reason=unreached action=reinterpret pc=0x000000010c350e64 method=scala.collection.mutable.HashTable$class.elemEquals(Lscala/collection/mutable/HashTable;Ljava/lang/Object;Ljava/lang/Object;)Z @ 21

Internal exceptions (10 events):
Event: 2.646 Thread 0x00007fb3ad800000 Threw 0x00000007e02e9aa8 at /HUDSON/workspace/7u-2-build-macosx-x86_64/jdk7u67/1368/hotspot/src/share/vm/prims/jvm.cpp:1244
Event: 2.653 Thread 0x00007fb3ad800000 Threw 0x00000007e02fb118 at /HUDSON/workspace/7u-2-build-macosx-x86_64/jdk7u67/1368/hotspot/src/share/vm/prims/jvm.cpp:1244
Event: 2.654 Thread 0x00007fb3ad800000 Threw 0x00000007e02fff78 at /HUDSON/workspace/7u-2-build-macosx-x86_64/jdk7u67/1368/hotspot/src/share/vm/prims/jvm.cpp:1244
Event: 2.655 Thread 0x00007fb3ad800000 Threw 0x00000007e030de70 at /HUDSON/workspace/7u-2-build-macosx-x86_64/jdk7u67/1368/hotspot/src/share/vm/prims/jvm.cpp:1244
Event: 2.656 Thread 0x00007fb3ad800000 Threw 0x00000007e0314ec8 at /HUDSON/workspace/7u-2-build-macosx-x86_64/jdk7u67/1368/hotspot/src/share/vm/prims/jvm.cpp:1244
Event: 2.658 Thread 0x00007fb3ad800000 Threw 0x00000007e031d178 at /HUDSON/workspace/7u-2-build-macosx-x86_64/jdk7u67/1368/hotspot/src/share/vm/prims/jvm.cpp:1244
Event: 2.658 Thread 0x00007fb3ad800000 Threw 0x00000007e0322eb0 at /HUDSON/workspace/7u-2-build-macosx-x86_64/jdk7u67/1368/hotspot/src/share/vm/prims/jvm.cpp:1244
Event: 2.695 Thread 0x00007fb3ad800000 Threw 0x00000007e0330fa8 at /HUDSON/workspace/7u-2-build-macosx-x86_64/jdk7u67/1368/hotspot/src/share/vm/prims/jvm.cpp:1244
Event: 2.695 Thread 0x00007fb3ad800000 Threw 0x00000007e03367a8 at /HUDSON/workspace/7u-2-build-macosx-x86_64/jdk7u67/1368/hotspot/src/share/vm/prims/jvm.cpp:1244
Event: 29.760 Thread 0x00007fb3ad800000 Threw 0x00000007e1fd7fa0 at /HUDSON/workspace/7u-2-build-macosx-x86_64/jdk7u67/1368/hotspot/src/share/vm/prims/jvm.cpp:1244

Events (10 events):
Event: 3.653 Thread 0x00007fb3ad800000 DEOPT UNPACKING pc=0x000000010c298045 sp=0x000000010af6e8d8 mode 2
Event: 4.103 Executing VM operation: EnableBiasedLocking
Event: 4.103 Executing VM operation: EnableBiasedLocking done
Event: 4.156 Thread 0x00007fb3ad84d000 flushing nmethod 0x000000010c2df5d0
Event: 4.156 Thread 0x00007fb3ad84d000 flushing nmethod 0x000000010c2e71d0
Event: 4.157 Thread 0x00007fb3ad84d000 flushing nmethod 0x000000010c304610
Event: 4.157 Thread 0x00007fb3ad84d000 flushing nmethod 0x000000010c30a490
Event: 4.157 Thread 0x00007fb3ad854800 flushing nmethod 0x000000010c313750
Event: 29.759 loading class 0x00007fb3abd32930
Event: 29.759 loading class 0x00007fb3abd32930 done


Dynamic libraries:
0x000000000d799000 	/System/Library/Frameworks/Cocoa.framework/Versions/A/Cocoa
0x000000000d799000 	/System/Library/Frameworks/Security.framework/Versions/A/Security
0x000000000d799000 	/System/Library/Frameworks/ApplicationServices.framework/Versions/A/ApplicationServices
0x000000000d799000 	/usr/lib/libz.1.dylib
0x000000000d799000 	/usr/lib/libSystem.B.dylib
0x000000000d799000 	/usr/lib/libobjc.A.dylib
0x000000000d799000 	/System/Library/Frameworks/CoreFoundation.framework/Versions/A/CoreFoundation
0x000000000d799000 	/System/Library/Frameworks/Foundation.framework/Versions/C/Foundation
0x000000000d799000 	/System/Library/Frameworks/AppKit.framework/Versions/C/AppKit
0x000000000d799000 	/System/Library/Frameworks/CoreData.framework/Versions/A/CoreData
0x000000000d799000 	/System/Library/PrivateFrameworks/RemoteViewServices.framework/Versions/A/RemoteViewServices
0x000000000d799000 	/System/Library/PrivateFrameworks/UIFoundation.framework/Versions/A/UIFoundation
0x000000000d799000 	/System/Library/Frameworks/IOSurface.framework/Versions/A/IOSurface
0x000000000d799000 	/System/Library/Frameworks/AudioToolbox.framework/Versions/A/AudioToolbox
0x000000000d799000 	/System/Library/Frameworks/AudioUnit.framework/Versions/A/AudioUnit
0x000000000d799000 	/System/Library/PrivateFrameworks/DataDetectorsCore.framework/Versions/A/DataDetectorsCore
0x000000000d799000 	/System/Library/PrivateFrameworks/DesktopServicesPriv.framework/Versions/A/DesktopServicesPriv
0x000000000d799000 	/System/Library/Frameworks/Carbon.framework/Versions/A/Frameworks/HIToolbox.framework/Versions/A/HIToolbox
0x000000000d799000 	/System/Library/Frameworks/QuartzCore.framework/Versions/A/QuartzCore
0x000000000d799000 	/System/Library/Frameworks/Carbon.framework/Versions/A/Frameworks/SpeechRecognition.framework/Versions/A/SpeechRecognition
0x000000000d799000 	/usr/lib/libauto.dylib
0x000000000d799000 	/usr/lib/libicucore.A.dylib
0x000000000d799000 	/usr/lib/libxml2.2.dylib
0x000000000d799000 	/System/Library/PrivateFrameworks/CoreUI.framework/Versions/A/CoreUI
0x000000000d799000 	/System/Library/Frameworks/CoreAudio.framework/Versions/A/CoreAudio
0x000000000d799000 	/System/Library/Frameworks/DiskArbitration.framework/Versions/A/DiskArbitration
0x000000000d799000 	/usr/lib/liblangid.dylib
0x000000000d799000 	/System/Library/PrivateFrameworks/MultitouchSupport.framework/Versions/A/MultitouchSupport
0x000000000d799000 	/System/Library/Frameworks/IOKit.framework/Versions/A/IOKit
0x000000000d799000 	/usr/lib/libDiagnosticMessagesClient.dylib
0x000000000d799000 	/System/Library/Frameworks/CoreServices.framework/Versions/A/CoreServices
0x000000000d799000 	/System/Library/PrivateFrameworks/PerformanceAnalysis.framework/Versions/A/PerformanceAnalysis
0x000000000d799000 	/System/Library/PrivateFrameworks/GenerationalStorage.framework/Versions/A/GenerationalStorage
0x000000000d799000 	/System/Library/Frameworks/OpenGL.framework/Versions/A/OpenGL
0x000000000d799000 	/System/Library/PrivateFrameworks/Sharing.framework/Versions/A/Sharing
0x000000000d799000 	/System/Library/Frameworks/CoreGraphics.framework/Versions/A/CoreGraphics
0x000000000d799000 	/System/Library/Frameworks/CoreText.framework/Versions/A/CoreText
0x000000000d799000 	/System/Library/Frameworks/ImageIO.framework/Versions/A/ImageIO
0x000000000d799000 	/usr/lib/libextension.dylib
0x000000000d799000 	/System/Library/PrivateFrameworks/Backup.framework/Versions/A/Backup
0x000000000d799000 	/usr/lib/libarchive.2.dylib
0x000000000d799000 	/System/Library/Frameworks/CFNetwork.framework/Versions/A/CFNetwork
0x000000000d799000 	/System/Library/Frameworks/SystemConfiguration.framework/Versions/A/SystemConfiguration
0x000000000d799000 	/usr/lib/libCRFSuite.dylib
0x000000000d799000 	/usr/lib/libc++.1.dylib
0x000000000d799000 	/usr/lib/libc++abi.dylib
0x000000000d799000 	/usr/lib/system/libcache.dylib
0x000000000d799000 	/usr/lib/system/libcommonCrypto.dylib
0x000000000d799000 	/usr/lib/system/libcompiler_rt.dylib
0x000000000d799000 	/usr/lib/system/libcopyfile.dylib
0x000000000d799000 	/usr/lib/system/libcorecrypto.dylib
0x000000000d799000 	/usr/lib/system/libdispatch.dylib
0x000000000d799000 	/usr/lib/system/libdyld.dylib
0x000000000d799000 	/usr/lib/system/libkeymgr.dylib
0x000000000d799000 	/usr/lib/system/liblaunch.dylib
0x000000000d799000 	/usr/lib/system/libmacho.dylib
0x000000000d799000 	/usr/lib/system/libquarantine.dylib
0x000000000d799000 	/usr/lib/system/libremovefile.dylib
0x000000000d799000 	/usr/lib/system/libsystem_asl.dylib
0x000000000d799000 	/usr/lib/system/libsystem_blocks.dylib
0x000000000d799000 	/usr/lib/system/libsystem_c.dylib
0x000000000d799000 	/usr/lib/system/libsystem_configuration.dylib
0x000000000d799000 	/usr/lib/system/libsystem_coreservices.dylib
0x000000000d799000 	/usr/lib/system/libsystem_coretls.dylib
0x000000000d799000 	/usr/lib/system/libsystem_dnssd.dylib
0x000000000d799000 	/usr/lib/system/libsystem_info.dylib
0x000000000d799000 	/usr/lib/system/libsystem_kernel.dylib
0x000000000d799000 	/usr/lib/system/libsystem_m.dylib
0x000000000d799000 	/usr/lib/system/libsystem_malloc.dylib
0x000000000d799000 	/usr/lib/system/libsystem_network.dylib
0x000000000d799000 	/usr/lib/system/libsystem_networkextension.dylib
0x000000000d799000 	/usr/lib/system/libsystem_notify.dylib
0x000000000d799000 	/usr/lib/system/libsystem_platform.dylib
0x000000000d799000 	/usr/lib/system/libsystem_pthread.dylib
0x000000000d799000 	/usr/lib/system/libsystem_sandbox.dylib
0x000000000d799000 	/usr/lib/system/libsystem_secinit.dylib
0x000000000d799000 	/usr/lib/system/libsystem_stats.dylib
0x000000000d799000 	/usr/lib/system/libsystem_trace.dylib
0x000000000d799000 	/usr/lib/system/libunc.dylib
0x000000000d799000 	/usr/lib/system/libunwind.dylib
0x000000000d799000 	/usr/lib/system/libxpc.dylib
0x000000000d799000 	/usr/lib/libbz2.1.0.dylib
0x000000000d799000 	/usr/lib/liblzma.5.dylib
0x000000000d799000 	/usr/lib/libbsm.0.dylib
0x000000000d799000 	/usr/lib/libsqlite3.dylib
0x000000000d799000 	/usr/lib/system/libkxld.dylib
0x000000000d799000 	/usr/lib/libxar.1.dylib
0x000000000d799000 	/usr/lib/libpam.2.dylib
0x000000000d799000 	/usr/lib/libOpenScriptingUtil.dylib
0x000000000d799000 	/System/Library/Frameworks/CoreServices.framework/Versions/A/Frameworks/FSEvents.framework/Versions/A/FSEvents
0x000000000d799000 	/System/Library/Frameworks/CoreServices.framework/Versions/A/Frameworks/CarbonCore.framework/Versions/A/CarbonCore
0x000000000d799000 	/System/Library/Frameworks/CoreServices.framework/Versions/A/Frameworks/Metadata.framework/Versions/A/Metadata
0x000000000d799000 	/System/Library/Frameworks/CoreServices.framework/Versions/A/Frameworks/OSServices.framework/Versions/A/OSServices
0x000000000d799000 	/System/Library/Frameworks/CoreServices.framework/Versions/A/Frameworks/SearchKit.framework/Versions/A/SearchKit
0x000000000d799000 	/System/Library/Frameworks/CoreServices.framework/Versions/A/Frameworks/AE.framework/Versions/A/AE
0x000000000d799000 	/System/Library/Frameworks/CoreServices.framework/Versions/A/Frameworks/LaunchServices.framework/Versions/A/LaunchServices
0x000000000d799000 	/System/Library/Frameworks/CoreServices.framework/Versions/A/Frameworks/DictionaryServices.framework/Versions/A/DictionaryServices
0x000000000d799000 	/System/Library/Frameworks/NetFS.framework/Versions/A/NetFS
0x000000000d799000 	/System/Library/PrivateFrameworks/NetAuth.framework/Versions/A/NetAuth
0x000000000d799000 	/System/Library/PrivateFrameworks/login.framework/Versions/A/Frameworks/loginsupport.framework/Versions/A/loginsupport
0x000000000d799000 	/System/Library/PrivateFrameworks/TCC.framework/Versions/A/TCC
0x000000000d799000 	/usr/lib/libmecabra.dylib
0x000000000d799000 	/System/Library/Frameworks/ApplicationServices.framework/Versions/A/Frameworks/ATS.framework/Versions/A/ATS
0x000000000d799000 	/System/Library/Frameworks/ApplicationServices.framework/Versions/A/Frameworks/ColorSync.framework/Versions/A/ColorSync
0x000000000d799000 	/System/Library/Frameworks/ApplicationServices.framework/Versions/A/Frameworks/HIServices.framework/Versions/A/HIServices
0x000000000d799000 	/System/Library/Frameworks/ApplicationServices.framework/Versions/A/Frameworks/LangAnalysis.framework/Versions/A/LangAnalysis
0x000000000d799000 	/System/Library/Frameworks/ApplicationServices.framework/Versions/A/Frameworks/PrintCore.framework/Versions/A/PrintCore
0x000000000d799000 	/System/Library/Frameworks/ApplicationServices.framework/Versions/A/Frameworks/QD.framework/Versions/A/QD
0x000000000d799000 	/System/Library/Frameworks/ApplicationServices.framework/Versions/A/Frameworks/SpeechSynthesis.framework/Versions/A/SpeechSynthesis
0x000000000d799000 	/System/Library/Frameworks/Accelerate.framework/Versions/A/Accelerate
0x000000000d799000 	/System/Library/Frameworks/Accelerate.framework/Versions/A/Frameworks/vImage.framework/Versions/A/vImage
0x000000000d799000 	/System/Library/Frameworks/Accelerate.framework/Versions/A/Frameworks/vecLib.framework/Versions/A/vecLib
0x000000000d799000 	/System/Library/Frameworks/Accelerate.framework/Versions/A/Frameworks/vecLib.framework/Versions/A/libvDSP.dylib
0x000000000d799000 	/System/Library/Frameworks/Accelerate.framework/Versions/A/Frameworks/vecLib.framework/Versions/A/libvMisc.dylib
0x000000000d799000 	/System/Library/Frameworks/Accelerate.framework/Versions/A/Frameworks/vecLib.framework/Versions/A/libLAPACK.dylib
0x000000000d799000 	/System/Library/Frameworks/Accelerate.framework/Versions/A/Frameworks/vecLib.framework/Versions/A/libBLAS.dylib
0x000000000d799000 	/System/Library/Frameworks/Accelerate.framework/Versions/A/Frameworks/vecLib.framework/Versions/A/libLinearAlgebra.dylib
0x000000000d799000 	/System/Library/Frameworks/ApplicationServices.framework/Versions/A/Frameworks/ATS.framework/Versions/A/Resources/libFontParser.dylib
0x000000000d799000 	/System/Library/Frameworks/ApplicationServices.framework/Versions/A/Frameworks/ATS.framework/Versions/A/Resources/libFontRegistry.dylib
0x000000000d799000 	/System/Library/PrivateFrameworks/AppleVPA.framework/Versions/A/AppleVPA
0x000000000d799000 	/System/Library/PrivateFrameworks/AppleJPEG.framework/Versions/A/AppleJPEG
0x000000000d799000 	/System/Library/Frameworks/ImageIO.framework/Versions/A/Resources/libJPEG.dylib
0x000000000d799000 	/System/Library/Frameworks/ImageIO.framework/Versions/A/Resources/libTIFF.dylib
0x000000000d799000 	/System/Library/Frameworks/ImageIO.framework/Versions/A/Resources/libPng.dylib
0x000000000d799000 	/System/Library/Frameworks/ImageIO.framework/Versions/A/Resources/libGIF.dylib
0x000000000d799000 	/System/Library/Frameworks/ImageIO.framework/Versions/A/Resources/libJP2.dylib
0x000000000d799000 	/System/Library/Frameworks/ImageIO.framework/Versions/A/Resources/libRadiance.dylib
0x000000000d799000 	/System/Library/Frameworks/CoreVideo.framework/Versions/A/CoreVideo
0x000000000d799000 	/System/Library/Frameworks/OpenGL.framework/Versions/A/Libraries/libGLU.dylib
0x000000000d799000 	/System/Library/Frameworks/OpenGL.framework/Versions/A/Libraries/libGFXShared.dylib
0x000000000d799000 	/System/Library/Frameworks/OpenGL.framework/Versions/A/Libraries/libGL.dylib
0x000000000d799000 	/System/Library/Frameworks/OpenGL.framework/Versions/A/Libraries/libGLImage.dylib
0x000000000d799000 	/System/Library/Frameworks/OpenGL.framework/Versions/A/Libraries/libCVMSPluginSupport.dylib
0x000000000d799000 	/System/Library/Frameworks/OpenGL.framework/Versions/A/Libraries/libCoreVMClient.dylib
0x000000000d799000 	/usr/lib/libcups.2.dylib
0x000000000d799000 	/System/Library/Frameworks/Kerberos.framework/Versions/A/Kerberos
0x000000000d799000 	/System/Library/Frameworks/GSS.framework/Versions/A/GSS
0x000000000d799000 	/usr/lib/libresolv.9.dylib
0x000000000d799000 	/usr/lib/libiconv.2.dylib
0x000000000d799000 	/System/Library/PrivateFrameworks/Heimdal.framework/Versions/A/Heimdal
0x000000000d799000 	/usr/lib/libheimdal-asn1.dylib
0x000000000d799000 	/System/Library/Frameworks/OpenDirectory.framework/Versions/A/OpenDirectory
0x000000000d799000 	/System/Library/PrivateFrameworks/CommonAuth.framework/Versions/A/CommonAuth
0x000000000d799000 	/System/Library/Frameworks/OpenDirectory.framework/Versions/A/Frameworks/CFOpenDirectory.framework/Versions/A/CFOpenDirectory
0x000000000d799000 	/System/Library/Frameworks/SecurityFoundation.framework/Versions/A/SecurityFoundation
0x000000000d799000 	/System/Library/PrivateFrameworks/LanguageModeling.framework/Versions/A/LanguageModeling
0x000000000d799000 	/usr/lib/libcmph.dylib
0x000000000d799000 	/System/Library/Frameworks/ServiceManagement.framework/Versions/A/ServiceManagement
0x000000000d799000 	/usr/lib/libxslt.1.dylib
0x000000000d799000 	/System/Library/Frameworks/Carbon.framework/Versions/A/Frameworks/Ink.framework/Versions/A/Ink
0x000000000d799000 	/System/Library/Frameworks/QuartzCore.framework/Versions/A/Frameworks/CoreImage.framework/Versions/A/CoreImage
0x000000000d799000 	/System/Library/PrivateFrameworks/CrashReporterSupport.framework/Versions/A/CrashReporterSupport
0x000000000d799000 	/System/Library/Frameworks/OpenCL.framework/Versions/A/OpenCL
0x000000000d799000 	/System/Library/PrivateFrameworks/FaceCore.framework/Versions/A/FaceCore
0x000000000d799000 	/System/Library/PrivateFrameworks/Ubiquity.framework/Versions/A/Ubiquity
0x000000000d799000 	/System/Library/PrivateFrameworks/IconServices.framework/Versions/A/IconServices
0x000000000d799000 	/System/Library/PrivateFrameworks/ChunkingLibrary.framework/Versions/A/ChunkingLibrary
0x000000000d799000 	/System/Library/PrivateFrameworks/Apple80211.framework/Versions/A/Apple80211
0x000000000d799000 	/System/Library/Frameworks/CoreWLAN.framework/Versions/A/CoreWLAN
0x000000000d799000 	/System/Library/Frameworks/IOBluetooth.framework/Versions/A/IOBluetooth
0x000000000d799000 	/System/Library/PrivateFrameworks/CoreWiFi.framework/Versions/A/CoreWiFi
0x000000000d799000 	/System/Library/Frameworks/CoreBluetooth.framework/Versions/A/CoreBluetooth
0x000000000d799000 	/System/Library/PrivateFrameworks/DebugSymbols.framework/Versions/A/DebugSymbols
0x000000000d799000 	/System/Library/PrivateFrameworks/CoreSymbolication.framework/Versions/A/CoreSymbolication
0x000000000d799000 	/System/Library/PrivateFrameworks/Symbolication.framework/Versions/A/Symbolication
0x000000000d799000 	/System/Library/PrivateFrameworks/SpeechRecognitionCore.framework/Versions/A/SpeechRecognitionCore
0x000000010b800000 	/Library/Java/JavaVirtualMachines/jdk1.7.0_67.jdk/Contents/Home/jre/lib/server/libjvm.dylib
0x000000000d799000 	/usr/lib/libstdc++.6.dylib
0x000000010af72000 	/Library/Java/JavaVirtualMachines/jdk1.7.0_67.jdk/Contents/Home/jre/lib/libverify.dylib
0x000000010af7f000 	/Library/Java/JavaVirtualMachines/jdk1.7.0_67.jdk/Contents/Home/jre/lib/libjava.dylib
0x000000010afb9000 	/Library/Java/JavaVirtualMachines/jdk1.7.0_67.jdk/Contents/Home/jre/lib/libzip.dylib
0x0000000115aa3000 	/System/Library/Frameworks/JavaVM.framework/Frameworks/JavaRuntimeSupport.framework/JavaRuntimeSupport
0x0000000115abb000 	/System/Library/Frameworks/JavaVM.framework/Versions/A/Frameworks/JavaNativeFoundation.framework/Versions/A/JavaNativeFoundation
0x000000010afec000 	/System/Library/Frameworks/JavaVM.framework/Versions/A/JavaVM
0x000000000d799000 	/System/Library/Frameworks/Carbon.framework/Versions/A/Carbon
0x0000000115ad0000 	/System/Library/PrivateFrameworks/JavaLaunching.framework/Versions/A/JavaLaunching
0x000000000d799000 	/System/Library/Frameworks/Carbon.framework/Versions/A/Frameworks/CommonPanels.framework/Versions/A/CommonPanels
0x000000000d799000 	/System/Library/Frameworks/Carbon.framework/Versions/A/Frameworks/Help.framework/Versions/A/Help
0x000000000d799000 	/System/Library/Frameworks/Carbon.framework/Versions/A/Frameworks/ImageCapture.framework/Versions/A/ImageCapture
0x000000000d799000 	/System/Library/Frameworks/Carbon.framework/Versions/A/Frameworks/OpenScripting.framework/Versions/A/OpenScripting
0x000000000d799000 	/System/Library/Frameworks/Carbon.framework/Versions/A/Frameworks/Print.framework/Versions/A/Print
0x000000000d799000 	/System/Library/Frameworks/Carbon.framework/Versions/A/Frameworks/SecurityHI.framework/Versions/A/SecurityHI
0x0000000117a7d000 	/Applications/IntelliJ IDEA 14 CE.app/Contents/bin/libbreakgen64.jnilib
0x0000000117b83000 	/Library/Java/JavaVirtualMachines/jdk1.7.0_67.jdk/Contents/Home/jre/lib/libnet.dylib
0x0000000117c98000 	/Library/Java/JavaVirtualMachines/jdk1.7.0_67.jdk/Contents/Home/jre/lib/libawt.dylib
0x0000000117d47000 	/Library/Java/JavaVirtualMachines/jdk1.7.0_67.jdk/Contents/Home/jre/lib/./libmlib_image.dylib
0x0000000117e13000 	/Library/Java/JavaVirtualMachines/jdk1.7.0_67.jdk/Contents/Home/jre/lib/lwawt/liblwawt.dylib
0x0000000117ec7000 	/Library/Java/JavaVirtualMachines/jdk1.7.0_67.jdk/Contents/Home/jre/lib/libosxapp.dylib
0x000000000d799000 	/System/Library/Frameworks/ExceptionHandling.framework/Versions/A/ExceptionHandling
0x000000000d799000 	/System/Library/PrivateFrameworks/CoreServicesInternal.framework/Versions/A/CoreServicesInternal
0x000000000d799000 	/System/Library/PrivateFrameworks/CloudDocs.framework/Versions/A/CloudDocs
0x000000000d799000 	/System/Library/PrivateFrameworks/CoreDuet.framework/Versions/A/CoreDuet
0x000000000d799000 	/System/Library/Frameworks/CloudKit.framework/Versions/A/CloudKit
0x000000000d799000 	/System/Library/PrivateFrameworks/ProtocolBuffer.framework/Versions/A/ProtocolBuffer
0x000000000d799000 	/System/Library/PrivateFrameworks/CoreDuetDaemonProtocol.framework/Versions/A/CoreDuetDaemonProtocol
0x000000000d799000 	/System/Library/PrivateFrameworks/CoreDuetDebugLogging.framework/Versions/A/CoreDuetDebugLogging
0x000000000d799000 	/System/Library/Frameworks/CoreLocation.framework/Versions/A/CoreLocation
0x000000000d799000 	/System/Library/Frameworks/Accounts.framework/Versions/A/Accounts
0x000000000d799000 	/System/Library/PrivateFrameworks/ApplePushService.framework/Versions/A/ApplePushService
0x000000000d799000 	/System/Library/PrivateFrameworks/GeoServices.framework/Versions/A/GeoServices
0x000000000d799000 	/System/Library/PrivateFrameworks/OAuth.framework/Versions/A/OAuth
0x000000000d799000 	/System/Library/PrivateFrameworks/CoreDaemon.framework/Versions/B/CoreDaemon
0x000000000d799000 	/usr/lib/libcrypto.0.9.8.dylib
0x000000000d799000 	/System/Library/PrivateFrameworks/AppleSRP.framework/Versions/A/AppleSRP
0x000000000d799000 	/System/Library/PrivateFrameworks/TrustEvaluationAgent.framework/Versions/A/TrustEvaluationAgent
0x0000000119233000 	/System/Library/Frameworks/CoreGraphics.framework/Versions/A/Resources/libCGCMS.A.dylib
0x000000011a043000 	/System/Library/Frameworks/CoreGraphics.framework/Versions/A/Resources/libRIP.A.dylib
0x000000011a37e000 	/System/Library/Frameworks/CoreGraphics.framework/Versions/A/Resources/libCGXType.A.dylib
0x000000000d799000 	/System/Library/Frameworks/OpenCL.framework/Versions/A/Libraries/libcldcpuengine.dylib
0x000000000d799000 	/System/Library/PrivateFrameworks/DiskImages.framework/Versions/A/DiskImages
0x000000000d799000 	/System/Library/Frameworks/DiscRecording.framework/Versions/A/DiscRecording
0x000000000d799000 	/usr/lib/libcsfde.dylib
0x000000000d799000 	/usr/lib/libcurl.4.dylib
0x000000000d799000 	/System/Library/PrivateFrameworks/MediaKit.framework/Versions/A/MediaKit
0x000000000d799000 	/System/Library/PrivateFrameworks/ProtectedCloudStorage.framework/Versions/A/ProtectedCloudStorage
0x000000000d799000 	/usr/lib/libCoreStorage.dylib
0x000000000d799000 	/System/Library/PrivateFrameworks/EFILogin.framework/Versions/A/EFILogin
0x000000000d799000 	/usr/lib/libutil.dylib
0x000000000d799000 	/System/Library/PrivateFrameworks/FindMyDevice.framework/Versions/A/FindMyDevice
0x000000000d799000 	/System/Library/Frameworks/LDAP.framework/Versions/A/LDAP
0x000000000d799000 	/usr/lib/libsasl2.2.dylib
0x000000011adf1000 	cl_kernels
0x000000011adf3000 	/System/Library/Frameworks/OpenCL.framework/Versions/A/Libraries/ImageFormats/unorm8_bgra.dylib
0x000000011ade3000 	cl_kernels
0x000000000d799000 	/System/Library/PrivateFrameworks/FamilyControls.framework/Versions/A/FamilyControls
0x000000000d799000 	/System/Library/PrivateFrameworks/CommerceKit.framework/Versions/A/Frameworks/CommerceCore.framework/Versions/A/CommerceCore
0x000000000d799000 	/System/Library/PrivateFrameworks/SystemAdministration.framework/Versions/A/SystemAdministration
0x000000000d799000 	/System/Library/PrivateFrameworks/AppContainer.framework/Versions/A/AppContainer
0x000000000d799000 	/System/Library/PrivateFrameworks/SecCodeWrapper.framework/Versions/A/SecCodeWrapper
0x000000000d799000 	/System/Library/Frameworks/DirectoryService.framework/Versions/A/DirectoryService
0x000000000d799000 	/System/Library/PrivateFrameworks/LoginUIKit.framework/Versions/A/Frameworks/LoginUICore.framework/Versions/A/LoginUICore
0x000000000d799000 	/usr/lib/libodfde.dylib
0x000000011c077000 	/Library/Java/JavaVirtualMachines/jdk1.7.0_67.jdk/Contents/Home/jre/lib/libfontmanager.dylib
0x000000011c0de000 	/Development/Scala/Idea/tilde/lib/native/macosx/liblwjgl.jnilib
0x000000011a254000 	/Library/Java/JavaVirtualMachines/jdk1.7.0_67.jdk/Contents/Home/jre/lib/libjawt.dylib
0x000000011c1e0000 	/System/Library/Frameworks/OpenGL.framework/Resources/GLEngine.bundle/GLEngine
0x000000000d799000 	/System/Library/Frameworks/OpenGL.framework/Versions/A/Libraries/libGLProgrammability.dylib
0x0000000000000000 	/System/Library/Extensions/AppleIntelHD5000GraphicsGLDriver.bundle/Contents/MacOS/AppleIntelHD5000GraphicsGLDriver
0x000000000d799000 	/System/Library/PrivateFrameworks/IOAccelerator.framework/Versions/A/IOAccelerator
0x000000000d799000 	/System/Library/PrivateFrameworks/GPUSupport.framework/Versions/A/Libraries/libGPUSupportMercury.dylib
0x000000011c3cb000 	/System/Library/Frameworks/OpenGL.framework/Resources//GLRendererFloat.bundle/GLRendererFloat

VM Arguments:
jvm_args: -Djava.library.path=lib/native/macosx/ -Didea.launcher.port=7538 -Didea.launcher.bin.path=/Applications/IntelliJ IDEA 14 CE.app/Contents/bin -Dfile.encoding=UTF-8 
java_command: com.intellij.rt.execution.application.AppMain app.main.Main
Launcher Type: SUN_STANDARD

Environment Variables:
PATH=/usr/local/bin:/usr/bin:/bin:/usr/sbin:/sbin:/usr/local/git/bin
SHELL=/bin/bash

Signal Handlers:
SIGSEGV: [libjvm.dylib+0x52b6c9], sa_mask[0]=0xfffefeff, sa_flags=0x00000043
SIGBUS: [libjvm.dylib+0x52b6c9], sa_mask[0]=0xfffefeff, sa_flags=0x00000042
SIGFPE: [libjvm.dylib+0x41deaa], sa_mask[0]=0xfffefeff, sa_flags=0x00000042
SIGPIPE: [libjvm.dylib+0x41deaa], sa_mask[0]=0xfffefeff, sa_flags=0x00000042
SIGXFSZ: [libjvm.dylib+0x41deaa], sa_mask[0]=0xfffefeff, sa_flags=0x00000042
SIGILL: [libjvm.dylib+0x41deaa], sa_mask[0]=0xfffefeff, sa_flags=0x00000042
SIGUSR1: SIG_DFL, sa_mask[0]=0x00000000, sa_flags=0x00000000
SIGUSR2: [libjvm.dylib+0x41d99c], sa_mask[0]=0x00000004, sa_flags=0x00000042
SIGHUP: [libjvm.dylib+0x41bc2d], sa_mask[0]=0xfffefeff, sa_flags=0x00000042
SIGINT: [libjvm.dylib+0x41bc2d], sa_mask[0]=0xfffefeff, sa_flags=0x00000042
SIGTERM: [libjvm.dylib+0x41bc2d], sa_mask[0]=0xfffefeff, sa_flags=0x00000042
SIGQUIT: [libjvm.dylib+0x41bc2d], sa_mask[0]=0xfffefeff, sa_flags=0x00000042


---------------  S Y S T E M  ---------------

OS:Bsduname:Darwin 14.1.0 Darwin Kernel Version 14.1.0: Fri Dec  5 06:49:27 PST 2014; root:xnu-2782.10.67~9/RELEASE_X86_64 x86_64
rlimit: STACK 8192k, CORE 0k, NPROC 709, NOFILE 10240, AS infinity
load average:4.00 3.71 3.26

CPU:total 4 (2 cores per cpu, 2 threads per core) family 6 model 69 stepping 1, cmov, cx8, fxsr, mmx, sse, sse2, sse3, ssse3, sse4.1, sse4.2, popcnt, avx, avx2, aes, erms, ht, tsc, tscinvbit

Memory: 4k page, physical 8388608k(2097152k free)

/proc/meminfo:


vm_info: Java HotSpot(TM) 64-Bit Server VM (24.65-b04) for bsd-amd64 JRE (1.7.0_67-b01), built on Jul 25 2014 08:51:51 by "java_re" with gcc 4.2.1 (Based on Apple Inc. build 5658) (LLVM build 2336.11.00)

time: Sat Jan  3 18:16:40 2015
elapsed time: 29 seconds

